[0.010s] Invoking command in '/home/hzy/ArmorDetector/build/cpp08_armor_detector': CMAKE_PREFIX_PATH=${CMAKE_PREFIX_PATH}:/opt/ros/humble CONDA_PROMPT_MODIFIER=(base) /usr/bin/cmake --build /home/hzy/ArmorDetector/build/cpp08_armor_detector -- -j32 -l32
[0.055s] [  6%] Built target cpp08_armor_detector__rs
[0.055s] [  6%] Built target cpp08_armor_detector__cpp
[0.055s] [ 10%] Built target cpp08_armor_detector__rosidl_generator_c
[0.062s] [ 10%] Built target ament_cmake_python_copy_cpp08_armor_detector
[0.072s] [ 23%] Built target cpp08_armor_detector__rosidl_typesupport_cpp
[0.072s] [ 23%] Built target cpp08_armor_detector__rosidl_typesupport_introspection_cpp
[0.073s] [ 30%] Built target cpp08_armor_detector__rosidl_typesupport_fastrtps_cpp
[0.081s] [ 36%] Built target cpp08_armor_detector__rosidl_typesupport_introspection_c
[0.082s] [ 43%] Built target cpp08_armor_detector__rosidl_typesupport_c
[0.082s] [ 50%] Built target cpp08_armor_detector__rosidl_typesupport_fastrtps_c
[0.096s] [ 56%] Built target camera_node
[0.098s] [ 58%] [32mBuilding CXX object CMakeFiles/detect_node.dir/src/detect_node.cpp.o[0m
[0.099s] [ 58%] Built target cpp08_armor_detector
[0.115s] [ 60%] Built target cpp08_armor_detector__py
[0.135s] [ 65%] Built target cpp08_armor_detector__rosidl_generator_py
[0.153s] [ 78%] Built target cpp08_armor_detector__rosidl_typesupport_introspection_c__pyext
[0.153s] [ 78%] Built target cpp08_armor_detector__rosidl_typesupport_fastrtps_c__pyext
[0.153s] [ 78%] Built target cpp08_armor_detector__rosidl_typesupport_c__pyext
[0.189s] running egg_info
[0.189s] writing cpp08_armor_detector.egg-info/PKG-INFO
[0.189s] writing dependency_links to cpp08_armor_detector.egg-info/dependency_links.txt
[0.189s] writing top-level names to cpp08_armor_detector.egg-info/top_level.txt
[0.190s] reading manifest file 'cpp08_armor_detector.egg-info/SOURCES.txt'
[0.190s] writing manifest file 'cpp08_armor_detector.egg-info/SOURCES.txt'
[0.206s] [ 78%] Built target ament_cmake_python_build_cpp08_armor_detector_egg
[6.398s] [ 80%] [32m[1mLinking CXX executable detect_node[0m
[6.465s] /usr/bin/ld: warning: libopencv_imgproc.so.4.5d, needed by /opt/ros/humble/lib/libcv_bridge.so, may conflict with libopencv_imgproc.so.412
[6.465s] /usr/bin/ld: warning: libopencv_core.so.4.5d, needed by /opt/ros/humble/lib/libcv_bridge.so, may conflict with libopencv_core.so.412
[6.654s] [100%] Built target detect_node
[6.662s] Invoked command in '/home/hzy/ArmorDetector/build/cpp08_armor_detector' returned '0': CMAKE_PREFIX_PATH=${CMAKE_PREFIX_PATH}:/opt/ros/humble CONDA_PROMPT_MODIFIER=(base) /usr/bin/cmake --build /home/hzy/ArmorDetector/build/cpp08_armor_detector -- -j32 -l32
[6.664s] Invoking command in '/home/hzy/ArmorDetector/build/cpp08_armor_detector': CMAKE_PREFIX_PATH=${CMAKE_PREFIX_PATH}:/opt/ros/humble CONDA_PROMPT_MODIFIER=(base) /usr/bin/cmake --install /home/hzy/ArmorDetector/build/cpp08_armor_detector
[6.669s] -- Install configuration: ""
[6.669s] -- Up-to-date: /home/hzy/ArmorDetector/install/cpp08_armor_detector/share/ament_index/resource_index/rosidl_interfaces/cpp08_armor_detector
[6.670s] -- Up-to-date: /home/hzy/ArmorDetector/install/cpp08_armor_detector/include/cpp08_armor_detector/cpp08_armor_detector
[6.670s] -- Up-to-date: /home/hzy/ArmorDetector/install/cpp08_armor_detector/include/cpp08_armor_detector/cpp08_armor_detector/msg
[6.670s] -- Up-to-date: /home/hzy/ArmorDetector/install/cpp08_armor_detector/include/cpp08_armor_detector/cpp08_armor_detector/msg/detail
[6.670s] -- Up-to-date: /home/hzy/ArmorDetector/install/cpp08_armor_detector/include/cpp08_armor_detector/cpp08_armor_detector/msg/detail/armor_target__struct.h
[6.670s] -- Up-to-date: /home/hzy/ArmorDetector/install/cpp08_armor_detector/include/cpp08_armor_detector/cpp08_armor_detector/msg/detail/armor_target__functions.c
[6.670s] -- Up-to-date: /home/hzy/ArmorDetector/install/cpp08_armor_detector/include/cpp08_armor_detector/cpp08_armor_detector/msg/detail/armor_target__type_support.h
[6.670s] -- Up-to-date: /home/hzy/ArmorDetector/install/cpp08_armor_detector/include/cpp08_armor_detector/cpp08_armor_detector/msg/detail/armor_target__functions.h
[6.670s] -- Up-to-date: /home/hzy/ArmorDetector/install/cpp08_armor_detector/include/cpp08_armor_detector/cpp08_armor_detector/msg/rosidl_generator_c__visibility_control.h
[6.670s] -- Up-to-date: /home/hzy/ArmorDetector/install/cpp08_armor_detector/include/cpp08_armor_detector/cpp08_armor_detector/msg/armor_target.h
[6.670s] -- Up-to-date: /home/hzy/ArmorDetector/install/cpp08_armor_detector/share/cpp08_armor_detector/environment/library_path.sh
[6.670s] -- Up-to-date: /home/hzy/ArmorDetector/install/cpp08_armor_detector/share/cpp08_armor_detector/environment/library_path.dsv
[6.670s] -- Up-to-date: /home/hzy/ArmorDetector/install/cpp08_armor_detector/lib/libcpp08_armor_detector__rosidl_generator_c.so
[6.670s] -- Up-to-date: /home/hzy/ArmorDetector/install/cpp08_armor_detector/include/cpp08_armor_detector/cpp08_armor_detector
[6.670s] -- Up-to-date: /home/hzy/ArmorDetector/install/cpp08_armor_detector/include/cpp08_armor_detector/cpp08_armor_detector/msg
[6.670s] -- Up-to-date: /home/hzy/ArmorDetector/install/cpp08_armor_detector/include/cpp08_armor_detector/cpp08_armor_detector/msg/detail
[6.670s] -- Up-to-date: /home/hzy/ArmorDetector/install/cpp08_armor_detector/include/cpp08_armor_detector/cpp08_armor_detector/msg/detail/armor_target__rosidl_typesupport_fastrtps_c.h
[6.670s] -- Up-to-date: /home/hzy/ArmorDetector/install/cpp08_armor_detector/include/cpp08_armor_detector/cpp08_armor_detector/msg/rosidl_typesupport_fastrtps_c__visibility_control.h
[6.670s] -- Up-to-date: /home/hzy/ArmorDetector/install/cpp08_armor_detector/lib/libcpp08_armor_detector__rosidl_typesupport_fastrtps_c.so
[6.670s] -- Up-to-date: /home/hzy/ArmorDetector/install/cpp08_armor_detector/include/cpp08_armor_detector/cpp08_armor_detector
[6.670s] -- Up-to-date: /home/hzy/ArmorDetector/install/cpp08_armor_detector/include/cpp08_armor_detector/cpp08_armor_detector/msg
[6.670s] -- Up-to-date: /home/hzy/ArmorDetector/install/cpp08_armor_detector/include/cpp08_armor_detector/cpp08_armor_detector/msg/detail
[6.670s] -- Up-to-date: /home/hzy/ArmorDetector/install/cpp08_armor_detector/include/cpp08_armor_detector/cpp08_armor_detector/msg/detail/armor_target__builder.hpp
[6.670s] -- Up-to-date: /home/hzy/ArmorDetector/install/cpp08_armor_detector/include/cpp08_armor_detector/cpp08_armor_detector/msg/detail/armor_target__type_support.hpp
[6.671s] -- Up-to-date: /home/hzy/ArmorDetector/install/cpp08_armor_detector/include/cpp08_armor_detector/cpp08_armor_detector/msg/detail/armor_target__traits.hpp
[6.671s] -- Up-to-date: /home/hzy/ArmorDetector/install/cpp08_armor_detector/include/cpp08_armor_detector/cpp08_armor_detector/msg/detail/armor_target__struct.hpp
[6.671s] -- Up-to-date: /home/hzy/ArmorDetector/install/cpp08_armor_detector/include/cpp08_armor_detector/cpp08_armor_detector/msg/armor_target.hpp
[6.671s] -- Up-to-date: /home/hzy/ArmorDetector/install/cpp08_armor_detector/include/cpp08_armor_detector/cpp08_armor_detector/msg/rosidl_generator_cpp__visibility_control.hpp
[6.671s] -- Up-to-date: /home/hzy/ArmorDetector/install/cpp08_armor_detector/include/cpp08_armor_detector/cpp08_armor_detector
[6.671s] -- Up-to-date: /home/hzy/ArmorDetector/install/cpp08_armor_detector/include/cpp08_armor_detector/cpp08_armor_detector/msg
[6.671s] -- Up-to-date: /home/hzy/ArmorDetector/install/cpp08_armor_detector/include/cpp08_armor_detector/cpp08_armor_detector/msg/detail
[6.671s] -- Up-to-date: /home/hzy/ArmorDetector/install/cpp08_armor_detector/include/cpp08_armor_detector/cpp08_armor_detector/msg/detail/armor_target__rosidl_typesupport_fastrtps_cpp.hpp
[6.671s] -- Up-to-date: /home/hzy/ArmorDetector/install/cpp08_armor_detector/include/cpp08_armor_detector/cpp08_armor_detector/msg/detail/dds_fastrtps
[6.671s] -- Up-to-date: /home/hzy/ArmorDetector/install/cpp08_armor_detector/include/cpp08_armor_detector/cpp08_armor_detector/msg/rosidl_typesupport_fastrtps_cpp__visibility_control.h
[6.671s] -- Up-to-date: /home/hzy/ArmorDetector/install/cpp08_armor_detector/lib/libcpp08_armor_detector__rosidl_typesupport_fastrtps_cpp.so
[6.671s] -- Up-to-date: /home/hzy/ArmorDetector/install/cpp08_armor_detector/include/cpp08_armor_detector/cpp08_armor_detector
[6.671s] -- Up-to-date: /home/hzy/ArmorDetector/install/cpp08_armor_detector/include/cpp08_armor_detector/cpp08_armor_detector/msg
[6.671s] -- Up-to-date: /home/hzy/ArmorDetector/install/cpp08_armor_detector/include/cpp08_armor_detector/cpp08_armor_detector/msg/rosidl_typesupport_introspection_c__visibility_control.h
[6.671s] -- Up-to-date: /home/hzy/ArmorDetector/install/cpp08_armor_detector/include/cpp08_armor_detector/cpp08_armor_detector/msg/detail
[6.671s] -- Up-to-date: /home/hzy/ArmorDetector/install/cpp08_armor_detector/include/cpp08_armor_detector/cpp08_armor_detector/msg/detail/armor_target__type_support.c
[6.671s] -- Up-to-date: /home/hzy/ArmorDetector/install/cpp08_armor_detector/include/cpp08_armor_detector/cpp08_armor_detector/msg/detail/armor_target__rosidl_typesupport_introspection_c.h
[6.671s] -- Up-to-date: /home/hzy/ArmorDetector/install/cpp08_armor_detector/lib/libcpp08_armor_detector__rosidl_typesupport_introspection_c.so
[6.671s] -- Up-to-date: /home/hzy/ArmorDetector/install/cpp08_armor_detector/lib/libcpp08_armor_detector__rosidl_typesupport_c.so
[6.671s] -- Up-to-date: /home/hzy/ArmorDetector/install/cpp08_armor_detector/include/cpp08_armor_detector/cpp08_armor_detector
[6.671s] -- Up-to-date: /home/hzy/ArmorDetector/install/cpp08_armor_detector/include/cpp08_armor_detector/cpp08_armor_detector/msg
[6.671s] -- Up-to-date: /home/hzy/ArmorDetector/install/cpp08_armor_detector/include/cpp08_armor_detector/cpp08_armor_detector/msg/detail
[6.671s] -- Up-to-date: /home/hzy/ArmorDetector/install/cpp08_armor_detector/include/cpp08_armor_detector/cpp08_armor_detector/msg/detail/armor_target__type_support.cpp
[6.671s] -- Up-to-date: /home/hzy/ArmorDetector/install/cpp08_armor_detector/include/cpp08_armor_detector/cpp08_armor_detector/msg/detail/armor_target__rosidl_typesupport_introspection_cpp.hpp
[6.671s] -- Up-to-date: /home/hzy/ArmorDetector/install/cpp08_armor_detector/lib/libcpp08_armor_detector__rosidl_typesupport_introspection_cpp.so
[6.671s] -- Up-to-date: /home/hzy/ArmorDetector/install/cpp08_armor_detector/lib/libcpp08_armor_detector__rosidl_typesupport_cpp.so
[6.671s] -- Up-to-date: /home/hzy/ArmorDetector/install/cpp08_armor_detector/share/cpp08_armor_detector/environment/pythonpath.sh
[6.671s] -- Up-to-date: /home/hzy/ArmorDetector/install/cpp08_armor_detector/share/cpp08_armor_detector/environment/pythonpath.dsv
[6.671s] -- Up-to-date: /home/hzy/ArmorDetector/install/cpp08_armor_detector/local/lib/python3.10/dist-packages/cpp08_armor_detector-0.0.0-py3.10.egg-info
[6.672s] -- Installing: /home/hzy/ArmorDetector/install/cpp08_armor_detector/local/lib/python3.10/dist-packages/cpp08_armor_detector-0.0.0-py3.10.egg-info/top_level.txt
[6.672s] -- Installing: /home/hzy/ArmorDetector/install/cpp08_armor_detector/local/lib/python3.10/dist-packages/cpp08_armor_detector-0.0.0-py3.10.egg-info/dependency_links.txt
[6.672s] -- Installing: /home/hzy/ArmorDetector/install/cpp08_armor_detector/local/lib/python3.10/dist-packages/cpp08_armor_detector-0.0.0-py3.10.egg-info/PKG-INFO
[6.672s] -- Installing: /home/hzy/ArmorDetector/install/cpp08_armor_detector/local/lib/python3.10/dist-packages/cpp08_armor_detector-0.0.0-py3.10.egg-info/SOURCES.txt
[6.672s] -- Up-to-date: /home/hzy/ArmorDetector/install/cpp08_armor_detector/local/lib/python3.10/dist-packages/cpp08_armor_detector
[6.672s] -- Up-to-date: /home/hzy/ArmorDetector/install/cpp08_armor_detector/local/lib/python3.10/dist-packages/cpp08_armor_detector/cpp08_armor_detector_s__rosidl_typesupport_fastrtps_c.cpython-310-x86_64-linux-gnu.so
[6.672s] -- Up-to-date: /home/hzy/ArmorDetector/install/cpp08_armor_detector/local/lib/python3.10/dist-packages/cpp08_armor_detector/_cpp08_armor_detector_s.ep.rosidl_typesupport_c.c
[6.672s] -- Up-to-date: /home/hzy/ArmorDetector/install/cpp08_armor_detector/local/lib/python3.10/dist-packages/cpp08_armor_detector/libcpp08_armor_detector__rosidl_generator_py.so
[6.672s] -- Up-to-date: /home/hzy/ArmorDetector/install/cpp08_armor_detector/local/lib/python3.10/dist-packages/cpp08_armor_detector/cpp08_armor_detector_s__rosidl_typesupport_c.cpython-310-x86_64-linux-gnu.so
[6.672s] -- Up-to-date: /home/hzy/ArmorDetector/install/cpp08_armor_detector/local/lib/python3.10/dist-packages/cpp08_armor_detector/_cpp08_armor_detector_s.ep.rosidl_typesupport_fastrtps_c.c
[6.672s] -- Up-to-date: /home/hzy/ArmorDetector/install/cpp08_armor_detector/local/lib/python3.10/dist-packages/cpp08_armor_detector/__init__.py
[6.672s] -- Up-to-date: /home/hzy/ArmorDetector/install/cpp08_armor_detector/local/lib/python3.10/dist-packages/cpp08_armor_detector/msg
[6.672s] -- Up-to-date: /home/hzy/ArmorDetector/install/cpp08_armor_detector/local/lib/python3.10/dist-packages/cpp08_armor_detector/msg/_armor_target_s.c
[6.672s] -- Up-to-date: /home/hzy/ArmorDetector/install/cpp08_armor_detector/local/lib/python3.10/dist-packages/cpp08_armor_detector/msg/__init__.py
[6.672s] -- Up-to-date: /home/hzy/ArmorDetector/install/cpp08_armor_detector/local/lib/python3.10/dist-packages/cpp08_armor_detector/msg/_armor_target.py
[6.672s] -- Up-to-date: /home/hzy/ArmorDetector/install/cpp08_armor_detector/local/lib/python3.10/dist-packages/cpp08_armor_detector/cpp08_armor_detector_s__rosidl_typesupport_introspection_c.cpython-310-x86_64-linux-gnu.so
[6.672s] -- Up-to-date: /home/hzy/ArmorDetector/install/cpp08_armor_detector/local/lib/python3.10/dist-packages/cpp08_armor_detector/_cpp08_armor_detector_s.ep.rosidl_typesupport_introspection_c.c
[6.690s] Listing '/home/hzy/ArmorDetector/install/cpp08_armor_detector/local/lib/python3.10/dist-packages/cpp08_armor_detector'...
[6.690s] Listing '/home/hzy/ArmorDetector/install/cpp08_armor_detector/local/lib/python3.10/dist-packages/cpp08_armor_detector/msg'...
[6.693s] -- Up-to-date: /home/hzy/ArmorDetector/install/cpp08_armor_detector/local/lib/python3.10/dist-packages/cpp08_armor_detector/cpp08_armor_detector_s__rosidl_typesupport_fastrtps_c.cpython-310-x86_64-linux-gnu.so
[6.693s] -- Up-to-date: /home/hzy/ArmorDetector/install/cpp08_armor_detector/local/lib/python3.10/dist-packages/cpp08_armor_detector/cpp08_armor_detector_s__rosidl_typesupport_introspection_c.cpython-310-x86_64-linux-gnu.so
[6.693s] -- Up-to-date: /home/hzy/ArmorDetector/install/cpp08_armor_detector/local/lib/python3.10/dist-packages/cpp08_armor_detector/cpp08_armor_detector_s__rosidl_typesupport_c.cpython-310-x86_64-linux-gnu.so
[6.693s] -- Up-to-date: /home/hzy/ArmorDetector/install/cpp08_armor_detector/lib/libcpp08_armor_detector__rosidl_generator_py.so
[6.693s] -- Up-to-date: /home/hzy/ArmorDetector/install/cpp08_armor_detector/share/ament_index/resource_index/rust_packages/cpp08_armor_detector
[6.693s] -- Up-to-date: /home/hzy/ArmorDetector/install/cpp08_armor_detector/share/cpp08_armor_detector/rust
[6.693s] -- Up-to-date: /home/hzy/ArmorDetector/install/cpp08_armor_detector/share/cpp08_armor_detector/rust/src
[6.693s] -- Up-to-date: /home/hzy/ArmorDetector/install/cpp08_armor_detector/share/cpp08_armor_detector/rust/src/msg.rs
[6.693s] -- Up-to-date: /home/hzy/ArmorDetector/install/cpp08_armor_detector/share/cpp08_armor_detector/rust/src/msg
[6.693s] -- Up-to-date: /home/hzy/ArmorDetector/install/cpp08_armor_detector/share/cpp08_armor_detector/rust/src/msg/rmw.rs
[6.693s] -- Up-to-date: /home/hzy/ArmorDetector/install/cpp08_armor_detector/share/cpp08_armor_detector/rust/src/lib.rs
[6.693s] -- Up-to-date: /home/hzy/ArmorDetector/install/cpp08_armor_detector/share/cpp08_armor_detector/rust/build.rs
[6.693s] -- Up-to-date: /home/hzy/ArmorDetector/install/cpp08_armor_detector/share/cpp08_armor_detector/rust/Cargo.toml
[6.693s] -- Up-to-date: /home/hzy/ArmorDetector/install/cpp08_armor_detector/share/cpp08_armor_detector/msg/ArmorTarget.idl
[6.693s] -- Up-to-date: /home/hzy/ArmorDetector/install/cpp08_armor_detector/share/cpp08_armor_detector/msg/ArmorTarget.msg
[6.693s] -- Up-to-date: /home/hzy/ArmorDetector/install/cpp08_armor_detector/lib/cpp08_armor_detector/camera_node
[6.694s] -- Installing: /home/hzy/ArmorDetector/install/cpp08_armor_detector/lib/cpp08_armor_detector/detect_node
[6.695s] -- Set runtime path of "/home/hzy/ArmorDetector/install/cpp08_armor_detector/lib/cpp08_armor_detector/detect_node" to ""
[6.695s] -- Up-to-date: /home/hzy/ArmorDetector/install/cpp08_armor_detector/share/cpp08_armor_detector/launch
[6.695s] -- Up-to-date: /home/hzy/ArmorDetector/install/cpp08_armor_detector/share/cpp08_armor_detector/launch/armor_launch.py
[6.695s] -- Up-to-date: /home/hzy/ArmorDetector/install/cpp08_armor_detector/share/cpp08_armor_detector/launch/armor_camera_launch.py
[6.695s] -- Up-to-date: /home/hzy/ArmorDetector/install/cpp08_armor_detector/share/cpp08_armor_detector/launch/armor_launch_galaxy.py
[6.695s] -- Up-to-date: /home/hzy/ArmorDetector/install/cpp08_armor_detector/share/ament_index/resource_index/package_run_dependencies/cpp08_armor_detector
[6.695s] -- Up-to-date: /home/hzy/ArmorDetector/install/cpp08_armor_detector/share/ament_index/resource_index/parent_prefix_path/cpp08_armor_detector
[6.695s] -- Up-to-date: /home/hzy/ArmorDetector/install/cpp08_armor_detector/share/cpp08_armor_detector/environment/ament_prefix_path.sh
[6.695s] -- Up-to-date: /home/hzy/ArmorDetector/install/cpp08_armor_detector/share/cpp08_armor_detector/environment/ament_prefix_path.dsv
[6.695s] -- Up-to-date: /home/hzy/ArmorDetector/install/cpp08_armor_detector/share/cpp08_armor_detector/environment/path.sh
[6.695s] -- Up-to-date: /home/hzy/ArmorDetector/install/cpp08_armor_detector/share/cpp08_armor_detector/environment/path.dsv
[6.695s] -- Up-to-date: /home/hzy/ArmorDetector/install/cpp08_armor_detector/share/cpp08_armor_detector/local_setup.bash
[6.695s] -- Up-to-date: /home/hzy/ArmorDetector/install/cpp08_armor_detector/share/cpp08_armor_detector/local_setup.sh
[6.695s] -- Up-to-date: /home/hzy/ArmorDetector/install/cpp08_armor_detector/share/cpp08_armor_detector/local_setup.zsh
[6.695s] -- Up-to-date: /home/hzy/ArmorDetector/install/cpp08_armor_detector/share/cpp08_armor_detector/local_setup.dsv
[6.695s] -- Installing: /home/hzy/ArmorDetector/install/cpp08_armor_detector/share/cpp08_armor_detector/package.dsv
[6.695s] -- Up-to-date: /home/hzy/ArmorDetector/install/cpp08_armor_detector/share/ament_index/resource_index/packages/cpp08_armor_detector
[6.695s] -- Up-to-date: /home/hzy/ArmorDetector/install/cpp08_armor_detector/share/cpp08_armor_detector/cmake/export_cpp08_armor_detector__rosidl_generator_cExport.cmake
[6.695s] -- Up-to-date: /home/hzy/ArmorDetector/install/cpp08_armor_detector/share/cpp08_armor_detector/cmake/export_cpp08_armor_detector__rosidl_generator_cExport-noconfig.cmake
[6.695s] -- Up-to-date: /home/hzy/ArmorDetector/install/cpp08_armor_detector/share/cpp08_armor_detector/cmake/export_cpp08_armor_detector__rosidl_typesupport_fastrtps_cExport.cmake
[6.696s] -- Up-to-date: /home/hzy/ArmorDetector/install/cpp08_armor_detector/share/cpp08_armor_detector/cmake/export_cpp08_armor_detector__rosidl_typesupport_fastrtps_cExport-noconfig.cmake
[6.696s] -- Up-to-date: /home/hzy/ArmorDetector/install/cpp08_armor_detector/share/cpp08_armor_detector/cmake/export_cpp08_armor_detector__rosidl_generator_cppExport.cmake
[6.696s] -- Up-to-date: /home/hzy/ArmorDetector/install/cpp08_armor_detector/share/cpp08_armor_detector/cmake/export_cpp08_armor_detector__rosidl_typesupport_fastrtps_cppExport.cmake
[6.696s] -- Up-to-date: /home/hzy/ArmorDetector/install/cpp08_armor_detector/share/cpp08_armor_detector/cmake/export_cpp08_armor_detector__rosidl_typesupport_fastrtps_cppExport-noconfig.cmake
[6.696s] -- Up-to-date: /home/hzy/ArmorDetector/install/cpp08_armor_detector/share/cpp08_armor_detector/cmake/cpp08_armor_detector__rosidl_typesupport_introspection_cExport.cmake
[6.696s] -- Up-to-date: /home/hzy/ArmorDetector/install/cpp08_armor_detector/share/cpp08_armor_detector/cmake/cpp08_armor_detector__rosidl_typesupport_introspection_cExport-noconfig.cmake
[6.696s] -- Up-to-date: /home/hzy/ArmorDetector/install/cpp08_armor_detector/share/cpp08_armor_detector/cmake/cpp08_armor_detector__rosidl_typesupport_cExport.cmake
[6.696s] -- Up-to-date: /home/hzy/ArmorDetector/install/cpp08_armor_detector/share/cpp08_armor_detector/cmake/cpp08_armor_detector__rosidl_typesupport_cExport-noconfig.cmake
[6.696s] -- Up-to-date: /home/hzy/ArmorDetector/install/cpp08_armor_detector/share/cpp08_armor_detector/cmake/cpp08_armor_detector__rosidl_typesupport_introspection_cppExport.cmake
[6.696s] -- Up-to-date: /home/hzy/ArmorDetector/install/cpp08_armor_detector/share/cpp08_armor_detector/cmake/cpp08_armor_detector__rosidl_typesupport_introspection_cppExport-noconfig.cmake
[6.696s] -- Up-to-date: /home/hzy/ArmorDetector/install/cpp08_armor_detector/share/cpp08_armor_detector/cmake/cpp08_armor_detector__rosidl_typesupport_cppExport.cmake
[6.696s] -- Up-to-date: /home/hzy/ArmorDetector/install/cpp08_armor_detector/share/cpp08_armor_detector/cmake/cpp08_armor_detector__rosidl_typesupport_cppExport-noconfig.cmake
[6.696s] -- Up-to-date: /home/hzy/ArmorDetector/install/cpp08_armor_detector/share/cpp08_armor_detector/cmake/export_cpp08_armor_detector__rosidl_generator_pyExport.cmake
[6.696s] -- Up-to-date: /home/hzy/ArmorDetector/install/cpp08_armor_detector/share/cpp08_armor_detector/cmake/export_cpp08_armor_detector__rosidl_generator_pyExport-noconfig.cmake
[6.696s] -- Up-to-date: /home/hzy/ArmorDetector/install/cpp08_armor_detector/share/cpp08_armor_detector/cmake/rosidl_cmake-extras.cmake
[6.696s] -- Up-to-date: /home/hzy/ArmorDetector/install/cpp08_armor_detector/share/cpp08_armor_detector/cmake/ament_cmake_export_dependencies-extras.cmake
[6.696s] -- Up-to-date: /home/hzy/ArmorDetector/install/cpp08_armor_detector/share/cpp08_armor_detector/cmake/ament_cmake_export_include_directories-extras.cmake
[6.696s] -- Up-to-date: /home/hzy/ArmorDetector/install/cpp08_armor_detector/share/cpp08_armor_detector/cmake/ament_cmake_export_libraries-extras.cmake
[6.696s] -- Up-to-date: /home/hzy/ArmorDetector/install/cpp08_armor_detector/share/cpp08_armor_detector/cmake/ament_cmake_export_targets-extras.cmake
[6.696s] -- Up-to-date: /home/hzy/ArmorDetector/install/cpp08_armor_detector/share/cpp08_armor_detector/cmake/rosidl_cmake_export_typesupport_targets-extras.cmake
[6.696s] -- Up-to-date: /home/hzy/ArmorDetector/install/cpp08_armor_detector/share/cpp08_armor_detector/cmake/rosidl_cmake_export_typesupport_libraries-extras.cmake
[6.696s] -- Up-to-date: /home/hzy/ArmorDetector/install/cpp08_armor_detector/share/cpp08_armor_detector/cmake/cpp08_armor_detectorConfig.cmake
[6.696s] -- Up-to-date: /home/hzy/ArmorDetector/install/cpp08_armor_detector/share/cpp08_armor_detector/cmake/cpp08_armor_detectorConfig-version.cmake
[6.696s] -- Up-to-date: /home/hzy/ArmorDetector/install/cpp08_armor_detector/share/cpp08_armor_detector/package.xml
[6.698s] Invoked command in '/home/hzy/ArmorDetector/build/cpp08_armor_detector' returned '0': CMAKE_PREFIX_PATH=${CMAKE_PREFIX_PATH}:/opt/ros/humble CONDA_PROMPT_MODIFIER=(base) /usr/bin/cmake --install /home/hzy/ArmorDetector/build/cpp08_armor_detector
