[0.010s] Invoking command in '/home/hzy/ArmorDetector/build/galaxy_camera': CMAKE_PREFIX_PATH=${CMAKE_PREFIX_PATH}:/opt/ros/humble CONDA_PROMPT_MODIFIER=(base) /usr/bin/cmake --build /home/hzy/ArmorDetector/build/galaxy_camera -- -j32 -l32
[0.044s] [35m[1mConsolidate compiler generated dependencies of target galaxy_camera_node[0m
[0.045s] [35m[1mConsolidate compiler generated dependencies of target galaxy_camera[0m
[0.059s] [ 50%] Built target galaxy_camera_node
[0.060s] [100%] Built target galaxy_camera
[0.079s] Invoked command in '/home/hzy/ArmorDetector/build/galaxy_camera' returned '0': CMAKE_PREFIX_PATH=${CMAKE_PREFIX_PATH}:/opt/ros/humble CONDA_PROMPT_MODIFIER=(base) /usr/bin/cmake --build /home/hzy/ArmorDetector/build/galaxy_camera -- -j32 -l32
[0.080s] Invoking command in '/home/hzy/ArmorDetector/build/galaxy_camera': CMAKE_PREFIX_PATH=${CMAKE_PREFIX_PATH}:/opt/ros/humble CONDA_PROMPT_MODIFIER=(base) /usr/bin/cmake --install /home/hzy/ArmorDetector/build/galaxy_camera
[0.086s] -- Install configuration: ""
[0.086s] -- Up-to-date: /home/hzy/ArmorDetector/install/galaxy_camera/lib
[0.087s] -- Up-to-date: /home/hzy/ArmorDetector/install/galaxy_camera/lib/libgxiapi.so
[0.087s] -- Up-to-date: /home/hzy/ArmorDetector/install/galaxy_camera/lib/GxU3VTL.cti
[0.087s] -- Up-to-date: /home/hzy/ArmorDetector/install/galaxy_camera/lib/bc4b08373788f18282ff1e747a98dd6c21a8b629.cache
[0.087s] -- Up-to-date: /home/hzy/ArmorDetector/install/galaxy_camera/lib/GxGVTL.cti
[0.087s] -- Up-to-date: /home/hzy/ArmorDetector/install/galaxy_camera/lib/galaxy_camera/galaxy_camera_node
[0.087s] -- Up-to-date: /home/hzy/ArmorDetector/install/galaxy_camera/share/galaxy_camera/environment/library_path.sh
[0.087s] -- Up-to-date: /home/hzy/ArmorDetector/install/galaxy_camera/share/galaxy_camera/environment/library_path.dsv
[0.087s] -- Up-to-date: /home/hzy/ArmorDetector/install/galaxy_camera/lib/libgalaxy_camera.so
[0.087s] -- Up-to-date: /home/hzy/ArmorDetector/install/galaxy_camera/share/galaxy_camera/config
[0.087s] -- Up-to-date: /home/hzy/ArmorDetector/install/galaxy_camera/share/galaxy_camera/config/camera_params.yaml
[0.087s] -- Up-to-date: /home/hzy/ArmorDetector/install/galaxy_camera/share/galaxy_camera/config/camera_info.yaml
[0.087s] -- Up-to-date: /home/hzy/ArmorDetector/install/galaxy_camera/share/galaxy_camera/launch
[0.087s] -- Up-to-date: /home/hzy/ArmorDetector/install/galaxy_camera/share/galaxy_camera/launch/galaxy_camera.launch.py
[0.087s] -- Up-to-date: /home/hzy/ArmorDetector/install/galaxy_camera/share/ament_index/resource_index/package_run_dependencies/galaxy_camera
[0.087s] -- Up-to-date: /home/hzy/ArmorDetector/install/galaxy_camera/share/ament_index/resource_index/parent_prefix_path/galaxy_camera
[0.087s] -- Up-to-date: /home/hzy/ArmorDetector/install/galaxy_camera/share/galaxy_camera/environment/ament_prefix_path.sh
[0.087s] -- Up-to-date: /home/hzy/ArmorDetector/install/galaxy_camera/share/galaxy_camera/environment/ament_prefix_path.dsv
[0.087s] -- Up-to-date: /home/hzy/ArmorDetector/install/galaxy_camera/share/galaxy_camera/environment/path.sh
[0.087s] -- Up-to-date: /home/hzy/ArmorDetector/install/galaxy_camera/share/galaxy_camera/environment/path.dsv
[0.087s] -- Up-to-date: /home/hzy/ArmorDetector/install/galaxy_camera/share/galaxy_camera/local_setup.bash
[0.087s] -- Up-to-date: /home/hzy/ArmorDetector/install/galaxy_camera/share/galaxy_camera/local_setup.sh
[0.087s] -- Up-to-date: /home/hzy/ArmorDetector/install/galaxy_camera/share/galaxy_camera/local_setup.zsh
[0.088s] -- Up-to-date: /home/hzy/ArmorDetector/install/galaxy_camera/share/galaxy_camera/local_setup.dsv
[0.088s] -- Installing: /home/hzy/ArmorDetector/install/galaxy_camera/share/galaxy_camera/package.dsv
[0.088s] -- Up-to-date: /home/hzy/ArmorDetector/install/galaxy_camera/share/ament_index/resource_index/packages/galaxy_camera
[0.088s] -- Up-to-date: /home/hzy/ArmorDetector/install/galaxy_camera/share/ament_index/resource_index/rclcpp_components/galaxy_camera
[0.088s] -- Up-to-date: /home/hzy/ArmorDetector/install/galaxy_camera/share/galaxy_camera/cmake/ament_cmake_export_dependencies-extras.cmake
[0.088s] -- Up-to-date: /home/hzy/ArmorDetector/install/galaxy_camera/share/galaxy_camera/cmake/ament_cmake_export_libraries-extras.cmake
[0.088s] -- Up-to-date: /home/hzy/ArmorDetector/install/galaxy_camera/share/galaxy_camera/cmake/galaxy_cameraConfig.cmake
[0.088s] -- Up-to-date: /home/hzy/ArmorDetector/install/galaxy_camera/share/galaxy_camera/cmake/galaxy_cameraConfig-version.cmake
[0.089s] -- Up-to-date: /home/hzy/ArmorDetector/install/galaxy_camera/share/galaxy_camera/package.xml
[0.100s] Invoked command in '/home/hzy/ArmorDetector/build/galaxy_camera' returned '0': CMAKE_PREFIX_PATH=${CMAKE_PREFIX_PATH}:/opt/ros/humble CONDA_PROMPT_MODIFIER=(base) /usr/bin/cmake --install /home/hzy/ArmorDetector/build/galaxy_camera
