[0.050s] DEBUG:colcon:Command line arguments: ['/usr/bin/colcon', 'build']
[0.050s] DEBUG:colcon:Parsed command line arguments: Namespace(log_base=None, log_level=None, verb_name='build', build_base='build', install_base='install', merge_install=False, symlink_install=False, test_result_base=None, continue_on_error=False, executor='parallel', parallel_workers=32, event_handlers=None, ignore_user_meta=False, metas=['./colcon.meta'], base_paths=['.'], packages_ignore=None, packages_ignore_regex=None, paths=None, packages_up_to=None, packages_up_to_regex=None, packages_above=None, packages_above_and_dependencies=None, packages_above_depth=None, packages_select_by_dep=None, packages_skip_by_dep=None, packages_skip_up_to=None, packages_select_build_failed=False, packages_skip_build_finished=False, packages_select_test_failures=False, packages_skip_test_passed=False, packages_select=None, packages_skip=None, packages_select_regex=None, packages_skip_regex=None, packages_start=None, packages_end=None, allow_overriding=[], cmake_args=None, cmake_target=None, cmake_target_skip_unavailable=False, cmake_clean_cache=False, cmake_clean_first=False, cmake_force_configure=False, ament_cmake_args=None, catkin_cmake_args=None, catkin_skip_building_tests=False, verb_parser=<colcon_defaults.argument_parser.defaults.DefaultArgumentsDecorator object at 0x7e7ab5d37e50>, verb_extension=<colcon_core.verb.build.BuildVerb object at 0x7e7ab5d37910>, main=<bound method BuildVerb.main of <colcon_core.verb.build.BuildVerb object at 0x7e7ab5d37910>>)
[0.121s] Level 1:colcon.colcon_core.package_discovery:discover_packages(colcon_meta) check parameters
[0.121s] Level 1:colcon.colcon_core.package_discovery:discover_packages(recursive) check parameters
[0.121s] Level 1:colcon.colcon_core.package_discovery:discover_packages(ignore) check parameters
[0.121s] Level 1:colcon.colcon_core.package_discovery:discover_packages(path) check parameters
[0.121s] Level 1:colcon.colcon_core.package_discovery:discover_packages(colcon_meta) discover
[0.121s] Level 1:colcon.colcon_core.package_discovery:discover_packages(recursive) discover
[0.121s] INFO:colcon.colcon_core.package_discovery:Crawling recursively for packages in '/home/hzy/ArmorDetector/cpp08_armor_detector'
[0.121s] Level 1:colcon.colcon_core.package_identification:_identify(.) by extensions ['ignore', 'ignore_ament_install']
[0.121s] Level 1:colcon.colcon_core.package_identification:_identify(.) by extension 'ignore'
[0.121s] Level 1:colcon.colcon_core.package_identification:_identify(.) by extension 'ignore_ament_install'
[0.121s] Level 1:colcon.colcon_core.package_identification:_identify(.) by extensions ['colcon_pkg']
[0.121s] Level 1:colcon.colcon_core.package_identification:_identify(.) by extension 'colcon_pkg'
[0.121s] Level 1:colcon.colcon_core.package_identification:_identify(.) by extensions ['colcon_meta']
[0.121s] Level 1:colcon.colcon_core.package_identification:_identify(.) by extension 'colcon_meta'
[0.121s] Level 1:colcon.colcon_core.package_identification:_identify(.) by extensions ['ros']
[0.121s] Level 1:colcon.colcon_core.package_identification:_identify(.) by extension 'ros'
[0.128s] DEBUG:colcon.colcon_core.package_identification:Package '.' with type 'ros.ament_cmake' and name 'cpp08_armor_detector'
[0.128s] Level 1:colcon.colcon_core.package_discovery:discover_packages(recursive) using defaults
[0.128s] Level 1:colcon.colcon_core.package_discovery:discover_packages(ignore) discover
[0.128s] Level 1:colcon.colcon_core.package_discovery:discover_packages(ignore) using defaults
[0.128s] Level 1:colcon.colcon_core.package_discovery:discover_packages(path) discover
[0.128s] Level 1:colcon.colcon_core.package_discovery:discover_packages(path) using defaults
[0.138s] Level 1:colcon.colcon_core.package_discovery:discover_packages(prefix_path) check parameters
[0.138s] Level 1:colcon.colcon_core.package_discovery:discover_packages(prefix_path) discover
[0.139s] DEBUG:colcon.colcon_installed_package_information.package_discovery:Found 3 installed packages in /home/hzy/ws01_plumbing/install
[0.139s] DEBUG:colcon.colcon_installed_package_information.package_discovery:Found 0 installed packages in /home/hzy/ws00_helloworld/install
[0.140s] DEBUG:colcon.colcon_installed_package_information.package_discovery:Found 277 installed packages in /opt/ros/humble
[0.141s] Level 1:colcon.colcon_core.package_discovery:discover_packages(prefix_path) using defaults
[0.163s] Level 5:colcon.colcon_core.verb:set package 'cpp08_armor_detector' build argument 'cmake_args' from command line to 'None'
[0.163s] Level 5:colcon.colcon_core.verb:set package 'cpp08_armor_detector' build argument 'cmake_target' from command line to 'None'
[0.163s] Level 5:colcon.colcon_core.verb:set package 'cpp08_armor_detector' build argument 'cmake_target_skip_unavailable' from command line to 'False'
[0.163s] Level 5:colcon.colcon_core.verb:set package 'cpp08_armor_detector' build argument 'cmake_clean_cache' from command line to 'False'
[0.163s] Level 5:colcon.colcon_core.verb:set package 'cpp08_armor_detector' build argument 'cmake_clean_first' from command line to 'False'
[0.163s] Level 5:colcon.colcon_core.verb:set package 'cpp08_armor_detector' build argument 'cmake_force_configure' from command line to 'False'
[0.163s] Level 5:colcon.colcon_core.verb:set package 'cpp08_armor_detector' build argument 'ament_cmake_args' from command line to 'None'
[0.163s] Level 5:colcon.colcon_core.verb:set package 'cpp08_armor_detector' build argument 'catkin_cmake_args' from command line to 'None'
[0.163s] Level 5:colcon.colcon_core.verb:set package 'cpp08_armor_detector' build argument 'catkin_skip_building_tests' from command line to 'False'
[0.163s] DEBUG:colcon.colcon_core.verb:Building package 'cpp08_armor_detector' with the following arguments: {'ament_cmake_args': None, 'build_base': '/home/hzy/ArmorDetector/cpp08_armor_detector/build/cpp08_armor_detector', 'catkin_cmake_args': None, 'catkin_skip_building_tests': False, 'cmake_args': None, 'cmake_clean_cache': False, 'cmake_clean_first': False, 'cmake_force_configure': False, 'cmake_target': None, 'cmake_target_skip_unavailable': False, 'install_base': '/home/hzy/ArmorDetector/cpp08_armor_detector/install/cpp08_armor_detector', 'merge_install': False, 'path': '/home/hzy/ArmorDetector/cpp08_armor_detector', 'symlink_install': False, 'test_result_base': None}
[0.163s] INFO:colcon.colcon_core.executor:Executing jobs using 'parallel' executor
[0.164s] DEBUG:colcon.colcon_parallel_executor.executor.parallel:run_until_complete
[0.164s] INFO:colcon.colcon_ros.task.ament_cmake.build:Building ROS package in '/home/hzy/ArmorDetector/cpp08_armor_detector' with build type 'ament_cmake'
[0.164s] INFO:colcon.colcon_cmake.task.cmake.build:Building CMake package in '/home/hzy/ArmorDetector/cpp08_armor_detector'
[0.165s] INFO:colcon.colcon_core.plugin_system:Skipping extension 'colcon_core.shell.bat': Not used on non-Windows systems
[0.165s] INFO:colcon.colcon_core.shell:Skip shell extension 'powershell' for command environment: Not usable outside of PowerShell
[0.165s] DEBUG:colcon.colcon_core.shell:Skip shell extension 'dsv' for command environment
[0.170s] DEBUG:colcon.colcon_core.event_handler.log_command:Invoking command in '/home/hzy/ArmorDetector/cpp08_armor_detector/build/cpp08_armor_detector': CMAKE_PREFIX_PATH=${CMAKE_PREFIX_PATH}:/opt/ros/humble /usr/bin/cmake /home/hzy/ArmorDetector/cpp08_armor_detector -DCMAKE_INSTALL_PREFIX=/home/hzy/ArmorDetector/cpp08_armor_detector/install/cpp08_armor_detector
[1.489s] DEBUG:colcon.colcon_core.event_handler.log_command:Invoked command in '/home/hzy/ArmorDetector/cpp08_armor_detector/build/cpp08_armor_detector' returned '0': CMAKE_PREFIX_PATH=${CMAKE_PREFIX_PATH}:/opt/ros/humble /usr/bin/cmake /home/hzy/ArmorDetector/cpp08_armor_detector -DCMAKE_INSTALL_PREFIX=/home/hzy/ArmorDetector/cpp08_armor_detector/install/cpp08_armor_detector
[1.490s] DEBUG:colcon.colcon_core.event_handler.log_command:Invoking command in '/home/hzy/ArmorDetector/cpp08_armor_detector/build/cpp08_armor_detector': CMAKE_PREFIX_PATH=${CMAKE_PREFIX_PATH}:/opt/ros/humble /usr/bin/cmake --build /home/hzy/ArmorDetector/cpp08_armor_detector/build/cpp08_armor_detector -- -j32 -l32
[7.888s] DEBUG:colcon.colcon_core.event_handler.log_command:Invoked command in '/home/hzy/ArmorDetector/cpp08_armor_detector/build/cpp08_armor_detector' returned '0': CMAKE_PREFIX_PATH=${CMAKE_PREFIX_PATH}:/opt/ros/humble /usr/bin/cmake --build /home/hzy/ArmorDetector/cpp08_armor_detector/build/cpp08_armor_detector -- -j32 -l32
[7.894s] DEBUG:colcon.colcon_core.event_handler.log_command:Invoking command in '/home/hzy/ArmorDetector/cpp08_armor_detector/build/cpp08_armor_detector': CMAKE_PREFIX_PATH=${CMAKE_PREFIX_PATH}:/opt/ros/humble /usr/bin/cmake --install /home/hzy/ArmorDetector/cpp08_armor_detector/build/cpp08_armor_detector
[7.941s] Level 1:colcon.colcon_core.environment:create_environment_scripts_only(cpp08_armor_detector)
[7.941s] DEBUG:colcon.colcon_core.event_handler.log_command:Invoked command in '/home/hzy/ArmorDetector/cpp08_armor_detector/build/cpp08_armor_detector' returned '0': CMAKE_PREFIX_PATH=${CMAKE_PREFIX_PATH}:/opt/ros/humble /usr/bin/cmake --install /home/hzy/ArmorDetector/cpp08_armor_detector/build/cpp08_armor_detector
[7.942s] Level 1:colcon.colcon_core.environment:checking '/home/hzy/ArmorDetector/cpp08_armor_detector/install/cpp08_armor_detector' for CMake module files
[7.943s] Level 1:colcon.colcon_core.environment:checking '/home/hzy/ArmorDetector/cpp08_armor_detector/install/cpp08_armor_detector' for CMake config files
[7.943s] Level 1:colcon.colcon_core.shell:create_environment_hook('cpp08_armor_detector', 'cmake_prefix_path')
[7.943s] INFO:colcon.colcon_core.shell:Creating environment hook '/home/hzy/ArmorDetector/cpp08_armor_detector/install/cpp08_armor_detector/share/cpp08_armor_detector/hook/cmake_prefix_path.ps1'
[7.944s] INFO:colcon.colcon_core.shell:Creating environment descriptor '/home/hzy/ArmorDetector/cpp08_armor_detector/install/cpp08_armor_detector/share/cpp08_armor_detector/hook/cmake_prefix_path.dsv'
[7.944s] INFO:colcon.colcon_core.shell:Creating environment hook '/home/hzy/ArmorDetector/cpp08_armor_detector/install/cpp08_armor_detector/share/cpp08_armor_detector/hook/cmake_prefix_path.sh'
[7.944s] Level 1:colcon.colcon_core.environment:checking '/home/hzy/ArmorDetector/cpp08_armor_detector/install/cpp08_armor_detector/lib'
[7.944s] Level 1:colcon.colcon_core.shell:create_environment_hook('cpp08_armor_detector', 'ld_library_path_lib')
[7.944s] INFO:colcon.colcon_core.shell:Creating environment hook '/home/hzy/ArmorDetector/cpp08_armor_detector/install/cpp08_armor_detector/share/cpp08_armor_detector/hook/ld_library_path_lib.ps1'
[7.944s] INFO:colcon.colcon_core.shell:Creating environment descriptor '/home/hzy/ArmorDetector/cpp08_armor_detector/install/cpp08_armor_detector/share/cpp08_armor_detector/hook/ld_library_path_lib.dsv'
[7.945s] INFO:colcon.colcon_core.shell:Creating environment hook '/home/hzy/ArmorDetector/cpp08_armor_detector/install/cpp08_armor_detector/share/cpp08_armor_detector/hook/ld_library_path_lib.sh'
[7.945s] Level 1:colcon.colcon_core.environment:checking '/home/hzy/ArmorDetector/cpp08_armor_detector/install/cpp08_armor_detector/bin'
[7.945s] Level 1:colcon.colcon_core.environment:checking '/home/hzy/ArmorDetector/cpp08_armor_detector/install/cpp08_armor_detector/lib/pkgconfig/cpp08_armor_detector.pc'
[7.945s] Level 1:colcon.colcon_core.environment:checking '/home/hzy/ArmorDetector/cpp08_armor_detector/install/cpp08_armor_detector/lib/python3.10/site-packages'
[7.945s] Level 1:colcon.colcon_core.environment:checking '/home/hzy/ArmorDetector/cpp08_armor_detector/install/cpp08_armor_detector/bin'
[7.945s] INFO:colcon.colcon_core.shell:Creating package script '/home/hzy/ArmorDetector/cpp08_armor_detector/install/cpp08_armor_detector/share/cpp08_armor_detector/package.ps1'
[7.946s] INFO:colcon.colcon_core.shell:Creating package descriptor '/home/hzy/ArmorDetector/cpp08_armor_detector/install/cpp08_armor_detector/share/cpp08_armor_detector/package.dsv'
[7.946s] INFO:colcon.colcon_core.shell:Creating package script '/home/hzy/ArmorDetector/cpp08_armor_detector/install/cpp08_armor_detector/share/cpp08_armor_detector/package.sh'
[7.946s] INFO:colcon.colcon_core.shell:Creating package script '/home/hzy/ArmorDetector/cpp08_armor_detector/install/cpp08_armor_detector/share/cpp08_armor_detector/package.bash'
[7.947s] INFO:colcon.colcon_core.shell:Creating package script '/home/hzy/ArmorDetector/cpp08_armor_detector/install/cpp08_armor_detector/share/cpp08_armor_detector/package.zsh'
[7.947s] Level 1:colcon.colcon_core.environment:create_file_with_runtime_dependencies(/home/hzy/ArmorDetector/cpp08_armor_detector/install/cpp08_armor_detector/share/colcon-core/packages/cpp08_armor_detector)
[7.947s] Level 1:colcon.colcon_core.environment:create_environment_scripts_only(cpp08_armor_detector)
[7.947s] Level 1:colcon.colcon_core.environment:checking '/home/hzy/ArmorDetector/cpp08_armor_detector/install/cpp08_armor_detector' for CMake module files
[7.948s] Level 1:colcon.colcon_core.environment:checking '/home/hzy/ArmorDetector/cpp08_armor_detector/install/cpp08_armor_detector' for CMake config files
[7.948s] Level 1:colcon.colcon_core.shell:create_environment_hook('cpp08_armor_detector', 'cmake_prefix_path')
[7.948s] INFO:colcon.colcon_core.shell:Creating environment hook '/home/hzy/ArmorDetector/cpp08_armor_detector/install/cpp08_armor_detector/share/cpp08_armor_detector/hook/cmake_prefix_path.ps1'
[7.948s] INFO:colcon.colcon_core.shell:Creating environment descriptor '/home/hzy/ArmorDetector/cpp08_armor_detector/install/cpp08_armor_detector/share/cpp08_armor_detector/hook/cmake_prefix_path.dsv'
[7.948s] INFO:colcon.colcon_core.shell:Creating environment hook '/home/hzy/ArmorDetector/cpp08_armor_detector/install/cpp08_armor_detector/share/cpp08_armor_detector/hook/cmake_prefix_path.sh'
[7.949s] Level 1:colcon.colcon_core.environment:checking '/home/hzy/ArmorDetector/cpp08_armor_detector/install/cpp08_armor_detector/lib'
[7.949s] Level 1:colcon.colcon_core.shell:create_environment_hook('cpp08_armor_detector', 'ld_library_path_lib')
[7.949s] INFO:colcon.colcon_core.shell:Creating environment hook '/home/hzy/ArmorDetector/cpp08_armor_detector/install/cpp08_armor_detector/share/cpp08_armor_detector/hook/ld_library_path_lib.ps1'
[7.949s] INFO:colcon.colcon_core.shell:Creating environment descriptor '/home/hzy/ArmorDetector/cpp08_armor_detector/install/cpp08_armor_detector/share/cpp08_armor_detector/hook/ld_library_path_lib.dsv'
[7.949s] INFO:colcon.colcon_core.shell:Creating environment hook '/home/hzy/ArmorDetector/cpp08_armor_detector/install/cpp08_armor_detector/share/cpp08_armor_detector/hook/ld_library_path_lib.sh'
[7.949s] Level 1:colcon.colcon_core.environment:checking '/home/hzy/ArmorDetector/cpp08_armor_detector/install/cpp08_armor_detector/bin'
[7.949s] Level 1:colcon.colcon_core.environment:checking '/home/hzy/ArmorDetector/cpp08_armor_detector/install/cpp08_armor_detector/lib/pkgconfig/cpp08_armor_detector.pc'
[7.949s] Level 1:colcon.colcon_core.environment:checking '/home/hzy/ArmorDetector/cpp08_armor_detector/install/cpp08_armor_detector/lib/python3.10/site-packages'
[7.950s] Level 1:colcon.colcon_core.environment:checking '/home/hzy/ArmorDetector/cpp08_armor_detector/install/cpp08_armor_detector/bin'
[7.950s] INFO:colcon.colcon_core.shell:Creating package script '/home/hzy/ArmorDetector/cpp08_armor_detector/install/cpp08_armor_detector/share/cpp08_armor_detector/package.ps1'
[7.950s] INFO:colcon.colcon_core.shell:Creating package descriptor '/home/hzy/ArmorDetector/cpp08_armor_detector/install/cpp08_armor_detector/share/cpp08_armor_detector/package.dsv'
[7.950s] INFO:colcon.colcon_core.shell:Creating package script '/home/hzy/ArmorDetector/cpp08_armor_detector/install/cpp08_armor_detector/share/cpp08_armor_detector/package.sh'
[7.950s] INFO:colcon.colcon_core.shell:Creating package script '/home/hzy/ArmorDetector/cpp08_armor_detector/install/cpp08_armor_detector/share/cpp08_armor_detector/package.bash'
[7.951s] INFO:colcon.colcon_core.shell:Creating package script '/home/hzy/ArmorDetector/cpp08_armor_detector/install/cpp08_armor_detector/share/cpp08_armor_detector/package.zsh'
[7.951s] Level 1:colcon.colcon_core.environment:create_file_with_runtime_dependencies(/home/hzy/ArmorDetector/cpp08_armor_detector/install/cpp08_armor_detector/share/colcon-core/packages/cpp08_armor_detector)
[7.951s] DEBUG:colcon.colcon_parallel_executor.executor.parallel:closing loop
[7.951s] DEBUG:colcon.colcon_parallel_executor.executor.parallel:loop closed
[7.951s] DEBUG:colcon.colcon_parallel_executor.executor.parallel:run_until_complete finished with '0'
[7.951s] DEBUG:colcon.colcon_core.event_reactor:joining thread
[7.954s] INFO:colcon.colcon_core.plugin_system:Skipping extension 'colcon_notification.desktop_notification.terminal_notifier': Not used on non-Darwin systems
[7.954s] INFO:colcon.colcon_core.plugin_system:Skipping extension 'colcon_notification.desktop_notification.win32': Not used on non-Windows systems
[7.954s] INFO:colcon.colcon_notification.desktop_notification:Sending desktop notification using 'notify2'
[7.961s] DEBUG:colcon.colcon_core.event_reactor:joined thread
[7.961s] INFO:colcon.colcon_core.shell:Creating prefix script '/home/hzy/ArmorDetector/cpp08_armor_detector/install/local_setup.ps1'
[7.961s] INFO:colcon.colcon_core.shell:Creating prefix util module '/home/hzy/ArmorDetector/cpp08_armor_detector/install/_local_setup_util_ps1.py'
[7.962s] INFO:colcon.colcon_core.shell:Creating prefix chain script '/home/hzy/ArmorDetector/cpp08_armor_detector/install/setup.ps1'
[7.962s] INFO:colcon.colcon_core.shell:Creating prefix script '/home/hzy/ArmorDetector/cpp08_armor_detector/install/local_setup.sh'
[7.963s] INFO:colcon.colcon_core.shell:Creating prefix util module '/home/hzy/ArmorDetector/cpp08_armor_detector/install/_local_setup_util_sh.py'
[7.963s] INFO:colcon.colcon_core.shell:Creating prefix chain script '/home/hzy/ArmorDetector/cpp08_armor_detector/install/setup.sh'
[7.964s] INFO:colcon.colcon_core.shell:Creating prefix script '/home/hzy/ArmorDetector/cpp08_armor_detector/install/local_setup.bash'
[7.964s] INFO:colcon.colcon_core.shell:Creating prefix chain script '/home/hzy/ArmorDetector/cpp08_armor_detector/install/setup.bash'
[7.964s] INFO:colcon.colcon_core.shell:Creating prefix script '/home/hzy/ArmorDetector/cpp08_armor_detector/install/local_setup.zsh'
[7.964s] INFO:colcon.colcon_core.shell:Creating prefix chain script '/home/hzy/ArmorDetector/cpp08_armor_detector/install/setup.zsh'
