[0.057s] DEBUG:colcon:Command line arguments: ['/usr/bin/colcon', 'build']
[0.057s] DEBUG:colcon:Parsed command line arguments: Namespace(log_base=None, log_level=None, verb_name='build', build_base='build', install_base='install', merge_install=False, symlink_install=False, test_result_base=None, continue_on_error=False, executor='parallel', parallel_workers=32, event_handlers=None, ignore_user_meta=False, metas=['./colcon.meta'], base_paths=['.'], packages_ignore=None, packages_ignore_regex=None, paths=None, packages_up_to=None, packages_up_to_regex=None, packages_above=None, packages_above_and_dependencies=None, packages_above_depth=None, packages_select_by_dep=None, packages_skip_by_dep=None, packages_skip_up_to=None, packages_select_build_failed=False, packages_skip_build_finished=False, packages_select_test_failures=False, packages_skip_test_passed=False, packages_select=None, packages_skip=None, packages_select_regex=None, packages_skip_regex=None, packages_start=None, packages_end=None, allow_overriding=[], cmake_args=None, cmake_target=None, cmake_target_skip_unavailable=False, cmake_clean_cache=False, cmake_clean_first=False, cmake_force_configure=False, ament_cmake_args=None, catkin_cmake_args=None, catkin_skip_building_tests=False, verb_parser=<colcon_defaults.argument_parser.defaults.DefaultArgumentsDecorator object at 0x734fd64ab130>, verb_extension=<colcon_core.verb.build.BuildVerb object at 0x734fd65f0490>, main=<bound method BuildVerb.main of <colcon_core.verb.build.BuildVerb object at 0x734fd65f0490>>)
[0.155s] Level 1:colcon.colcon_core.package_discovery:discover_packages(colcon_meta) check parameters
[0.155s] Level 1:colcon.colcon_core.package_discovery:discover_packages(recursive) check parameters
[0.155s] Level 1:colcon.colcon_core.package_discovery:discover_packages(ignore) check parameters
[0.155s] Level 1:colcon.colcon_core.package_discovery:discover_packages(path) check parameters
[0.155s] Level 1:colcon.colcon_core.package_discovery:discover_packages(colcon_meta) discover
[0.155s] Level 1:colcon.colcon_core.package_discovery:discover_packages(recursive) discover
[0.155s] INFO:colcon.colcon_core.package_discovery:Crawling recursively for packages in '/home/hzy/下载/camera/rm_vision_ros2_galaxy_camera-master'
[0.155s] Level 1:colcon.colcon_core.package_identification:_identify(.) by extensions ['ignore', 'ignore_ament_install']
[0.155s] Level 1:colcon.colcon_core.package_identification:_identify(.) by extension 'ignore'
[0.155s] Level 1:colcon.colcon_core.package_identification:_identify(.) by extension 'ignore_ament_install'
[0.156s] Level 1:colcon.colcon_core.package_identification:_identify(.) by extensions ['colcon_pkg']
[0.156s] Level 1:colcon.colcon_core.package_identification:_identify(.) by extension 'colcon_pkg'
[0.156s] Level 1:colcon.colcon_core.package_identification:_identify(.) by extensions ['colcon_meta']
[0.156s] Level 1:colcon.colcon_core.package_identification:_identify(.) by extension 'colcon_meta'
[0.156s] Level 1:colcon.colcon_core.package_identification:_identify(.) by extensions ['ros']
[0.156s] Level 1:colcon.colcon_core.package_identification:_identify(.) by extension 'ros'
[0.163s] DEBUG:colcon.colcon_core.package_identification:Package '.' with type 'ros.ament_cmake' and name 'galaxy_camera'
[0.163s] Level 1:colcon.colcon_core.package_discovery:discover_packages(recursive) using defaults
[0.163s] Level 1:colcon.colcon_core.package_discovery:discover_packages(ignore) discover
[0.163s] Level 1:colcon.colcon_core.package_discovery:discover_packages(ignore) using defaults
[0.163s] Level 1:colcon.colcon_core.package_discovery:discover_packages(path) discover
[0.163s] Level 1:colcon.colcon_core.package_discovery:discover_packages(path) using defaults
[0.173s] Level 1:colcon.colcon_core.package_discovery:discover_packages(prefix_path) check parameters
[0.173s] Level 1:colcon.colcon_core.package_discovery:discover_packages(prefix_path) discover
[0.174s] DEBUG:colcon.colcon_installed_package_information.package_discovery:Found 2 installed packages in /home/hzy/ArmorDetector3/install
[0.175s] DEBUG:colcon.colcon_installed_package_information.package_discovery:Found 279 installed packages in /opt/ros/humble
[0.176s] Level 1:colcon.colcon_core.package_discovery:discover_packages(prefix_path) using defaults
[0.198s] Level 5:colcon.colcon_core.verb:set package 'galaxy_camera' build argument 'cmake_args' from command line to 'None'
[0.198s] Level 5:colcon.colcon_core.verb:set package 'galaxy_camera' build argument 'cmake_target' from command line to 'None'
[0.198s] Level 5:colcon.colcon_core.verb:set package 'galaxy_camera' build argument 'cmake_target_skip_unavailable' from command line to 'False'
[0.198s] Level 5:colcon.colcon_core.verb:set package 'galaxy_camera' build argument 'cmake_clean_cache' from command line to 'False'
[0.198s] Level 5:colcon.colcon_core.verb:set package 'galaxy_camera' build argument 'cmake_clean_first' from command line to 'False'
[0.198s] Level 5:colcon.colcon_core.verb:set package 'galaxy_camera' build argument 'cmake_force_configure' from command line to 'False'
[0.199s] Level 5:colcon.colcon_core.verb:set package 'galaxy_camera' build argument 'ament_cmake_args' from command line to 'None'
[0.199s] Level 5:colcon.colcon_core.verb:set package 'galaxy_camera' build argument 'catkin_cmake_args' from command line to 'None'
[0.199s] Level 5:colcon.colcon_core.verb:set package 'galaxy_camera' build argument 'catkin_skip_building_tests' from command line to 'False'
[0.199s] DEBUG:colcon.colcon_core.verb:Building package 'galaxy_camera' with the following arguments: {'ament_cmake_args': None, 'build_base': '/home/hzy/下载/camera/rm_vision_ros2_galaxy_camera-master/build/galaxy_camera', 'catkin_cmake_args': None, 'catkin_skip_building_tests': False, 'cmake_args': None, 'cmake_clean_cache': False, 'cmake_clean_first': False, 'cmake_force_configure': False, 'cmake_target': None, 'cmake_target_skip_unavailable': False, 'install_base': '/home/hzy/下载/camera/rm_vision_ros2_galaxy_camera-master/install/galaxy_camera', 'merge_install': False, 'path': '/home/hzy/下载/camera/rm_vision_ros2_galaxy_camera-master', 'symlink_install': False, 'test_result_base': None}
[0.199s] INFO:colcon.colcon_core.executor:Executing jobs using 'parallel' executor
[0.199s] DEBUG:colcon.colcon_parallel_executor.executor.parallel:run_until_complete
[0.199s] INFO:colcon.colcon_ros.task.ament_cmake.build:Building ROS package in '/home/hzy/下载/camera/rm_vision_ros2_galaxy_camera-master' with build type 'ament_cmake'
[0.199s] INFO:colcon.colcon_cmake.task.cmake.build:Building CMake package in '/home/hzy/下载/camera/rm_vision_ros2_galaxy_camera-master'
[0.201s] INFO:colcon.colcon_core.plugin_system:Skipping extension 'colcon_core.shell.bat': Not used on non-Windows systems
[0.201s] INFO:colcon.colcon_core.shell:Skip shell extension 'powershell' for command environment: Not usable outside of PowerShell
[0.201s] DEBUG:colcon.colcon_core.shell:Skip shell extension 'dsv' for command environment
[0.206s] DEBUG:colcon.colcon_core.event_handler.log_command:Invoking command in '/home/hzy/下载/camera/rm_vision_ros2_galaxy_camera-master/build/galaxy_camera': CMAKE_PREFIX_PATH=${CMAKE_PREFIX_PATH}:/opt/ros/humble /usr/bin/cmake /home/hzy/下载/camera/rm_vision_ros2_galaxy_camera-master -DCMAKE_INSTALL_PREFIX=/home/hzy/下载/camera/rm_vision_ros2_galaxy_camera-master/install/galaxy_camera
[0.958s] DEBUG:colcon.colcon_core.event_handler.log_command:Invoked command in '/home/hzy/下载/camera/rm_vision_ros2_galaxy_camera-master/build/galaxy_camera' returned '0': CMAKE_PREFIX_PATH=${CMAKE_PREFIX_PATH}:/opt/ros/humble /usr/bin/cmake /home/hzy/下载/camera/rm_vision_ros2_galaxy_camera-master -DCMAKE_INSTALL_PREFIX=/home/hzy/下载/camera/rm_vision_ros2_galaxy_camera-master/install/galaxy_camera
[0.960s] DEBUG:colcon.colcon_core.event_handler.log_command:Invoking command in '/home/hzy/下载/camera/rm_vision_ros2_galaxy_camera-master/build/galaxy_camera': CMAKE_PREFIX_PATH=${CMAKE_PREFIX_PATH}:/opt/ros/humble /usr/bin/cmake --build /home/hzy/下载/camera/rm_vision_ros2_galaxy_camera-master/build/galaxy_camera -- -j32 -l32
[2.936s] DEBUG:colcon.colcon_core.event_handler.log_command:Invoked command in '/home/hzy/下载/camera/rm_vision_ros2_galaxy_camera-master/build/galaxy_camera' returned '0': CMAKE_PREFIX_PATH=${CMAKE_PREFIX_PATH}:/opt/ros/humble /usr/bin/cmake --build /home/hzy/下载/camera/rm_vision_ros2_galaxy_camera-master/build/galaxy_camera -- -j32 -l32
[2.942s] DEBUG:colcon.colcon_core.event_handler.log_command:Invoking command in '/home/hzy/下载/camera/rm_vision_ros2_galaxy_camera-master/build/galaxy_camera': CMAKE_PREFIX_PATH=${CMAKE_PREFIX_PATH}:/opt/ros/humble /usr/bin/cmake --install /home/hzy/下载/camera/rm_vision_ros2_galaxy_camera-master/build/galaxy_camera
[2.967s] Level 1:colcon.colcon_core.environment:create_environment_scripts_only(galaxy_camera)
[2.967s] DEBUG:colcon.colcon_core.event_handler.log_command:Invoked command in '/home/hzy/下载/camera/rm_vision_ros2_galaxy_camera-master/build/galaxy_camera' returned '0': CMAKE_PREFIX_PATH=${CMAKE_PREFIX_PATH}:/opt/ros/humble /usr/bin/cmake --install /home/hzy/下载/camera/rm_vision_ros2_galaxy_camera-master/build/galaxy_camera
[2.969s] Level 1:colcon.colcon_core.environment:checking '/home/hzy/下载/camera/rm_vision_ros2_galaxy_camera-master/install/galaxy_camera' for CMake module files
[2.969s] Level 1:colcon.colcon_core.environment:checking '/home/hzy/下载/camera/rm_vision_ros2_galaxy_camera-master/install/galaxy_camera' for CMake config files
[2.969s] Level 1:colcon.colcon_core.shell:create_environment_hook('galaxy_camera', 'cmake_prefix_path')
[2.970s] INFO:colcon.colcon_core.shell:Creating environment hook '/home/hzy/下载/camera/rm_vision_ros2_galaxy_camera-master/install/galaxy_camera/share/galaxy_camera/hook/cmake_prefix_path.ps1'
[2.970s] INFO:colcon.colcon_core.shell:Creating environment descriptor '/home/hzy/下载/camera/rm_vision_ros2_galaxy_camera-master/install/galaxy_camera/share/galaxy_camera/hook/cmake_prefix_path.dsv'
[2.970s] INFO:colcon.colcon_core.shell:Creating environment hook '/home/hzy/下载/camera/rm_vision_ros2_galaxy_camera-master/install/galaxy_camera/share/galaxy_camera/hook/cmake_prefix_path.sh'
[2.970s] Level 1:colcon.colcon_core.environment:checking '/home/hzy/下载/camera/rm_vision_ros2_galaxy_camera-master/install/galaxy_camera/lib'
[2.971s] Level 1:colcon.colcon_core.shell:create_environment_hook('galaxy_camera', 'ld_library_path_lib')
[2.971s] INFO:colcon.colcon_core.shell:Creating environment hook '/home/hzy/下载/camera/rm_vision_ros2_galaxy_camera-master/install/galaxy_camera/share/galaxy_camera/hook/ld_library_path_lib.ps1'
[2.971s] INFO:colcon.colcon_core.shell:Creating environment descriptor '/home/hzy/下载/camera/rm_vision_ros2_galaxy_camera-master/install/galaxy_camera/share/galaxy_camera/hook/ld_library_path_lib.dsv'
[2.971s] INFO:colcon.colcon_core.shell:Creating environment hook '/home/hzy/下载/camera/rm_vision_ros2_galaxy_camera-master/install/galaxy_camera/share/galaxy_camera/hook/ld_library_path_lib.sh'
[2.971s] Level 1:colcon.colcon_core.environment:checking '/home/hzy/下载/camera/rm_vision_ros2_galaxy_camera-master/install/galaxy_camera/bin'
[2.971s] Level 1:colcon.colcon_core.environment:checking '/home/hzy/下载/camera/rm_vision_ros2_galaxy_camera-master/install/galaxy_camera/lib/pkgconfig/galaxy_camera.pc'
[2.971s] Level 1:colcon.colcon_core.environment:checking '/home/hzy/下载/camera/rm_vision_ros2_galaxy_camera-master/install/galaxy_camera/lib/python3.10/site-packages'
[2.971s] Level 1:colcon.colcon_core.environment:checking '/home/hzy/下载/camera/rm_vision_ros2_galaxy_camera-master/install/galaxy_camera/bin'
[2.972s] INFO:colcon.colcon_core.shell:Creating package script '/home/hzy/下载/camera/rm_vision_ros2_galaxy_camera-master/install/galaxy_camera/share/galaxy_camera/package.ps1'
[2.972s] INFO:colcon.colcon_core.shell:Creating package descriptor '/home/hzy/下载/camera/rm_vision_ros2_galaxy_camera-master/install/galaxy_camera/share/galaxy_camera/package.dsv'
[2.972s] INFO:colcon.colcon_core.shell:Creating package script '/home/hzy/下载/camera/rm_vision_ros2_galaxy_camera-master/install/galaxy_camera/share/galaxy_camera/package.sh'
[2.973s] INFO:colcon.colcon_core.shell:Creating package script '/home/hzy/下载/camera/rm_vision_ros2_galaxy_camera-master/install/galaxy_camera/share/galaxy_camera/package.bash'
[2.973s] INFO:colcon.colcon_core.shell:Creating package script '/home/hzy/下载/camera/rm_vision_ros2_galaxy_camera-master/install/galaxy_camera/share/galaxy_camera/package.zsh'
[2.973s] Level 1:colcon.colcon_core.environment:create_file_with_runtime_dependencies(/home/hzy/下载/camera/rm_vision_ros2_galaxy_camera-master/install/galaxy_camera/share/colcon-core/packages/galaxy_camera)
[2.974s] Level 1:colcon.colcon_core.environment:create_environment_scripts_only(galaxy_camera)
[2.974s] Level 1:colcon.colcon_core.environment:checking '/home/hzy/下载/camera/rm_vision_ros2_galaxy_camera-master/install/galaxy_camera' for CMake module files
[2.974s] Level 1:colcon.colcon_core.environment:checking '/home/hzy/下载/camera/rm_vision_ros2_galaxy_camera-master/install/galaxy_camera' for CMake config files
[2.974s] Level 1:colcon.colcon_core.shell:create_environment_hook('galaxy_camera', 'cmake_prefix_path')
[2.974s] INFO:colcon.colcon_core.shell:Creating environment hook '/home/hzy/下载/camera/rm_vision_ros2_galaxy_camera-master/install/galaxy_camera/share/galaxy_camera/hook/cmake_prefix_path.ps1'
[2.974s] INFO:colcon.colcon_core.shell:Creating environment descriptor '/home/hzy/下载/camera/rm_vision_ros2_galaxy_camera-master/install/galaxy_camera/share/galaxy_camera/hook/cmake_prefix_path.dsv'
[2.975s] INFO:colcon.colcon_core.shell:Creating environment hook '/home/hzy/下载/camera/rm_vision_ros2_galaxy_camera-master/install/galaxy_camera/share/galaxy_camera/hook/cmake_prefix_path.sh'
[2.975s] Level 1:colcon.colcon_core.environment:checking '/home/hzy/下载/camera/rm_vision_ros2_galaxy_camera-master/install/galaxy_camera/lib'
[2.975s] Level 1:colcon.colcon_core.shell:create_environment_hook('galaxy_camera', 'ld_library_path_lib')
[2.975s] INFO:colcon.colcon_core.shell:Creating environment hook '/home/hzy/下载/camera/rm_vision_ros2_galaxy_camera-master/install/galaxy_camera/share/galaxy_camera/hook/ld_library_path_lib.ps1'
[2.975s] INFO:colcon.colcon_core.shell:Creating environment descriptor '/home/hzy/下载/camera/rm_vision_ros2_galaxy_camera-master/install/galaxy_camera/share/galaxy_camera/hook/ld_library_path_lib.dsv'
[2.975s] INFO:colcon.colcon_core.shell:Creating environment hook '/home/hzy/下载/camera/rm_vision_ros2_galaxy_camera-master/install/galaxy_camera/share/galaxy_camera/hook/ld_library_path_lib.sh'
[2.975s] Level 1:colcon.colcon_core.environment:checking '/home/hzy/下载/camera/rm_vision_ros2_galaxy_camera-master/install/galaxy_camera/bin'
[2.975s] Level 1:colcon.colcon_core.environment:checking '/home/hzy/下载/camera/rm_vision_ros2_galaxy_camera-master/install/galaxy_camera/lib/pkgconfig/galaxy_camera.pc'
[2.976s] Level 1:colcon.colcon_core.environment:checking '/home/hzy/下载/camera/rm_vision_ros2_galaxy_camera-master/install/galaxy_camera/lib/python3.10/site-packages'
[2.976s] Level 1:colcon.colcon_core.environment:checking '/home/hzy/下载/camera/rm_vision_ros2_galaxy_camera-master/install/galaxy_camera/bin'
[2.976s] INFO:colcon.colcon_core.shell:Creating package script '/home/hzy/下载/camera/rm_vision_ros2_galaxy_camera-master/install/galaxy_camera/share/galaxy_camera/package.ps1'
[2.976s] INFO:colcon.colcon_core.shell:Creating package descriptor '/home/hzy/下载/camera/rm_vision_ros2_galaxy_camera-master/install/galaxy_camera/share/galaxy_camera/package.dsv'
[2.976s] INFO:colcon.colcon_core.shell:Creating package script '/home/hzy/下载/camera/rm_vision_ros2_galaxy_camera-master/install/galaxy_camera/share/galaxy_camera/package.sh'
[2.977s] INFO:colcon.colcon_core.shell:Creating package script '/home/hzy/下载/camera/rm_vision_ros2_galaxy_camera-master/install/galaxy_camera/share/galaxy_camera/package.bash'
[2.977s] INFO:colcon.colcon_core.shell:Creating package script '/home/hzy/下载/camera/rm_vision_ros2_galaxy_camera-master/install/galaxy_camera/share/galaxy_camera/package.zsh'
[2.977s] Level 1:colcon.colcon_core.environment:create_file_with_runtime_dependencies(/home/hzy/下载/camera/rm_vision_ros2_galaxy_camera-master/install/galaxy_camera/share/colcon-core/packages/galaxy_camera)
[2.977s] DEBUG:colcon.colcon_parallel_executor.executor.parallel:closing loop
[2.977s] DEBUG:colcon.colcon_parallel_executor.executor.parallel:loop closed
[2.977s] DEBUG:colcon.colcon_parallel_executor.executor.parallel:run_until_complete finished with '0'
[2.977s] DEBUG:colcon.colcon_core.event_reactor:joining thread
[2.980s] INFO:colcon.colcon_core.plugin_system:Skipping extension 'colcon_notification.desktop_notification.terminal_notifier': Not used on non-Darwin systems
[2.980s] INFO:colcon.colcon_core.plugin_system:Skipping extension 'colcon_notification.desktop_notification.win32': Not used on non-Windows systems
[2.980s] INFO:colcon.colcon_notification.desktop_notification:Sending desktop notification using 'notify2'
[2.987s] DEBUG:colcon.colcon_core.event_reactor:joined thread
[2.987s] INFO:colcon.colcon_core.shell:Creating prefix script '/home/hzy/下载/camera/rm_vision_ros2_galaxy_camera-master/install/local_setup.ps1'
[2.987s] INFO:colcon.colcon_core.shell:Creating prefix util module '/home/hzy/下载/camera/rm_vision_ros2_galaxy_camera-master/install/_local_setup_util_ps1.py'
[2.988s] INFO:colcon.colcon_core.shell:Creating prefix chain script '/home/hzy/下载/camera/rm_vision_ros2_galaxy_camera-master/install/setup.ps1'
[2.989s] INFO:colcon.colcon_core.shell:Creating prefix script '/home/hzy/下载/camera/rm_vision_ros2_galaxy_camera-master/install/local_setup.sh'
[2.989s] INFO:colcon.colcon_core.shell:Creating prefix util module '/home/hzy/下载/camera/rm_vision_ros2_galaxy_camera-master/install/_local_setup_util_sh.py'
[2.989s] INFO:colcon.colcon_core.shell:Creating prefix chain script '/home/hzy/下载/camera/rm_vision_ros2_galaxy_camera-master/install/setup.sh'
[2.990s] INFO:colcon.colcon_core.shell:Creating prefix script '/home/hzy/下载/camera/rm_vision_ros2_galaxy_camera-master/install/local_setup.bash'
[2.990s] INFO:colcon.colcon_core.shell:Creating prefix chain script '/home/hzy/下载/camera/rm_vision_ros2_galaxy_camera-master/install/setup.bash'
[2.990s] INFO:colcon.colcon_core.shell:Creating prefix script '/home/hzy/下载/camera/rm_vision_ros2_galaxy_camera-master/install/local_setup.zsh'
[2.991s] INFO:colcon.colcon_core.shell:Creating prefix chain script '/home/hzy/下载/camera/rm_vision_ros2_galaxy_camera-master/install/setup.zsh'
