[0.010s] Invoking command in '/home/hzy/ArmorDetector/build/mindvision_camera': CMAKE_PREFIX_PATH=${CMAKE_PREFIX_PATH}:/opt/ros/humble CONDA_PROMPT_MODIFIER=(base) /usr/bin/cmake --build /home/hzy/ArmorDetector/build/mindvision_camera -- -j32 -l32
[0.041s] [35m[1mConsolidate compiler generated dependencies of target mindvision_camera[0m
[0.042s] [35m[1mConsolidate compiler generated dependencies of target mindvision_camera_node[0m
[0.057s] [ 50%] Built target mindvision_camera
[0.057s] [100%] Built target mindvision_camera_node
[0.068s] Invoked command in '/home/hzy/ArmorDetector/build/mindvision_camera' returned '0': CMAKE_PREFIX_PATH=${CMAKE_PREFIX_PATH}:/opt/ros/humble CONDA_PROMPT_MODIFIER=(base) /usr/bin/cmake --build /home/hzy/ArmorDetector/build/mindvision_camera -- -j32 -l32
[0.076s] Invoking command in '/home/hzy/ArmorDetector/build/mindvision_camera': CMAKE_PREFIX_PATH=${CMAKE_PREFIX_PATH}:/opt/ros/humble CONDA_PROMPT_MODIFIER=(base) /usr/bin/cmake --install /home/hzy/ArmorDetector/build/mindvision_camera
[0.082s] -- Install configuration: ""
[0.082s] -- Up-to-date: /home/hzy/ArmorDetector/install/mindvision_camera/lib/mindvision_camera/mindvision_camera_node
[0.082s] -- Up-to-date: /home/hzy/ArmorDetector/install/mindvision_camera/share/mindvision_camera/environment/library_path.sh
[0.082s] -- Up-to-date: /home/hzy/ArmorDetector/install/mindvision_camera/share/mindvision_camera/environment/library_path.dsv
[0.082s] -- Up-to-date: /home/hzy/ArmorDetector/install/mindvision_camera/lib/libmindvision_camera.so
[0.082s] -- Up-to-date: /home/hzy/ArmorDetector/install/mindvision_camera/share/mindvision_camera/config
[0.082s] -- Up-to-date: /home/hzy/ArmorDetector/install/mindvision_camera/share/mindvision_camera/config/camera_params.yaml
[0.082s] -- Up-to-date: /home/hzy/ArmorDetector/install/mindvision_camera/share/mindvision_camera/config/camera_info.yaml
[0.083s] -- Up-to-date: /home/hzy/ArmorDetector/install/mindvision_camera/share/mindvision_camera/launch
[0.083s] -- Up-to-date: /home/hzy/ArmorDetector/install/mindvision_camera/share/mindvision_camera/launch/mv_launch.py
[0.083s] -- Up-to-date: /home/hzy/ArmorDetector/install/mindvision_camera/share/ament_index/resource_index/package_run_dependencies/mindvision_camera
[0.083s] -- Up-to-date: /home/hzy/ArmorDetector/install/mindvision_camera/share/ament_index/resource_index/parent_prefix_path/mindvision_camera
[0.083s] -- Up-to-date: /home/hzy/ArmorDetector/install/mindvision_camera/share/mindvision_camera/environment/ament_prefix_path.sh
[0.083s] -- Up-to-date: /home/hzy/ArmorDetector/install/mindvision_camera/share/mindvision_camera/environment/ament_prefix_path.dsv
[0.083s] -- Up-to-date: /home/hzy/ArmorDetector/install/mindvision_camera/share/mindvision_camera/environment/path.sh
[0.083s] -- Up-to-date: /home/hzy/ArmorDetector/install/mindvision_camera/share/mindvision_camera/environment/path.dsv
[0.083s] -- Up-to-date: /home/hzy/ArmorDetector/install/mindvision_camera/share/mindvision_camera/local_setup.bash
[0.083s] -- Up-to-date: /home/hzy/ArmorDetector/install/mindvision_camera/share/mindvision_camera/local_setup.sh
[0.083s] -- Up-to-date: /home/hzy/ArmorDetector/install/mindvision_camera/share/mindvision_camera/local_setup.zsh
[0.083s] -- Up-to-date: /home/hzy/ArmorDetector/install/mindvision_camera/share/mindvision_camera/local_setup.dsv
[0.083s] -- Installing: /home/hzy/ArmorDetector/install/mindvision_camera/share/mindvision_camera/package.dsv
[0.083s] -- Up-to-date: /home/hzy/ArmorDetector/install/mindvision_camera/share/ament_index/resource_index/packages/mindvision_camera
[0.083s] -- Up-to-date: /home/hzy/ArmorDetector/install/mindvision_camera/share/ament_index/resource_index/rclcpp_components/mindvision_camera
[0.083s] -- Up-to-date: /home/hzy/ArmorDetector/install/mindvision_camera/share/mindvision_camera/cmake/ament_cmake_export_dependencies-extras.cmake
[0.083s] -- Up-to-date: /home/hzy/ArmorDetector/install/mindvision_camera/share/mindvision_camera/cmake/ament_cmake_export_libraries-extras.cmake
[0.083s] -- Up-to-date: /home/hzy/ArmorDetector/install/mindvision_camera/share/mindvision_camera/cmake/mindvision_cameraConfig.cmake
[0.083s] -- Up-to-date: /home/hzy/ArmorDetector/install/mindvision_camera/share/mindvision_camera/cmake/mindvision_cameraConfig-version.cmake
[0.083s] -- Up-to-date: /home/hzy/ArmorDetector/install/mindvision_camera/share/mindvision_camera/package.xml
[0.086s] Invoked command in '/home/hzy/ArmorDetector/build/mindvision_camera' returned '0': CMAKE_PREFIX_PATH=${CMAKE_PREFIX_PATH}:/opt/ros/humble CONDA_PROMPT_MODIFIER=(base) /usr/bin/cmake --install /home/hzy/ArmorDetector/build/mindvision_camera
