[35m[1mConsolidate compiler generated dependencies of target cpp08_armor_detector__rosidl_generator_c[0m
[  2%] Built target cpp08_armor_detector__rs
[  4%] Built target cpp08_armor_detector__cpp
[ 10%] Built target cpp08_armor_detector__rosidl_generator_c
[ 10%] Built target ament_cmake_python_copy_cpp08_armor_detector
[35m[1mConsolidate compiler generated dependencies of target cpp08_armor_detector__rosidl_typesupport_introspection_cpp[0m
[35m[1mConsolidate compiler generated dependencies of target cpp08_armor_detector__rosidl_typesupport_fastrtps_cpp[0m
[35m[1mConsolidate compiler generated dependencies of target cpp08_armor_detector__rosidl_typesupport_cpp[0m
[35m[1mConsolidate compiler generated dependencies of target cpp08_armor_detector__rosidl_typesupport_fastrtps_c[0m
[35m[1mConsolidate compiler generated dependencies of target cpp08_armor_detector__rosidl_typesupport_c[0m
[35m[1mConsolidate compiler generated dependencies of target cpp08_armor_detector__rosidl_typesupport_introspection_c[0m
[ 26%] Built target cpp08_armor_detector__rosidl_typesupport_introspection_cpp
[ 26%] Built target cpp08_armor_detector__rosidl_typesupport_cpp
[ 30%] Built target cpp08_armor_detector__rosidl_typesupport_fastrtps_cpp
[ 39%] Built target cpp08_armor_detector__rosidl_typesupport_introspection_c
[ 43%] Built target cpp08_armor_detector__rosidl_typesupport_c
[ 50%] Built target cpp08_armor_detector__rosidl_typesupport_fastrtps_c
[35m[1mConsolidate compiler generated dependencies of target camera_node[0m
[35m[1mConsolidate compiler generated dependencies of target detect_node[0m
[ 50%] Built target cpp08_armor_detector
[ 56%] Built target camera_node
[ 80%] Built target detect_node
[ 82%] Built target cpp08_armor_detector__py
[35m[1mConsolidate compiler generated dependencies of target cpp08_armor_detector__rosidl_generator_py[0m
[ 86%] Built target cpp08_armor_detector__rosidl_generator_py
[35m[1mConsolidate compiler generated dependencies of target cpp08_armor_detector__rosidl_typesupport_fastrtps_c__pyext[0m
[35m[1mConsolidate compiler generated dependencies of target cpp08_armor_detector__rosidl_typesupport_introspection_c__pyext[0m
[35m[1mConsolidate compiler generated dependencies of target cpp08_armor_detector__rosidl_typesupport_c__pyext[0m
[ 91%] Built target cpp08_armor_detector__rosidl_typesupport_fastrtps_c__pyext
[100%] Built target cpp08_armor_detector__rosidl_typesupport_introspection_c__pyext
[100%] Built target cpp08_armor_detector__rosidl_typesupport_c__pyext
running egg_info
writing cpp08_armor_detector.egg-info/PKG-INFO
writing dependency_links to cpp08_armor_detector.egg-info/dependency_links.txt
writing top-level names to cpp08_armor_detector.egg-info/top_level.txt
reading manifest file 'cpp08_armor_detector.egg-info/SOURCES.txt'
writing manifest file 'cpp08_armor_detector.egg-info/SOURCES.txt'
[100%] Built target ament_cmake_python_build_cpp08_armor_detector_egg
-- Install configuration: ""
-- Up-to-date: /home/hzy/ArmorDetector/install/cpp08_armor_detector/share/ament_index/resource_index/rosidl_interfaces/cpp08_armor_detector
-- Up-to-date: /home/hzy/ArmorDetector/install/cpp08_armor_detector/include/cpp08_armor_detector/cpp08_armor_detector
-- Up-to-date: /home/hzy/ArmorDetector/install/cpp08_armor_detector/include/cpp08_armor_detector/cpp08_armor_detector/msg
-- Up-to-date: /home/hzy/ArmorDetector/install/cpp08_armor_detector/include/cpp08_armor_detector/cpp08_armor_detector/msg/detail
-- Up-to-date: /home/hzy/ArmorDetector/install/cpp08_armor_detector/include/cpp08_armor_detector/cpp08_armor_detector/msg/detail/armor_target__struct.h
-- Up-to-date: /home/hzy/ArmorDetector/install/cpp08_armor_detector/include/cpp08_armor_detector/cpp08_armor_detector/msg/detail/armor_target__functions.c
-- Up-to-date: /home/hzy/ArmorDetector/install/cpp08_armor_detector/include/cpp08_armor_detector/cpp08_armor_detector/msg/detail/armor_target__type_support.h
-- Up-to-date: /home/hzy/ArmorDetector/install/cpp08_armor_detector/include/cpp08_armor_detector/cpp08_armor_detector/msg/detail/armor_target__functions.h
-- Up-to-date: /home/hzy/ArmorDetector/install/cpp08_armor_detector/include/cpp08_armor_detector/cpp08_armor_detector/msg/rosidl_generator_c__visibility_control.h
-- Up-to-date: /home/hzy/ArmorDetector/install/cpp08_armor_detector/include/cpp08_armor_detector/cpp08_armor_detector/msg/armor_target.h
-- Up-to-date: /home/hzy/ArmorDetector/install/cpp08_armor_detector/share/cpp08_armor_detector/environment/library_path.sh
-- Up-to-date: /home/hzy/ArmorDetector/install/cpp08_armor_detector/share/cpp08_armor_detector/environment/library_path.dsv
-- Up-to-date: /home/hzy/ArmorDetector/install/cpp08_armor_detector/lib/libcpp08_armor_detector__rosidl_generator_c.so
-- Up-to-date: /home/hzy/ArmorDetector/install/cpp08_armor_detector/include/cpp08_armor_detector/cpp08_armor_detector
-- Up-to-date: /home/hzy/ArmorDetector/install/cpp08_armor_detector/include/cpp08_armor_detector/cpp08_armor_detector/msg
-- Up-to-date: /home/hzy/ArmorDetector/install/cpp08_armor_detector/include/cpp08_armor_detector/cpp08_armor_detector/msg/detail
-- Up-to-date: /home/hzy/ArmorDetector/install/cpp08_armor_detector/include/cpp08_armor_detector/cpp08_armor_detector/msg/detail/armor_target__rosidl_typesupport_fastrtps_c.h
-- Up-to-date: /home/hzy/ArmorDetector/install/cpp08_armor_detector/include/cpp08_armor_detector/cpp08_armor_detector/msg/rosidl_typesupport_fastrtps_c__visibility_control.h
-- Up-to-date: /home/hzy/ArmorDetector/install/cpp08_armor_detector/lib/libcpp08_armor_detector__rosidl_typesupport_fastrtps_c.so
-- Up-to-date: /home/hzy/ArmorDetector/install/cpp08_armor_detector/include/cpp08_armor_detector/cpp08_armor_detector
-- Up-to-date: /home/hzy/ArmorDetector/install/cpp08_armor_detector/include/cpp08_armor_detector/cpp08_armor_detector/msg
-- Up-to-date: /home/hzy/ArmorDetector/install/cpp08_armor_detector/include/cpp08_armor_detector/cpp08_armor_detector/msg/detail
-- Up-to-date: /home/hzy/ArmorDetector/install/cpp08_armor_detector/include/cpp08_armor_detector/cpp08_armor_detector/msg/detail/armor_target__builder.hpp
-- Up-to-date: /home/hzy/ArmorDetector/install/cpp08_armor_detector/include/cpp08_armor_detector/cpp08_armor_detector/msg/detail/armor_target__type_support.hpp
-- Up-to-date: /home/hzy/ArmorDetector/install/cpp08_armor_detector/include/cpp08_armor_detector/cpp08_armor_detector/msg/detail/armor_target__traits.hpp
-- Up-to-date: /home/hzy/ArmorDetector/install/cpp08_armor_detector/include/cpp08_armor_detector/cpp08_armor_detector/msg/detail/armor_target__struct.hpp
-- Up-to-date: /home/hzy/ArmorDetector/install/cpp08_armor_detector/include/cpp08_armor_detector/cpp08_armor_detector/msg/armor_target.hpp
-- Up-to-date: /home/hzy/ArmorDetector/install/cpp08_armor_detector/include/cpp08_armor_detector/cpp08_armor_detector/msg/rosidl_generator_cpp__visibility_control.hpp
-- Up-to-date: /home/hzy/ArmorDetector/install/cpp08_armor_detector/include/cpp08_armor_detector/cpp08_armor_detector
-- Up-to-date: /home/hzy/ArmorDetector/install/cpp08_armor_detector/include/cpp08_armor_detector/cpp08_armor_detector/msg
-- Up-to-date: /home/hzy/ArmorDetector/install/cpp08_armor_detector/include/cpp08_armor_detector/cpp08_armor_detector/msg/detail
-- Up-to-date: /home/hzy/ArmorDetector/install/cpp08_armor_detector/include/cpp08_armor_detector/cpp08_armor_detector/msg/detail/armor_target__rosidl_typesupport_fastrtps_cpp.hpp
-- Up-to-date: /home/hzy/ArmorDetector/install/cpp08_armor_detector/include/cpp08_armor_detector/cpp08_armor_detector/msg/detail/dds_fastrtps
-- Up-to-date: /home/hzy/ArmorDetector/install/cpp08_armor_detector/include/cpp08_armor_detector/cpp08_armor_detector/msg/rosidl_typesupport_fastrtps_cpp__visibility_control.h
-- Up-to-date: /home/hzy/ArmorDetector/install/cpp08_armor_detector/lib/libcpp08_armor_detector__rosidl_typesupport_fastrtps_cpp.so
-- Up-to-date: /home/hzy/ArmorDetector/install/cpp08_armor_detector/include/cpp08_armor_detector/cpp08_armor_detector
-- Up-to-date: /home/hzy/ArmorDetector/install/cpp08_armor_detector/include/cpp08_armor_detector/cpp08_armor_detector/msg
-- Up-to-date: /home/hzy/ArmorDetector/install/cpp08_armor_detector/include/cpp08_armor_detector/cpp08_armor_detector/msg/rosidl_typesupport_introspection_c__visibility_control.h
-- Up-to-date: /home/hzy/ArmorDetector/install/cpp08_armor_detector/include/cpp08_armor_detector/cpp08_armor_detector/msg/detail
-- Up-to-date: /home/hzy/ArmorDetector/install/cpp08_armor_detector/include/cpp08_armor_detector/cpp08_armor_detector/msg/detail/armor_target__type_support.c
-- Up-to-date: /home/hzy/ArmorDetector/install/cpp08_armor_detector/include/cpp08_armor_detector/cpp08_armor_detector/msg/detail/armor_target__rosidl_typesupport_introspection_c.h
-- Up-to-date: /home/hzy/ArmorDetector/install/cpp08_armor_detector/lib/libcpp08_armor_detector__rosidl_typesupport_introspection_c.so
-- Up-to-date: /home/hzy/ArmorDetector/install/cpp08_armor_detector/lib/libcpp08_armor_detector__rosidl_typesupport_c.so
-- Up-to-date: /home/hzy/ArmorDetector/install/cpp08_armor_detector/include/cpp08_armor_detector/cpp08_armor_detector
-- Up-to-date: /home/hzy/ArmorDetector/install/cpp08_armor_detector/include/cpp08_armor_detector/cpp08_armor_detector/msg
-- Up-to-date: /home/hzy/ArmorDetector/install/cpp08_armor_detector/include/cpp08_armor_detector/cpp08_armor_detector/msg/detail
-- Up-to-date: /home/hzy/ArmorDetector/install/cpp08_armor_detector/include/cpp08_armor_detector/cpp08_armor_detector/msg/detail/armor_target__type_support.cpp
-- Up-to-date: /home/hzy/ArmorDetector/install/cpp08_armor_detector/include/cpp08_armor_detector/cpp08_armor_detector/msg/detail/armor_target__rosidl_typesupport_introspection_cpp.hpp
-- Up-to-date: /home/hzy/ArmorDetector/install/cpp08_armor_detector/lib/libcpp08_armor_detector__rosidl_typesupport_introspection_cpp.so
-- Up-to-date: /home/hzy/ArmorDetector/install/cpp08_armor_detector/lib/libcpp08_armor_detector__rosidl_typesupport_cpp.so
-- Up-to-date: /home/hzy/ArmorDetector/install/cpp08_armor_detector/share/cpp08_armor_detector/environment/pythonpath.sh
-- Up-to-date: /home/hzy/ArmorDetector/install/cpp08_armor_detector/share/cpp08_armor_detector/environment/pythonpath.dsv
-- Up-to-date: /home/hzy/ArmorDetector/install/cpp08_armor_detector/local/lib/python3.10/dist-packages/cpp08_armor_detector-0.0.0-py3.10.egg-info
-- Installing: /home/hzy/ArmorDetector/install/cpp08_armor_detector/local/lib/python3.10/dist-packages/cpp08_armor_detector-0.0.0-py3.10.egg-info/top_level.txt
-- Installing: /home/hzy/ArmorDetector/install/cpp08_armor_detector/local/lib/python3.10/dist-packages/cpp08_armor_detector-0.0.0-py3.10.egg-info/dependency_links.txt
-- Installing: /home/hzy/ArmorDetector/install/cpp08_armor_detector/local/lib/python3.10/dist-packages/cpp08_armor_detector-0.0.0-py3.10.egg-info/PKG-INFO
-- Installing: /home/hzy/ArmorDetector/install/cpp08_armor_detector/local/lib/python3.10/dist-packages/cpp08_armor_detector-0.0.0-py3.10.egg-info/SOURCES.txt
-- Up-to-date: /home/hzy/ArmorDetector/install/cpp08_armor_detector/local/lib/python3.10/dist-packages/cpp08_armor_detector
-- Up-to-date: /home/hzy/ArmorDetector/install/cpp08_armor_detector/local/lib/python3.10/dist-packages/cpp08_armor_detector/cpp08_armor_detector_s__rosidl_typesupport_fastrtps_c.cpython-310-x86_64-linux-gnu.so
-- Up-to-date: /home/hzy/ArmorDetector/install/cpp08_armor_detector/local/lib/python3.10/dist-packages/cpp08_armor_detector/_cpp08_armor_detector_s.ep.rosidl_typesupport_c.c
-- Up-to-date: /home/hzy/ArmorDetector/install/cpp08_armor_detector/local/lib/python3.10/dist-packages/cpp08_armor_detector/libcpp08_armor_detector__rosidl_generator_py.so
-- Up-to-date: /home/hzy/ArmorDetector/install/cpp08_armor_detector/local/lib/python3.10/dist-packages/cpp08_armor_detector/cpp08_armor_detector_s__rosidl_typesupport_c.cpython-310-x86_64-linux-gnu.so
-- Up-to-date: /home/hzy/ArmorDetector/install/cpp08_armor_detector/local/lib/python3.10/dist-packages/cpp08_armor_detector/_cpp08_armor_detector_s.ep.rosidl_typesupport_fastrtps_c.c
-- Up-to-date: /home/hzy/ArmorDetector/install/cpp08_armor_detector/local/lib/python3.10/dist-packages/cpp08_armor_detector/__init__.py
-- Up-to-date: /home/hzy/ArmorDetector/install/cpp08_armor_detector/local/lib/python3.10/dist-packages/cpp08_armor_detector/msg
-- Up-to-date: /home/hzy/ArmorDetector/install/cpp08_armor_detector/local/lib/python3.10/dist-packages/cpp08_armor_detector/msg/_armor_target_s.c
-- Up-to-date: /home/hzy/ArmorDetector/install/cpp08_armor_detector/local/lib/python3.10/dist-packages/cpp08_armor_detector/msg/__init__.py
-- Up-to-date: /home/hzy/ArmorDetector/install/cpp08_armor_detector/local/lib/python3.10/dist-packages/cpp08_armor_detector/msg/_armor_target.py
-- Up-to-date: /home/hzy/ArmorDetector/install/cpp08_armor_detector/local/lib/python3.10/dist-packages/cpp08_armor_detector/cpp08_armor_detector_s__rosidl_typesupport_introspection_c.cpython-310-x86_64-linux-gnu.so
-- Up-to-date: /home/hzy/ArmorDetector/install/cpp08_armor_detector/local/lib/python3.10/dist-packages/cpp08_armor_detector/_cpp08_armor_detector_s.ep.rosidl_typesupport_introspection_c.c
Listing '/home/hzy/ArmorDetector/install/cpp08_armor_detector/local/lib/python3.10/dist-packages/cpp08_armor_detector'...
Listing '/home/hzy/ArmorDetector/install/cpp08_armor_detector/local/lib/python3.10/dist-packages/cpp08_armor_detector/msg'...
-- Up-to-date: /home/hzy/ArmorDetector/install/cpp08_armor_detector/local/lib/python3.10/dist-packages/cpp08_armor_detector/cpp08_armor_detector_s__rosidl_typesupport_fastrtps_c.cpython-310-x86_64-linux-gnu.so
-- Up-to-date: /home/hzy/ArmorDetector/install/cpp08_armor_detector/local/lib/python3.10/dist-packages/cpp08_armor_detector/cpp08_armor_detector_s__rosidl_typesupport_introspection_c.cpython-310-x86_64-linux-gnu.so
-- Up-to-date: /home/hzy/ArmorDetector/install/cpp08_armor_detector/local/lib/python3.10/dist-packages/cpp08_armor_detector/cpp08_armor_detector_s__rosidl_typesupport_c.cpython-310-x86_64-linux-gnu.so
-- Up-to-date: /home/hzy/ArmorDetector/install/cpp08_armor_detector/lib/libcpp08_armor_detector__rosidl_generator_py.so
-- Up-to-date: /home/hzy/ArmorDetector/install/cpp08_armor_detector/share/ament_index/resource_index/rust_packages/cpp08_armor_detector
-- Up-to-date: /home/hzy/ArmorDetector/install/cpp08_armor_detector/share/cpp08_armor_detector/rust
-- Up-to-date: /home/hzy/ArmorDetector/install/cpp08_armor_detector/share/cpp08_armor_detector/rust/src
-- Up-to-date: /home/hzy/ArmorDetector/install/cpp08_armor_detector/share/cpp08_armor_detector/rust/src/msg.rs
-- Up-to-date: /home/hzy/ArmorDetector/install/cpp08_armor_detector/share/cpp08_armor_detector/rust/src/msg
-- Up-to-date: /home/hzy/ArmorDetector/install/cpp08_armor_detector/share/cpp08_armor_detector/rust/src/msg/rmw.rs
-- Up-to-date: /home/hzy/ArmorDetector/install/cpp08_armor_detector/share/cpp08_armor_detector/rust/src/lib.rs
-- Up-to-date: /home/hzy/ArmorDetector/install/cpp08_armor_detector/share/cpp08_armor_detector/rust/build.rs
-- Up-to-date: /home/hzy/ArmorDetector/install/cpp08_armor_detector/share/cpp08_armor_detector/rust/Cargo.toml
-- Up-to-date: /home/hzy/ArmorDetector/install/cpp08_armor_detector/share/cpp08_armor_detector/msg/ArmorTarget.idl
-- Up-to-date: /home/hzy/ArmorDetector/install/cpp08_armor_detector/share/cpp08_armor_detector/msg/ArmorTarget.msg
-- Up-to-date: /home/hzy/ArmorDetector/install/cpp08_armor_detector/lib/cpp08_armor_detector/camera_node
-- Up-to-date: /home/hzy/ArmorDetector/install/cpp08_armor_detector/lib/cpp08_armor_detector/detect_node
-- Up-to-date: /home/hzy/ArmorDetector/install/cpp08_armor_detector/share/cpp08_armor_detector/launch
-- Up-to-date: /home/hzy/ArmorDetector/install/cpp08_armor_detector/share/cpp08_armor_detector/launch/armor_launch.py
-- Up-to-date: /home/hzy/ArmorDetector/install/cpp08_armor_detector/share/cpp08_armor_detector/launch/armor_camera_launch.py
-- Up-to-date: /home/hzy/ArmorDetector/install/cpp08_armor_detector/share/cpp08_armor_detector/launch/armor_launch_galaxy.py
-- Up-to-date: /home/hzy/ArmorDetector/install/cpp08_armor_detector/share/ament_index/resource_index/package_run_dependencies/cpp08_armor_detector
-- Up-to-date: /home/hzy/ArmorDetector/install/cpp08_armor_detector/share/ament_index/resource_index/parent_prefix_path/cpp08_armor_detector
-- Up-to-date: /home/hzy/ArmorDetector/install/cpp08_armor_detector/share/cpp08_armor_detector/environment/ament_prefix_path.sh
-- Up-to-date: /home/hzy/ArmorDetector/install/cpp08_armor_detector/share/cpp08_armor_detector/environment/ament_prefix_path.dsv
-- Up-to-date: /home/hzy/ArmorDetector/install/cpp08_armor_detector/share/cpp08_armor_detector/environment/path.sh
-- Up-to-date: /home/hzy/ArmorDetector/install/cpp08_armor_detector/share/cpp08_armor_detector/environment/path.dsv
-- Up-to-date: /home/hzy/ArmorDetector/install/cpp08_armor_detector/share/cpp08_armor_detector/local_setup.bash
-- Up-to-date: /home/hzy/ArmorDetector/install/cpp08_armor_detector/share/cpp08_armor_detector/local_setup.sh
-- Up-to-date: /home/hzy/ArmorDetector/install/cpp08_armor_detector/share/cpp08_armor_detector/local_setup.zsh
-- Up-to-date: /home/hzy/ArmorDetector/install/cpp08_armor_detector/share/cpp08_armor_detector/local_setup.dsv
-- Installing: /home/hzy/ArmorDetector/install/cpp08_armor_detector/share/cpp08_armor_detector/package.dsv
-- Up-to-date: /home/hzy/ArmorDetector/install/cpp08_armor_detector/share/ament_index/resource_index/packages/cpp08_armor_detector
-- Up-to-date: /home/hzy/ArmorDetector/install/cpp08_armor_detector/share/cpp08_armor_detector/cmake/export_cpp08_armor_detector__rosidl_generator_cExport.cmake
-- Up-to-date: /home/hzy/ArmorDetector/install/cpp08_armor_detector/share/cpp08_armor_detector/cmake/export_cpp08_armor_detector__rosidl_generator_cExport-noconfig.cmake
-- Up-to-date: /home/hzy/ArmorDetector/install/cpp08_armor_detector/share/cpp08_armor_detector/cmake/export_cpp08_armor_detector__rosidl_typesupport_fastrtps_cExport.cmake
-- Up-to-date: /home/hzy/ArmorDetector/install/cpp08_armor_detector/share/cpp08_armor_detector/cmake/export_cpp08_armor_detector__rosidl_typesupport_fastrtps_cExport-noconfig.cmake
-- Up-to-date: /home/hzy/ArmorDetector/install/cpp08_armor_detector/share/cpp08_armor_detector/cmake/export_cpp08_armor_detector__rosidl_generator_cppExport.cmake
-- Up-to-date: /home/hzy/ArmorDetector/install/cpp08_armor_detector/share/cpp08_armor_detector/cmake/export_cpp08_armor_detector__rosidl_typesupport_fastrtps_cppExport.cmake
-- Up-to-date: /home/hzy/ArmorDetector/install/cpp08_armor_detector/share/cpp08_armor_detector/cmake/export_cpp08_armor_detector__rosidl_typesupport_fastrtps_cppExport-noconfig.cmake
-- Up-to-date: /home/hzy/ArmorDetector/install/cpp08_armor_detector/share/cpp08_armor_detector/cmake/cpp08_armor_detector__rosidl_typesupport_introspection_cExport.cmake
-- Up-to-date: /home/hzy/ArmorDetector/install/cpp08_armor_detector/share/cpp08_armor_detector/cmake/cpp08_armor_detector__rosidl_typesupport_introspection_cExport-noconfig.cmake
-- Up-to-date: /home/hzy/ArmorDetector/install/cpp08_armor_detector/share/cpp08_armor_detector/cmake/cpp08_armor_detector__rosidl_typesupport_cExport.cmake
-- Up-to-date: /home/hzy/ArmorDetector/install/cpp08_armor_detector/share/cpp08_armor_detector/cmake/cpp08_armor_detector__rosidl_typesupport_cExport-noconfig.cmake
-- Up-to-date: /home/hzy/ArmorDetector/install/cpp08_armor_detector/share/cpp08_armor_detector/cmake/cpp08_armor_detector__rosidl_typesupport_introspection_cppExport.cmake
-- Up-to-date: /home/hzy/ArmorDetector/install/cpp08_armor_detector/share/cpp08_armor_detector/cmake/cpp08_armor_detector__rosidl_typesupport_introspection_cppExport-noconfig.cmake
-- Up-to-date: /home/hzy/ArmorDetector/install/cpp08_armor_detector/share/cpp08_armor_detector/cmake/cpp08_armor_detector__rosidl_typesupport_cppExport.cmake
-- Up-to-date: /home/hzy/ArmorDetector/install/cpp08_armor_detector/share/cpp08_armor_detector/cmake/cpp08_armor_detector__rosidl_typesupport_cppExport-noconfig.cmake
-- Up-to-date: /home/hzy/ArmorDetector/install/cpp08_armor_detector/share/cpp08_armor_detector/cmake/export_cpp08_armor_detector__rosidl_generator_pyExport.cmake
-- Up-to-date: /home/hzy/ArmorDetector/install/cpp08_armor_detector/share/cpp08_armor_detector/cmake/export_cpp08_armor_detector__rosidl_generator_pyExport-noconfig.cmake
-- Up-to-date: /home/hzy/ArmorDetector/install/cpp08_armor_detector/share/cpp08_armor_detector/cmake/rosidl_cmake-extras.cmake
-- Up-to-date: /home/hzy/ArmorDetector/install/cpp08_armor_detector/share/cpp08_armor_detector/cmake/ament_cmake_export_dependencies-extras.cmake
-- Up-to-date: /home/hzy/ArmorDetector/install/cpp08_armor_detector/share/cpp08_armor_detector/cmake/ament_cmake_export_include_directories-extras.cmake
-- Up-to-date: /home/hzy/ArmorDetector/install/cpp08_armor_detector/share/cpp08_armor_detector/cmake/ament_cmake_export_libraries-extras.cmake
-- Up-to-date: /home/hzy/ArmorDetector/install/cpp08_armor_detector/share/cpp08_armor_detector/cmake/ament_cmake_export_targets-extras.cmake
-- Up-to-date: /home/hzy/ArmorDetector/install/cpp08_armor_detector/share/cpp08_armor_detector/cmake/rosidl_cmake_export_typesupport_targets-extras.cmake
-- Up-to-date: /home/hzy/ArmorDetector/install/cpp08_armor_detector/share/cpp08_armor_detector/cmake/rosidl_cmake_export_typesupport_libraries-extras.cmake
-- Up-to-date: /home/hzy/ArmorDetector/install/cpp08_armor_detector/share/cpp08_armor_detector/cmake/cpp08_armor_detectorConfig.cmake
-- Up-to-date: /home/hzy/ArmorDetector/install/cpp08_armor_detector/share/cpp08_armor_detector/cmake/cpp08_armor_detectorConfig-version.cmake
-- Up-to-date: /home/hzy/ArmorDetector/install/cpp08_armor_detector/share/cpp08_armor_detector/package.xml
