[0.051s] DEBUG:colcon:Command line arguments: ['/usr/bin/colcon', 'build']
[0.051s] DEBUG:colcon:Parsed command line arguments: Namespace(log_base=None, log_level=None, verb_name='build', build_base='build', install_base='install', merge_install=False, symlink_install=False, test_result_base=None, continue_on_error=False, executor='parallel', parallel_workers=32, event_handlers=None, ignore_user_meta=False, metas=['./colcon.meta'], base_paths=['.'], packages_ignore=None, packages_ignore_regex=None, paths=None, packages_up_to=None, packages_up_to_regex=None, packages_above=None, packages_above_and_dependencies=None, packages_above_depth=None, packages_select_by_dep=None, packages_skip_by_dep=None, packages_skip_up_to=None, packages_select_build_failed=False, packages_skip_build_finished=False, packages_select_test_failures=False, packages_skip_test_passed=False, packages_select=None, packages_skip=None, packages_select_regex=None, packages_skip_regex=None, packages_start=None, packages_end=None, allow_overriding=[], cmake_args=None, cmake_target=None, cmake_target_skip_unavailable=False, cmake_clean_cache=False, cmake_clean_first=False, cmake_force_configure=False, ament_cmake_args=None, catkin_cmake_args=None, catkin_skip_building_tests=False, verb_parser=<colcon_defaults.argument_parser.defaults.DefaultArgumentsDecorator object at 0x7472519c7790>, verb_extension=<colcon_core.verb.build.BuildVerb object at 0x747251afcaf0>, main=<bound method BuildVerb.main of <colcon_core.verb.build.BuildVerb object at 0x747251afcaf0>>)
[0.125s] Level 1:colcon.colcon_core.package_discovery:discover_packages(colcon_meta) check parameters
[0.125s] Level 1:colcon.colcon_core.package_discovery:discover_packages(recursive) check parameters
[0.125s] Level 1:colcon.colcon_core.package_discovery:discover_packages(ignore) check parameters
[0.125s] Level 1:colcon.colcon_core.package_discovery:discover_packages(path) check parameters
[0.125s] Level 1:colcon.colcon_core.package_discovery:discover_packages(colcon_meta) discover
[0.125s] Level 1:colcon.colcon_core.package_discovery:discover_packages(recursive) discover
[0.125s] INFO:colcon.colcon_core.package_discovery:Crawling recursively for packages in '/home/hzy/ArmorDetector'
[0.125s] Level 1:colcon.colcon_core.package_identification:_identify(.) by extensions ['ignore', 'ignore_ament_install']
[0.125s] Level 1:colcon.colcon_core.package_identification:_identify(.) by extension 'ignore'
[0.125s] Level 1:colcon.colcon_core.package_identification:_identify(.) by extension 'ignore_ament_install'
[0.125s] Level 1:colcon.colcon_core.package_identification:_identify(.) by extensions ['colcon_pkg']
[0.125s] Level 1:colcon.colcon_core.package_identification:_identify(.) by extension 'colcon_pkg'
[0.125s] Level 1:colcon.colcon_core.package_identification:_identify(.) by extensions ['colcon_meta']
[0.125s] Level 1:colcon.colcon_core.package_identification:_identify(.) by extension 'colcon_meta'
[0.125s] Level 1:colcon.colcon_core.package_identification:_identify(.) by extensions ['ros']
[0.125s] Level 1:colcon.colcon_core.package_identification:_identify(.) by extension 'ros'
[0.131s] Level 1:colcon.colcon_core.package_identification:_identify(.) by extensions ['cmake', 'python']
[0.131s] Level 1:colcon.colcon_core.package_identification:_identify(.) by extension 'cmake'
[0.131s] Level 1:colcon.colcon_core.package_identification:_identify(.) by extension 'python'
[0.131s] Level 1:colcon.colcon_core.package_identification:_identify(.) by extensions ['python_setup_py']
[0.131s] Level 1:colcon.colcon_core.package_identification:_identify(.) by extension 'python_setup_py'
[0.131s] Level 1:colcon.colcon_core.package_identification:_identify(Camera) by extensions ['ignore', 'ignore_ament_install']
[0.131s] Level 1:colcon.colcon_core.package_identification:_identify(Camera) by extension 'ignore'
[0.131s] Level 1:colcon.colcon_core.package_identification:_identify(Camera) by extension 'ignore_ament_install'
[0.131s] Level 1:colcon.colcon_core.package_identification:_identify(Camera) by extensions ['colcon_pkg']
[0.131s] Level 1:colcon.colcon_core.package_identification:_identify(Camera) by extension 'colcon_pkg'
[0.131s] Level 1:colcon.colcon_core.package_identification:_identify(Camera) by extensions ['colcon_meta']
[0.131s] Level 1:colcon.colcon_core.package_identification:_identify(Camera) by extension 'colcon_meta'
[0.131s] Level 1:colcon.colcon_core.package_identification:_identify(Camera) by extensions ['ros']
[0.131s] Level 1:colcon.colcon_core.package_identification:_identify(Camera) by extension 'ros'
[0.131s] Level 1:colcon.colcon_core.package_identification:_identify(Camera) by extensions ['cmake', 'python']
[0.131s] Level 1:colcon.colcon_core.package_identification:_identify(Camera) by extension 'cmake'
[0.131s] Level 1:colcon.colcon_core.package_identification:_identify(Camera) by extension 'python'
[0.131s] Level 1:colcon.colcon_core.package_identification:_identify(Camera) by extensions ['python_setup_py']
[0.131s] Level 1:colcon.colcon_core.package_identification:_identify(Camera) by extension 'python_setup_py'
[0.131s] Level 1:colcon.colcon_core.package_identification:_identify(Camera/Data) by extensions ['ignore', 'ignore_ament_install']
[0.132s] Level 1:colcon.colcon_core.package_identification:_identify(Camera/Data) by extension 'ignore'
[0.132s] Level 1:colcon.colcon_core.package_identification:_identify(Camera/Data) by extension 'ignore_ament_install'
[0.132s] Level 1:colcon.colcon_core.package_identification:_identify(Camera/Data) by extensions ['colcon_pkg']
[0.132s] Level 1:colcon.colcon_core.package_identification:_identify(Camera/Data) by extension 'colcon_pkg'
[0.132s] Level 1:colcon.colcon_core.package_identification:_identify(Camera/Data) by extensions ['colcon_meta']
[0.132s] Level 1:colcon.colcon_core.package_identification:_identify(Camera/Data) by extension 'colcon_meta'
[0.132s] Level 1:colcon.colcon_core.package_identification:_identify(Camera/Data) by extensions ['ros']
[0.132s] Level 1:colcon.colcon_core.package_identification:_identify(Camera/Data) by extension 'ros'
[0.132s] Level 1:colcon.colcon_core.package_identification:_identify(Camera/Data) by extensions ['cmake', 'python']
[0.132s] Level 1:colcon.colcon_core.package_identification:_identify(Camera/Data) by extension 'cmake'
[0.132s] Level 1:colcon.colcon_core.package_identification:_identify(Camera/Data) by extension 'python'
[0.132s] Level 1:colcon.colcon_core.package_identification:_identify(Camera/Data) by extensions ['python_setup_py']
[0.132s] Level 1:colcon.colcon_core.package_identification:_identify(Camera/Data) by extension 'python_setup_py'
[0.132s] Level 1:colcon.colcon_core.package_identification:_identify(Camera/log) by extensions ['ignore', 'ignore_ament_install']
[0.132s] Level 1:colcon.colcon_core.package_identification:_identify(Camera/log) by extension 'ignore'
[0.132s] Level 1:colcon.colcon_core.package_identification:_identify(Camera/log) by extension 'ignore_ament_install'
[0.132s] Level 1:colcon.colcon_core.package_identification:_identify(Camera/log) by extensions ['colcon_pkg']
[0.132s] Level 1:colcon.colcon_core.package_identification:_identify(Camera/log) by extension 'colcon_pkg'
[0.132s] Level 1:colcon.colcon_core.package_identification:_identify(Camera/log) by extensions ['colcon_meta']
[0.132s] Level 1:colcon.colcon_core.package_identification:_identify(Camera/log) by extension 'colcon_meta'
[0.132s] Level 1:colcon.colcon_core.package_identification:_identify(Camera/log) by extensions ['ros']
[0.132s] Level 1:colcon.colcon_core.package_identification:_identify(Camera/log) by extension 'ros'
[0.132s] Level 1:colcon.colcon_core.package_identification:_identify(Camera/log) by extensions ['cmake', 'python']
[0.132s] Level 1:colcon.colcon_core.package_identification:_identify(Camera/log) by extension 'cmake'
[0.132s] Level 1:colcon.colcon_core.package_identification:_identify(Camera/log) by extension 'python'
[0.132s] Level 1:colcon.colcon_core.package_identification:_identify(Camera/log) by extensions ['python_setup_py']
[0.132s] Level 1:colcon.colcon_core.package_identification:_identify(Camera/log) by extension 'python_setup_py'
[0.132s] Level 1:colcon.colcon_core.package_identification:_identify(build) by extensions ['ignore', 'ignore_ament_install']
[0.132s] Level 1:colcon.colcon_core.package_identification:_identify(build) by extension 'ignore'
[0.132s] Level 1:colcon.colcon_core.package_identification:_identify(build) ignored
[0.132s] Level 1:colcon.colcon_core.package_identification:_identify(install) by extensions ['ignore', 'ignore_ament_install']
[0.132s] Level 1:colcon.colcon_core.package_identification:_identify(install) by extension 'ignore'
[0.132s] Level 1:colcon.colcon_core.package_identification:_identify(install) ignored
[0.132s] Level 1:colcon.colcon_core.package_identification:_identify(log) by extensions ['ignore', 'ignore_ament_install']
[0.132s] Level 1:colcon.colcon_core.package_identification:_identify(log) by extension 'ignore'
[0.132s] Level 1:colcon.colcon_core.package_identification:_identify(log) ignored
[0.132s] Level 1:colcon.colcon_core.package_identification:_identify(src) by extensions ['ignore', 'ignore_ament_install']
[0.132s] Level 1:colcon.colcon_core.package_identification:_identify(src) by extension 'ignore'
[0.132s] Level 1:colcon.colcon_core.package_identification:_identify(src) by extension 'ignore_ament_install'
[0.132s] Level 1:colcon.colcon_core.package_identification:_identify(src) by extensions ['colcon_pkg']
[0.132s] Level 1:colcon.colcon_core.package_identification:_identify(src) by extension 'colcon_pkg'
[0.132s] Level 1:colcon.colcon_core.package_identification:_identify(src) by extensions ['colcon_meta']
[0.132s] Level 1:colcon.colcon_core.package_identification:_identify(src) by extension 'colcon_meta'
[0.132s] Level 1:colcon.colcon_core.package_identification:_identify(src) by extensions ['ros']
[0.132s] Level 1:colcon.colcon_core.package_identification:_identify(src) by extension 'ros'
[0.132s] Level 1:colcon.colcon_core.package_identification:_identify(src) by extensions ['cmake', 'python']
[0.133s] Level 1:colcon.colcon_core.package_identification:_identify(src) by extension 'cmake'
[0.133s] Level 1:colcon.colcon_core.package_identification:_identify(src) by extension 'python'
[0.133s] Level 1:colcon.colcon_core.package_identification:_identify(src) by extensions ['python_setup_py']
[0.133s] Level 1:colcon.colcon_core.package_identification:_identify(src) by extension 'python_setup_py'
[0.133s] Level 1:colcon.colcon_core.package_identification:_identify(src/Camera) by extensions ['ignore', 'ignore_ament_install']
[0.133s] Level 1:colcon.colcon_core.package_identification:_identify(src/Camera) by extension 'ignore'
[0.133s] Level 1:colcon.colcon_core.package_identification:_identify(src/Camera) by extension 'ignore_ament_install'
[0.133s] Level 1:colcon.colcon_core.package_identification:_identify(src/Camera) by extensions ['colcon_pkg']
[0.133s] Level 1:colcon.colcon_core.package_identification:_identify(src/Camera) by extension 'colcon_pkg'
[0.133s] Level 1:colcon.colcon_core.package_identification:_identify(src/Camera) by extensions ['colcon_meta']
[0.133s] Level 1:colcon.colcon_core.package_identification:_identify(src/Camera) by extension 'colcon_meta'
[0.133s] Level 1:colcon.colcon_core.package_identification:_identify(src/Camera) by extensions ['ros']
[0.133s] Level 1:colcon.colcon_core.package_identification:_identify(src/Camera) by extension 'ros'
[0.133s] Level 1:colcon.colcon_core.package_identification:_identify(src/Camera) by extensions ['cmake', 'python']
[0.133s] Level 1:colcon.colcon_core.package_identification:_identify(src/Camera) by extension 'cmake'
[0.133s] Level 1:colcon.colcon_core.package_identification:_identify(src/Camera) by extension 'python'
[0.133s] Level 1:colcon.colcon_core.package_identification:_identify(src/Camera) by extensions ['python_setup_py']
[0.133s] Level 1:colcon.colcon_core.package_identification:_identify(src/Camera) by extension 'python_setup_py'
[0.133s] Level 1:colcon.colcon_core.package_identification:_identify(src/Camera/Data) by extensions ['ignore', 'ignore_ament_install']
[0.133s] Level 1:colcon.colcon_core.package_identification:_identify(src/Camera/Data) by extension 'ignore'
[0.133s] Level 1:colcon.colcon_core.package_identification:_identify(src/Camera/Data) by extension 'ignore_ament_install'
[0.133s] Level 1:colcon.colcon_core.package_identification:_identify(src/Camera/Data) by extensions ['colcon_pkg']
[0.133s] Level 1:colcon.colcon_core.package_identification:_identify(src/Camera/Data) by extension 'colcon_pkg'
[0.133s] Level 1:colcon.colcon_core.package_identification:_identify(src/Camera/Data) by extensions ['colcon_meta']
[0.133s] Level 1:colcon.colcon_core.package_identification:_identify(src/Camera/Data) by extension 'colcon_meta'
[0.133s] Level 1:colcon.colcon_core.package_identification:_identify(src/Camera/Data) by extensions ['ros']
[0.133s] Level 1:colcon.colcon_core.package_identification:_identify(src/Camera/Data) by extension 'ros'
[0.133s] Level 1:colcon.colcon_core.package_identification:_identify(src/Camera/Data) by extensions ['cmake', 'python']
[0.133s] Level 1:colcon.colcon_core.package_identification:_identify(src/Camera/Data) by extension 'cmake'
[0.133s] Level 1:colcon.colcon_core.package_identification:_identify(src/Camera/Data) by extension 'python'
[0.133s] Level 1:colcon.colcon_core.package_identification:_identify(src/Camera/Data) by extensions ['python_setup_py']
[0.133s] Level 1:colcon.colcon_core.package_identification:_identify(src/Camera/Data) by extension 'python_setup_py'
[0.133s] Level 1:colcon.colcon_core.package_identification:_identify(src/Camera/log) by extensions ['ignore', 'ignore_ament_install']
[0.133s] Level 1:colcon.colcon_core.package_identification:_identify(src/Camera/log) by extension 'ignore'
[0.133s] Level 1:colcon.colcon_core.package_identification:_identify(src/Camera/log) by extension 'ignore_ament_install'
[0.133s] Level 1:colcon.colcon_core.package_identification:_identify(src/Camera/log) by extensions ['colcon_pkg']
[0.133s] Level 1:colcon.colcon_core.package_identification:_identify(src/Camera/log) by extension 'colcon_pkg'
[0.133s] Level 1:colcon.colcon_core.package_identification:_identify(src/Camera/log) by extensions ['colcon_meta']
[0.133s] Level 1:colcon.colcon_core.package_identification:_identify(src/Camera/log) by extension 'colcon_meta'
[0.133s] Level 1:colcon.colcon_core.package_identification:_identify(src/Camera/log) by extensions ['ros']
[0.133s] Level 1:colcon.colcon_core.package_identification:_identify(src/Camera/log) by extension 'ros'
[0.133s] Level 1:colcon.colcon_core.package_identification:_identify(src/Camera/log) by extensions ['cmake', 'python']
[0.133s] Level 1:colcon.colcon_core.package_identification:_identify(src/Camera/log) by extension 'cmake'
[0.133s] Level 1:colcon.colcon_core.package_identification:_identify(src/Camera/log) by extension 'python'
[0.133s] Level 1:colcon.colcon_core.package_identification:_identify(src/Camera/log) by extensions ['python_setup_py']
[0.133s] Level 1:colcon.colcon_core.package_identification:_identify(src/Camera/log) by extension 'python_setup_py'
[0.133s] Level 1:colcon.colcon_core.package_identification:_identify(src/cpp08_armor_detector) by extensions ['ignore', 'ignore_ament_install']
[0.133s] Level 1:colcon.colcon_core.package_identification:_identify(src/cpp08_armor_detector) by extension 'ignore'
[0.133s] Level 1:colcon.colcon_core.package_identification:_identify(src/cpp08_armor_detector) by extension 'ignore_ament_install'
[0.133s] Level 1:colcon.colcon_core.package_identification:_identify(src/cpp08_armor_detector) by extensions ['colcon_pkg']
[0.133s] Level 1:colcon.colcon_core.package_identification:_identify(src/cpp08_armor_detector) by extension 'colcon_pkg'
[0.133s] Level 1:colcon.colcon_core.package_identification:_identify(src/cpp08_armor_detector) by extensions ['colcon_meta']
[0.134s] Level 1:colcon.colcon_core.package_identification:_identify(src/cpp08_armor_detector) by extension 'colcon_meta'
[0.134s] Level 1:colcon.colcon_core.package_identification:_identify(src/cpp08_armor_detector) by extensions ['ros']
[0.134s] Level 1:colcon.colcon_core.package_identification:_identify(src/cpp08_armor_detector) by extension 'ros'
[0.135s] DEBUG:colcon.colcon_core.package_identification:Package 'src/cpp08_armor_detector' with type 'ros.ament_cmake' and name 'cpp08_armor_detector'
[0.135s] Level 1:colcon.colcon_core.package_identification:_identify(src/rm_vision_ros2_galaxy_camera-master) by extensions ['ignore', 'ignore_ament_install']
[0.135s] Level 1:colcon.colcon_core.package_identification:_identify(src/rm_vision_ros2_galaxy_camera-master) by extension 'ignore'
[0.135s] Level 1:colcon.colcon_core.package_identification:_identify(src/rm_vision_ros2_galaxy_camera-master) by extension 'ignore_ament_install'
[0.135s] Level 1:colcon.colcon_core.package_identification:_identify(src/rm_vision_ros2_galaxy_camera-master) by extensions ['colcon_pkg']
[0.135s] Level 1:colcon.colcon_core.package_identification:_identify(src/rm_vision_ros2_galaxy_camera-master) by extension 'colcon_pkg'
[0.135s] Level 1:colcon.colcon_core.package_identification:_identify(src/rm_vision_ros2_galaxy_camera-master) by extensions ['colcon_meta']
[0.135s] Level 1:colcon.colcon_core.package_identification:_identify(src/rm_vision_ros2_galaxy_camera-master) by extension 'colcon_meta'
[0.135s] Level 1:colcon.colcon_core.package_identification:_identify(src/rm_vision_ros2_galaxy_camera-master) by extensions ['ros']
[0.135s] Level 1:colcon.colcon_core.package_identification:_identify(src/rm_vision_ros2_galaxy_camera-master) by extension 'ros'
[0.136s] DEBUG:colcon.colcon_core.package_identification:Package 'src/rm_vision_ros2_galaxy_camera-master' with type 'ros.ament_cmake' and name 'galaxy_camera'
[0.136s] Level 1:colcon.colcon_core.package_identification:_identify(src/ros2_mindvision_camera) by extensions ['ignore', 'ignore_ament_install']
[0.136s] Level 1:colcon.colcon_core.package_identification:_identify(src/ros2_mindvision_camera) by extension 'ignore'
[0.136s] Level 1:colcon.colcon_core.package_identification:_identify(src/ros2_mindvision_camera) by extension 'ignore_ament_install'
[0.136s] Level 1:colcon.colcon_core.package_identification:_identify(src/ros2_mindvision_camera) by extensions ['colcon_pkg']
[0.136s] Level 1:colcon.colcon_core.package_identification:_identify(src/ros2_mindvision_camera) by extension 'colcon_pkg'
[0.136s] Level 1:colcon.colcon_core.package_identification:_identify(src/ros2_mindvision_camera) by extensions ['colcon_meta']
[0.136s] Level 1:colcon.colcon_core.package_identification:_identify(src/ros2_mindvision_camera) by extension 'colcon_meta'
[0.136s] Level 1:colcon.colcon_core.package_identification:_identify(src/ros2_mindvision_camera) by extensions ['ros']
[0.136s] Level 1:colcon.colcon_core.package_identification:_identify(src/ros2_mindvision_camera) by extension 'ros'
[0.136s] DEBUG:colcon.colcon_core.package_identification:Package 'src/ros2_mindvision_camera' with type 'ros.ament_cmake' and name 'mindvision_camera'
[0.136s] Level 1:colcon.colcon_core.package_discovery:discover_packages(recursive) using defaults
[0.136s] Level 1:colcon.colcon_core.package_discovery:discover_packages(ignore) discover
[0.136s] Level 1:colcon.colcon_core.package_discovery:discover_packages(ignore) using defaults
[0.136s] Level 1:colcon.colcon_core.package_discovery:discover_packages(path) discover
[0.136s] Level 1:colcon.colcon_core.package_discovery:discover_packages(path) using defaults
[0.147s] Level 1:colcon.colcon_core.package_discovery:discover_packages(prefix_path) check parameters
[0.147s] Level 1:colcon.colcon_core.package_discovery:discover_packages(prefix_path) discover
[0.148s] DEBUG:colcon.colcon_installed_package_information.package_discovery:Found 3 installed packages in /home/hzy/ArmorDetector/install
[0.148s] DEBUG:colcon.colcon_installed_package_information.package_discovery:Found 2 installed packages in /home/hzy/ArmorDetector3/install
[0.149s] DEBUG:colcon.colcon_installed_package_information.package_discovery:Found 279 installed packages in /opt/ros/humble
[0.159s] Level 1:colcon.colcon_core.package_discovery:discover_packages(prefix_path) using defaults
[0.179s] Level 5:colcon.colcon_core.verb:set package 'cpp08_armor_detector' build argument 'cmake_args' from command line to 'None'
[0.179s] Level 5:colcon.colcon_core.verb:set package 'cpp08_armor_detector' build argument 'cmake_target' from command line to 'None'
[0.179s] Level 5:colcon.colcon_core.verb:set package 'cpp08_armor_detector' build argument 'cmake_target_skip_unavailable' from command line to 'False'
[0.179s] Level 5:colcon.colcon_core.verb:set package 'cpp08_armor_detector' build argument 'cmake_clean_cache' from command line to 'False'
[0.179s] Level 5:colcon.colcon_core.verb:set package 'cpp08_armor_detector' build argument 'cmake_clean_first' from command line to 'False'
[0.179s] Level 5:colcon.colcon_core.verb:set package 'cpp08_armor_detector' build argument 'cmake_force_configure' from command line to 'False'
[0.179s] Level 5:colcon.colcon_core.verb:set package 'cpp08_armor_detector' build argument 'ament_cmake_args' from command line to 'None'
[0.179s] Level 5:colcon.colcon_core.verb:set package 'cpp08_armor_detector' build argument 'catkin_cmake_args' from command line to 'None'
[0.179s] Level 5:colcon.colcon_core.verb:set package 'cpp08_armor_detector' build argument 'catkin_skip_building_tests' from command line to 'False'
[0.179s] DEBUG:colcon.colcon_core.verb:Building package 'cpp08_armor_detector' with the following arguments: {'ament_cmake_args': None, 'build_base': '/home/hzy/ArmorDetector/build/cpp08_armor_detector', 'catkin_cmake_args': None, 'catkin_skip_building_tests': False, 'cmake_args': None, 'cmake_clean_cache': False, 'cmake_clean_first': False, 'cmake_force_configure': False, 'cmake_target': None, 'cmake_target_skip_unavailable': False, 'install_base': '/home/hzy/ArmorDetector/install/cpp08_armor_detector', 'merge_install': False, 'path': '/home/hzy/ArmorDetector/src/cpp08_armor_detector', 'symlink_install': False, 'test_result_base': None}
[0.179s] Level 5:colcon.colcon_core.verb:set package 'galaxy_camera' build argument 'cmake_args' from command line to 'None'
[0.179s] Level 5:colcon.colcon_core.verb:set package 'galaxy_camera' build argument 'cmake_target' from command line to 'None'
[0.179s] Level 5:colcon.colcon_core.verb:set package 'galaxy_camera' build argument 'cmake_target_skip_unavailable' from command line to 'False'
[0.179s] Level 5:colcon.colcon_core.verb:set package 'galaxy_camera' build argument 'cmake_clean_cache' from command line to 'False'
[0.179s] Level 5:colcon.colcon_core.verb:set package 'galaxy_camera' build argument 'cmake_clean_first' from command line to 'False'
[0.179s] Level 5:colcon.colcon_core.verb:set package 'galaxy_camera' build argument 'cmake_force_configure' from command line to 'False'
[0.179s] Level 5:colcon.colcon_core.verb:set package 'galaxy_camera' build argument 'ament_cmake_args' from command line to 'None'
[0.179s] Level 5:colcon.colcon_core.verb:set package 'galaxy_camera' build argument 'catkin_cmake_args' from command line to 'None'
[0.179s] Level 5:colcon.colcon_core.verb:set package 'galaxy_camera' build argument 'catkin_skip_building_tests' from command line to 'False'
[0.179s] DEBUG:colcon.colcon_core.verb:Building package 'galaxy_camera' with the following arguments: {'ament_cmake_args': None, 'build_base': '/home/hzy/ArmorDetector/build/galaxy_camera', 'catkin_cmake_args': None, 'catkin_skip_building_tests': False, 'cmake_args': None, 'cmake_clean_cache': False, 'cmake_clean_first': False, 'cmake_force_configure': False, 'cmake_target': None, 'cmake_target_skip_unavailable': False, 'install_base': '/home/hzy/ArmorDetector/install/galaxy_camera', 'merge_install': False, 'path': '/home/hzy/ArmorDetector/src/rm_vision_ros2_galaxy_camera-master', 'symlink_install': False, 'test_result_base': None}
[0.179s] Level 5:colcon.colcon_core.verb:set package 'mindvision_camera' build argument 'cmake_args' from command line to 'None'
[0.179s] Level 5:colcon.colcon_core.verb:set package 'mindvision_camera' build argument 'cmake_target' from command line to 'None'
[0.179s] Level 5:colcon.colcon_core.verb:set package 'mindvision_camera' build argument 'cmake_target_skip_unavailable' from command line to 'False'
[0.179s] Level 5:colcon.colcon_core.verb:set package 'mindvision_camera' build argument 'cmake_clean_cache' from command line to 'False'
[0.179s] Level 5:colcon.colcon_core.verb:set package 'mindvision_camera' build argument 'cmake_clean_first' from command line to 'False'
[0.179s] Level 5:colcon.colcon_core.verb:set package 'mindvision_camera' build argument 'cmake_force_configure' from command line to 'False'
[0.179s] Level 5:colcon.colcon_core.verb:set package 'mindvision_camera' build argument 'ament_cmake_args' from command line to 'None'
[0.179s] Level 5:colcon.colcon_core.verb:set package 'mindvision_camera' build argument 'catkin_cmake_args' from command line to 'None'
[0.179s] Level 5:colcon.colcon_core.verb:set package 'mindvision_camera' build argument 'catkin_skip_building_tests' from command line to 'False'
[0.179s] DEBUG:colcon.colcon_core.verb:Building package 'mindvision_camera' with the following arguments: {'ament_cmake_args': None, 'build_base': '/home/hzy/ArmorDetector/build/mindvision_camera', 'catkin_cmake_args': None, 'catkin_skip_building_tests': False, 'cmake_args': None, 'cmake_clean_cache': False, 'cmake_clean_first': False, 'cmake_force_configure': False, 'cmake_target': None, 'cmake_target_skip_unavailable': False, 'install_base': '/home/hzy/ArmorDetector/install/mindvision_camera', 'merge_install': False, 'path': '/home/hzy/ArmorDetector/src/ros2_mindvision_camera', 'symlink_install': False, 'test_result_base': None}
[0.179s] INFO:colcon.colcon_core.executor:Executing jobs using 'parallel' executor
[0.180s] DEBUG:colcon.colcon_parallel_executor.executor.parallel:run_until_complete
[0.180s] INFO:colcon.colcon_ros.task.ament_cmake.build:Building ROS package in '/home/hzy/ArmorDetector/src/cpp08_armor_detector' with build type 'ament_cmake'
[0.180s] INFO:colcon.colcon_cmake.task.cmake.build:Building CMake package in '/home/hzy/ArmorDetector/src/cpp08_armor_detector'
[0.181s] INFO:colcon.colcon_core.plugin_system:Skipping extension 'colcon_core.shell.bat': Not used on non-Windows systems
[0.181s] INFO:colcon.colcon_core.shell:Skip shell extension 'powershell' for command environment: Not usable outside of PowerShell
[0.181s] DEBUG:colcon.colcon_core.shell:Skip shell extension 'dsv' for command environment
[0.184s] INFO:colcon.colcon_ros.task.ament_cmake.build:Building ROS package in '/home/hzy/ArmorDetector/src/rm_vision_ros2_galaxy_camera-master' with build type 'ament_cmake'
[0.184s] INFO:colcon.colcon_cmake.task.cmake.build:Building CMake package in '/home/hzy/ArmorDetector/src/rm_vision_ros2_galaxy_camera-master'
[0.184s] INFO:colcon.colcon_core.shell:Skip shell extension 'powershell' for command environment: Not usable outside of PowerShell
[0.184s] DEBUG:colcon.colcon_core.shell:Skip shell extension 'dsv' for command environment
[0.186s] INFO:colcon.colcon_ros.task.ament_cmake.build:Building ROS package in '/home/hzy/ArmorDetector/src/ros2_mindvision_camera' with build type 'ament_cmake'
[0.186s] INFO:colcon.colcon_cmake.task.cmake.build:Building CMake package in '/home/hzy/ArmorDetector/src/ros2_mindvision_camera'
[0.186s] INFO:colcon.colcon_core.shell:Skip shell extension 'powershell' for command environment: Not usable outside of PowerShell
[0.186s] DEBUG:colcon.colcon_core.shell:Skip shell extension 'dsv' for command environment
[0.191s] DEBUG:colcon.colcon_core.event_handler.log_command:Invoking command in '/home/hzy/ArmorDetector/build/cpp08_armor_detector': CMAKE_PREFIX_PATH=${CMAKE_PREFIX_PATH}:/opt/ros/humble CONDA_PROMPT_MODIFIER=(base) /usr/bin/cmake --build /home/hzy/ArmorDetector/build/cpp08_armor_detector -- -j32 -l32
[0.193s] DEBUG:colcon.colcon_core.event_handler.log_command:Invoking command in '/home/hzy/ArmorDetector/build/galaxy_camera': CMAKE_PREFIX_PATH=${CMAKE_PREFIX_PATH}:/opt/ros/humble CONDA_PROMPT_MODIFIER=(base) /usr/bin/cmake --build /home/hzy/ArmorDetector/build/galaxy_camera -- -j32 -l32
[0.196s] DEBUG:colcon.colcon_core.event_handler.log_command:Invoking command in '/home/hzy/ArmorDetector/build/mindvision_camera': CMAKE_PREFIX_PATH=${CMAKE_PREFIX_PATH}:/opt/ros/humble CONDA_PROMPT_MODIFIER=(base) /usr/bin/cmake --build /home/hzy/ArmorDetector/build/mindvision_camera -- -j32 -l32
[0.247s] DEBUG:colcon.colcon_core.event_handler.log_command:Invoked command in '/home/hzy/ArmorDetector/build/galaxy_camera' returned '0': CMAKE_PREFIX_PATH=${CMAKE_PREFIX_PATH}:/opt/ros/humble CONDA_PROMPT_MODIFIER=(base) /usr/bin/cmake --build /home/hzy/ArmorDetector/build/galaxy_camera -- -j32 -l32
[0.257s] DEBUG:colcon.colcon_core.event_handler.log_command:Invoking command in '/home/hzy/ArmorDetector/build/galaxy_camera': CMAKE_PREFIX_PATH=${CMAKE_PREFIX_PATH}:/opt/ros/humble CONDA_PROMPT_MODIFIER=(base) /usr/bin/cmake --install /home/hzy/ArmorDetector/build/galaxy_camera
[0.259s] DEBUG:colcon.colcon_core.event_handler.log_command:Invoked command in '/home/hzy/ArmorDetector/build/mindvision_camera' returned '0': CMAKE_PREFIX_PATH=${CMAKE_PREFIX_PATH}:/opt/ros/humble CONDA_PROMPT_MODIFIER=(base) /usr/bin/cmake --build /home/hzy/ArmorDetector/build/mindvision_camera -- -j32 -l32
[0.261s] DEBUG:colcon.colcon_core.event_handler.log_command:Invoking command in '/home/hzy/ArmorDetector/build/mindvision_camera': CMAKE_PREFIX_PATH=${CMAKE_PREFIX_PATH}:/opt/ros/humble CONDA_PROMPT_MODIFIER=(base) /usr/bin/cmake --install /home/hzy/ArmorDetector/build/mindvision_camera
[0.266s] Level 1:colcon.colcon_core.environment:create_environment_scripts_only(galaxy_camera)
[0.266s] DEBUG:colcon.colcon_core.event_handler.log_command:Invoked command in '/home/hzy/ArmorDetector/build/galaxy_camera' returned '0': CMAKE_PREFIX_PATH=${CMAKE_PREFIX_PATH}:/opt/ros/humble CONDA_PROMPT_MODIFIER=(base) /usr/bin/cmake --install /home/hzy/ArmorDetector/build/galaxy_camera
[0.269s] Level 1:colcon.colcon_core.environment:checking '/home/hzy/ArmorDetector/install/galaxy_camera' for CMake module files
[0.269s] Level 1:colcon.colcon_core.environment:checking '/home/hzy/ArmorDetector/install/galaxy_camera' for CMake config files
[0.269s] Level 1:colcon.colcon_core.shell:create_environment_hook('galaxy_camera', 'cmake_prefix_path')
[0.269s] INFO:colcon.colcon_core.shell:Creating environment hook '/home/hzy/ArmorDetector/install/galaxy_camera/share/galaxy_camera/hook/cmake_prefix_path.ps1'
[0.270s] INFO:colcon.colcon_core.shell:Creating environment descriptor '/home/hzy/ArmorDetector/install/galaxy_camera/share/galaxy_camera/hook/cmake_prefix_path.dsv'
[0.270s] INFO:colcon.colcon_core.shell:Creating environment hook '/home/hzy/ArmorDetector/install/galaxy_camera/share/galaxy_camera/hook/cmake_prefix_path.sh'
[0.271s] Level 1:colcon.colcon_core.environment:checking '/home/hzy/ArmorDetector/install/galaxy_camera/lib'
[0.271s] Level 1:colcon.colcon_core.shell:create_environment_hook('galaxy_camera', 'ld_library_path_lib')
[0.271s] INFO:colcon.colcon_core.shell:Creating environment hook '/home/hzy/ArmorDetector/install/galaxy_camera/share/galaxy_camera/hook/ld_library_path_lib.ps1'
[0.271s] INFO:colcon.colcon_core.shell:Creating environment descriptor '/home/hzy/ArmorDetector/install/galaxy_camera/share/galaxy_camera/hook/ld_library_path_lib.dsv'
[0.271s] INFO:colcon.colcon_core.shell:Creating environment hook '/home/hzy/ArmorDetector/install/galaxy_camera/share/galaxy_camera/hook/ld_library_path_lib.sh'
[0.272s] Level 1:colcon.colcon_core.environment:checking '/home/hzy/ArmorDetector/install/galaxy_camera/bin'
[0.272s] Level 1:colcon.colcon_core.environment:checking '/home/hzy/ArmorDetector/install/galaxy_camera/lib/pkgconfig/galaxy_camera.pc'
[0.272s] Level 1:colcon.colcon_core.environment:checking '/home/hzy/ArmorDetector/install/galaxy_camera/lib/python3.10/site-packages'
[0.272s] Level 1:colcon.colcon_core.environment:checking '/home/hzy/ArmorDetector/install/galaxy_camera/bin'
[0.272s] INFO:colcon.colcon_core.shell:Creating package script '/home/hzy/ArmorDetector/install/galaxy_camera/share/galaxy_camera/package.ps1'
[0.273s] INFO:colcon.colcon_core.shell:Creating package descriptor '/home/hzy/ArmorDetector/install/galaxy_camera/share/galaxy_camera/package.dsv'
[0.273s] INFO:colcon.colcon_core.shell:Creating package script '/home/hzy/ArmorDetector/install/galaxy_camera/share/galaxy_camera/package.sh'
[0.274s] INFO:colcon.colcon_core.shell:Creating package script '/home/hzy/ArmorDetector/install/galaxy_camera/share/galaxy_camera/package.bash'
[0.274s] INFO:colcon.colcon_core.shell:Creating package script '/home/hzy/ArmorDetector/install/galaxy_camera/share/galaxy_camera/package.zsh'
[0.275s] Level 1:colcon.colcon_core.environment:create_file_with_runtime_dependencies(/home/hzy/ArmorDetector/install/galaxy_camera/share/colcon-core/packages/galaxy_camera)
[0.275s] Level 1:colcon.colcon_core.environment:create_environment_scripts_only(galaxy_camera)
[0.275s] Level 1:colcon.colcon_core.environment:checking '/home/hzy/ArmorDetector/install/galaxy_camera' for CMake module files
[0.275s] Level 1:colcon.colcon_core.environment:checking '/home/hzy/ArmorDetector/install/galaxy_camera' for CMake config files
[0.276s] Level 1:colcon.colcon_core.shell:create_environment_hook('galaxy_camera', 'cmake_prefix_path')
[0.276s] INFO:colcon.colcon_core.shell:Creating environment hook '/home/hzy/ArmorDetector/install/galaxy_camera/share/galaxy_camera/hook/cmake_prefix_path.ps1'
[0.276s] INFO:colcon.colcon_core.shell:Creating environment descriptor '/home/hzy/ArmorDetector/install/galaxy_camera/share/galaxy_camera/hook/cmake_prefix_path.dsv'
[0.276s] INFO:colcon.colcon_core.shell:Creating environment hook '/home/hzy/ArmorDetector/install/galaxy_camera/share/galaxy_camera/hook/cmake_prefix_path.sh'
[0.276s] Level 1:colcon.colcon_core.environment:checking '/home/hzy/ArmorDetector/install/galaxy_camera/lib'
[0.276s] Level 1:colcon.colcon_core.shell:create_environment_hook('galaxy_camera', 'ld_library_path_lib')
[0.277s] INFO:colcon.colcon_core.shell:Creating environment hook '/home/hzy/ArmorDetector/install/galaxy_camera/share/galaxy_camera/hook/ld_library_path_lib.ps1'
[0.277s] INFO:colcon.colcon_core.shell:Creating environment descriptor '/home/hzy/ArmorDetector/install/galaxy_camera/share/galaxy_camera/hook/ld_library_path_lib.dsv'
[0.277s] INFO:colcon.colcon_core.shell:Creating environment hook '/home/hzy/ArmorDetector/install/galaxy_camera/share/galaxy_camera/hook/ld_library_path_lib.sh'
[0.277s] Level 1:colcon.colcon_core.environment:checking '/home/hzy/ArmorDetector/install/galaxy_camera/bin'
[0.277s] Level 1:colcon.colcon_core.environment:checking '/home/hzy/ArmorDetector/install/galaxy_camera/lib/pkgconfig/galaxy_camera.pc'
[0.277s] Level 1:colcon.colcon_core.environment:checking '/home/hzy/ArmorDetector/install/galaxy_camera/lib/python3.10/site-packages'
[0.278s] Level 1:colcon.colcon_core.environment:checking '/home/hzy/ArmorDetector/install/galaxy_camera/bin'
[0.278s] INFO:colcon.colcon_core.shell:Creating package script '/home/hzy/ArmorDetector/install/galaxy_camera/share/galaxy_camera/package.ps1'
[0.278s] INFO:colcon.colcon_core.shell:Creating package descriptor '/home/hzy/ArmorDetector/install/galaxy_camera/share/galaxy_camera/package.dsv'
[0.278s] INFO:colcon.colcon_core.shell:Creating package script '/home/hzy/ArmorDetector/install/galaxy_camera/share/galaxy_camera/package.sh'
[0.279s] INFO:colcon.colcon_core.shell:Creating package script '/home/hzy/ArmorDetector/install/galaxy_camera/share/galaxy_camera/package.bash'
[0.279s] INFO:colcon.colcon_core.shell:Creating package script '/home/hzy/ArmorDetector/install/galaxy_camera/share/galaxy_camera/package.zsh'
[0.279s] Level 1:colcon.colcon_core.environment:create_file_with_runtime_dependencies(/home/hzy/ArmorDetector/install/galaxy_camera/share/colcon-core/packages/galaxy_camera)
[0.280s] Level 1:colcon.colcon_core.environment:create_environment_scripts_only(mindvision_camera)
[0.280s] Level 1:colcon.colcon_core.environment:checking '/home/hzy/ArmorDetector/install/mindvision_camera' for CMake module files
[0.280s] DEBUG:colcon.colcon_core.event_handler.log_command:Invoked command in '/home/hzy/ArmorDetector/build/mindvision_camera' returned '0': CMAKE_PREFIX_PATH=${CMAKE_PREFIX_PATH}:/opt/ros/humble CONDA_PROMPT_MODIFIER=(base) /usr/bin/cmake --install /home/hzy/ArmorDetector/build/mindvision_camera
[0.280s] Level 1:colcon.colcon_core.environment:checking '/home/hzy/ArmorDetector/install/mindvision_camera' for CMake config files
[0.281s] Level 1:colcon.colcon_core.shell:create_environment_hook('mindvision_camera', 'cmake_prefix_path')
[0.281s] INFO:colcon.colcon_core.shell:Creating environment hook '/home/hzy/ArmorDetector/install/mindvision_camera/share/mindvision_camera/hook/cmake_prefix_path.ps1'
[0.281s] INFO:colcon.colcon_core.shell:Creating environment descriptor '/home/hzy/ArmorDetector/install/mindvision_camera/share/mindvision_camera/hook/cmake_prefix_path.dsv'
[0.281s] INFO:colcon.colcon_core.shell:Creating environment hook '/home/hzy/ArmorDetector/install/mindvision_camera/share/mindvision_camera/hook/cmake_prefix_path.sh'
[0.281s] Level 1:colcon.colcon_core.environment:checking '/home/hzy/ArmorDetector/install/mindvision_camera/lib'
[0.281s] Level 1:colcon.colcon_core.shell:create_environment_hook('mindvision_camera', 'ld_library_path_lib')
[0.281s] INFO:colcon.colcon_core.shell:Creating environment hook '/home/hzy/ArmorDetector/install/mindvision_camera/share/mindvision_camera/hook/ld_library_path_lib.ps1'
[0.282s] INFO:colcon.colcon_core.shell:Creating environment descriptor '/home/hzy/ArmorDetector/install/mindvision_camera/share/mindvision_camera/hook/ld_library_path_lib.dsv'
[0.282s] INFO:colcon.colcon_core.shell:Creating environment hook '/home/hzy/ArmorDetector/install/mindvision_camera/share/mindvision_camera/hook/ld_library_path_lib.sh'
[0.282s] Level 1:colcon.colcon_core.environment:checking '/home/hzy/ArmorDetector/install/mindvision_camera/bin'
[0.282s] Level 1:colcon.colcon_core.environment:checking '/home/hzy/ArmorDetector/install/mindvision_camera/lib/pkgconfig/mindvision_camera.pc'
[0.282s] Level 1:colcon.colcon_core.environment:checking '/home/hzy/ArmorDetector/install/mindvision_camera/lib/python3.10/site-packages'
[0.282s] Level 1:colcon.colcon_core.environment:checking '/home/hzy/ArmorDetector/install/mindvision_camera/bin'
[0.283s] INFO:colcon.colcon_core.shell:Creating package script '/home/hzy/ArmorDetector/install/mindvision_camera/share/mindvision_camera/package.ps1'
[0.283s] INFO:colcon.colcon_core.shell:Creating package descriptor '/home/hzy/ArmorDetector/install/mindvision_camera/share/mindvision_camera/package.dsv'
[0.283s] INFO:colcon.colcon_core.shell:Creating package script '/home/hzy/ArmorDetector/install/mindvision_camera/share/mindvision_camera/package.sh'
[0.283s] INFO:colcon.colcon_core.shell:Creating package script '/home/hzy/ArmorDetector/install/mindvision_camera/share/mindvision_camera/package.bash'
[0.283s] INFO:colcon.colcon_core.shell:Creating package script '/home/hzy/ArmorDetector/install/mindvision_camera/share/mindvision_camera/package.zsh'
[0.284s] Level 1:colcon.colcon_core.environment:create_file_with_runtime_dependencies(/home/hzy/ArmorDetector/install/mindvision_camera/share/colcon-core/packages/mindvision_camera)
[0.284s] Level 1:colcon.colcon_core.environment:create_environment_scripts_only(mindvision_camera)
[0.284s] Level 1:colcon.colcon_core.environment:checking '/home/hzy/ArmorDetector/install/mindvision_camera' for CMake module files
[0.284s] Level 1:colcon.colcon_core.environment:checking '/home/hzy/ArmorDetector/install/mindvision_camera' for CMake config files
[0.284s] Level 1:colcon.colcon_core.shell:create_environment_hook('mindvision_camera', 'cmake_prefix_path')
[0.284s] INFO:colcon.colcon_core.shell:Creating environment hook '/home/hzy/ArmorDetector/install/mindvision_camera/share/mindvision_camera/hook/cmake_prefix_path.ps1'
[0.285s] INFO:colcon.colcon_core.shell:Creating environment descriptor '/home/hzy/ArmorDetector/install/mindvision_camera/share/mindvision_camera/hook/cmake_prefix_path.dsv'
[0.285s] INFO:colcon.colcon_core.shell:Creating environment hook '/home/hzy/ArmorDetector/install/mindvision_camera/share/mindvision_camera/hook/cmake_prefix_path.sh'
[0.285s] Level 1:colcon.colcon_core.environment:checking '/home/hzy/ArmorDetector/install/mindvision_camera/lib'
[0.285s] Level 1:colcon.colcon_core.shell:create_environment_hook('mindvision_camera', 'ld_library_path_lib')
[0.285s] INFO:colcon.colcon_core.shell:Creating environment hook '/home/hzy/ArmorDetector/install/mindvision_camera/share/mindvision_camera/hook/ld_library_path_lib.ps1'
[0.286s] INFO:colcon.colcon_core.shell:Creating environment descriptor '/home/hzy/ArmorDetector/install/mindvision_camera/share/mindvision_camera/hook/ld_library_path_lib.dsv'
[0.286s] INFO:colcon.colcon_core.shell:Creating environment hook '/home/hzy/ArmorDetector/install/mindvision_camera/share/mindvision_camera/hook/ld_library_path_lib.sh'
[0.286s] Level 1:colcon.colcon_core.environment:checking '/home/hzy/ArmorDetector/install/mindvision_camera/bin'
[0.286s] Level 1:colcon.colcon_core.environment:checking '/home/hzy/ArmorDetector/install/mindvision_camera/lib/pkgconfig/mindvision_camera.pc'
[0.286s] Level 1:colcon.colcon_core.environment:checking '/home/hzy/ArmorDetector/install/mindvision_camera/lib/python3.10/site-packages'
[0.286s] Level 1:colcon.colcon_core.environment:checking '/home/hzy/ArmorDetector/install/mindvision_camera/bin'
[0.287s] INFO:colcon.colcon_core.shell:Creating package script '/home/hzy/ArmorDetector/install/mindvision_camera/share/mindvision_camera/package.ps1'
[0.287s] INFO:colcon.colcon_core.shell:Creating package descriptor '/home/hzy/ArmorDetector/install/mindvision_camera/share/mindvision_camera/package.dsv'
[0.287s] INFO:colcon.colcon_core.shell:Creating package script '/home/hzy/ArmorDetector/install/mindvision_camera/share/mindvision_camera/package.sh'
[0.287s] INFO:colcon.colcon_core.shell:Creating package script '/home/hzy/ArmorDetector/install/mindvision_camera/share/mindvision_camera/package.bash'
[0.288s] INFO:colcon.colcon_core.shell:Creating package script '/home/hzy/ArmorDetector/install/mindvision_camera/share/mindvision_camera/package.zsh'
[0.288s] Level 1:colcon.colcon_core.environment:create_file_with_runtime_dependencies(/home/hzy/ArmorDetector/install/mindvision_camera/share/colcon-core/packages/mindvision_camera)
[6.843s] DEBUG:colcon.colcon_core.event_handler.log_command:Invoked command in '/home/hzy/ArmorDetector/build/cpp08_armor_detector' returned '0': CMAKE_PREFIX_PATH=${CMAKE_PREFIX_PATH}:/opt/ros/humble CONDA_PROMPT_MODIFIER=(base) /usr/bin/cmake --build /home/hzy/ArmorDetector/build/cpp08_armor_detector -- -j32 -l32
[6.844s] DEBUG:colcon.colcon_core.event_handler.log_command:Invoking command in '/home/hzy/ArmorDetector/build/cpp08_armor_detector': CMAKE_PREFIX_PATH=${CMAKE_PREFIX_PATH}:/opt/ros/humble CONDA_PROMPT_MODIFIER=(base) /usr/bin/cmake --install /home/hzy/ArmorDetector/build/cpp08_armor_detector
[6.878s] Level 1:colcon.colcon_core.environment:create_environment_scripts_only(cpp08_armor_detector)
[6.878s] Level 1:colcon.colcon_core.environment:checking '/home/hzy/ArmorDetector/install/cpp08_armor_detector' for CMake module files
[6.878s] DEBUG:colcon.colcon_core.event_handler.log_command:Invoked command in '/home/hzy/ArmorDetector/build/cpp08_armor_detector' returned '0': CMAKE_PREFIX_PATH=${CMAKE_PREFIX_PATH}:/opt/ros/humble CONDA_PROMPT_MODIFIER=(base) /usr/bin/cmake --install /home/hzy/ArmorDetector/build/cpp08_armor_detector
[6.879s] Level 1:colcon.colcon_core.environment:checking '/home/hzy/ArmorDetector/install/cpp08_armor_detector' for CMake config files
[6.879s] Level 1:colcon.colcon_core.shell:create_environment_hook('cpp08_armor_detector', 'cmake_prefix_path')
[6.879s] INFO:colcon.colcon_core.shell:Creating environment hook '/home/hzy/ArmorDetector/install/cpp08_armor_detector/share/cpp08_armor_detector/hook/cmake_prefix_path.ps1'
[6.879s] INFO:colcon.colcon_core.shell:Creating environment descriptor '/home/hzy/ArmorDetector/install/cpp08_armor_detector/share/cpp08_armor_detector/hook/cmake_prefix_path.dsv'
[6.880s] INFO:colcon.colcon_core.shell:Creating environment hook '/home/hzy/ArmorDetector/install/cpp08_armor_detector/share/cpp08_armor_detector/hook/cmake_prefix_path.sh'
[6.880s] Level 1:colcon.colcon_core.environment:checking '/home/hzy/ArmorDetector/install/cpp08_armor_detector/lib'
[6.880s] Level 1:colcon.colcon_core.shell:create_environment_hook('cpp08_armor_detector', 'ld_library_path_lib')
[6.880s] INFO:colcon.colcon_core.shell:Creating environment hook '/home/hzy/ArmorDetector/install/cpp08_armor_detector/share/cpp08_armor_detector/hook/ld_library_path_lib.ps1'
[6.880s] INFO:colcon.colcon_core.shell:Creating environment descriptor '/home/hzy/ArmorDetector/install/cpp08_armor_detector/share/cpp08_armor_detector/hook/ld_library_path_lib.dsv'
[6.880s] INFO:colcon.colcon_core.shell:Creating environment hook '/home/hzy/ArmorDetector/install/cpp08_armor_detector/share/cpp08_armor_detector/hook/ld_library_path_lib.sh'
[6.881s] Level 1:colcon.colcon_core.environment:checking '/home/hzy/ArmorDetector/install/cpp08_armor_detector/bin'
[6.881s] Level 1:colcon.colcon_core.environment:checking '/home/hzy/ArmorDetector/install/cpp08_armor_detector/lib/pkgconfig/cpp08_armor_detector.pc'
[6.881s] Level 1:colcon.colcon_core.environment:checking '/home/hzy/ArmorDetector/install/cpp08_armor_detector/lib/python3.10/site-packages'
[6.881s] Level 1:colcon.colcon_core.environment:checking '/home/hzy/ArmorDetector/install/cpp08_armor_detector/bin'
[6.881s] INFO:colcon.colcon_core.shell:Creating package script '/home/hzy/ArmorDetector/install/cpp08_armor_detector/share/cpp08_armor_detector/package.ps1'
[6.881s] INFO:colcon.colcon_core.shell:Creating package descriptor '/home/hzy/ArmorDetector/install/cpp08_armor_detector/share/cpp08_armor_detector/package.dsv'
[6.882s] INFO:colcon.colcon_core.shell:Creating package script '/home/hzy/ArmorDetector/install/cpp08_armor_detector/share/cpp08_armor_detector/package.sh'
[6.882s] INFO:colcon.colcon_core.shell:Creating package script '/home/hzy/ArmorDetector/install/cpp08_armor_detector/share/cpp08_armor_detector/package.bash'
[6.882s] INFO:colcon.colcon_core.shell:Creating package script '/home/hzy/ArmorDetector/install/cpp08_armor_detector/share/cpp08_armor_detector/package.zsh'
[6.882s] Level 1:colcon.colcon_core.environment:create_file_with_runtime_dependencies(/home/hzy/ArmorDetector/install/cpp08_armor_detector/share/colcon-core/packages/cpp08_armor_detector)
[6.882s] Level 1:colcon.colcon_core.environment:create_environment_scripts_only(cpp08_armor_detector)
[6.883s] Level 1:colcon.colcon_core.environment:checking '/home/hzy/ArmorDetector/install/cpp08_armor_detector' for CMake module files
[6.883s] Level 1:colcon.colcon_core.environment:checking '/home/hzy/ArmorDetector/install/cpp08_armor_detector' for CMake config files
[6.883s] Level 1:colcon.colcon_core.shell:create_environment_hook('cpp08_armor_detector', 'cmake_prefix_path')
[6.883s] INFO:colcon.colcon_core.shell:Creating environment hook '/home/hzy/ArmorDetector/install/cpp08_armor_detector/share/cpp08_armor_detector/hook/cmake_prefix_path.ps1'
[6.883s] INFO:colcon.colcon_core.shell:Creating environment descriptor '/home/hzy/ArmorDetector/install/cpp08_armor_detector/share/cpp08_armor_detector/hook/cmake_prefix_path.dsv'
[6.883s] INFO:colcon.colcon_core.shell:Creating environment hook '/home/hzy/ArmorDetector/install/cpp08_armor_detector/share/cpp08_armor_detector/hook/cmake_prefix_path.sh'
[6.884s] Level 1:colcon.colcon_core.environment:checking '/home/hzy/ArmorDetector/install/cpp08_armor_detector/lib'
[6.884s] Level 1:colcon.colcon_core.shell:create_environment_hook('cpp08_armor_detector', 'ld_library_path_lib')
[6.884s] INFO:colcon.colcon_core.shell:Creating environment hook '/home/hzy/ArmorDetector/install/cpp08_armor_detector/share/cpp08_armor_detector/hook/ld_library_path_lib.ps1'
[6.884s] INFO:colcon.colcon_core.shell:Creating environment descriptor '/home/hzy/ArmorDetector/install/cpp08_armor_detector/share/cpp08_armor_detector/hook/ld_library_path_lib.dsv'
[6.884s] INFO:colcon.colcon_core.shell:Creating environment hook '/home/hzy/ArmorDetector/install/cpp08_armor_detector/share/cpp08_armor_detector/hook/ld_library_path_lib.sh'
[6.884s] Level 1:colcon.colcon_core.environment:checking '/home/hzy/ArmorDetector/install/cpp08_armor_detector/bin'
[6.884s] Level 1:colcon.colcon_core.environment:checking '/home/hzy/ArmorDetector/install/cpp08_armor_detector/lib/pkgconfig/cpp08_armor_detector.pc'
[6.885s] Level 1:colcon.colcon_core.environment:checking '/home/hzy/ArmorDetector/install/cpp08_armor_detector/lib/python3.10/site-packages'
[6.885s] Level 1:colcon.colcon_core.environment:checking '/home/hzy/ArmorDetector/install/cpp08_armor_detector/bin'
[6.885s] INFO:colcon.colcon_core.shell:Creating package script '/home/hzy/ArmorDetector/install/cpp08_armor_detector/share/cpp08_armor_detector/package.ps1'
[6.885s] INFO:colcon.colcon_core.shell:Creating package descriptor '/home/hzy/ArmorDetector/install/cpp08_armor_detector/share/cpp08_armor_detector/package.dsv'
[6.885s] INFO:colcon.colcon_core.shell:Creating package script '/home/hzy/ArmorDetector/install/cpp08_armor_detector/share/cpp08_armor_detector/package.sh'
[6.886s] INFO:colcon.colcon_core.shell:Creating package script '/home/hzy/ArmorDetector/install/cpp08_armor_detector/share/cpp08_armor_detector/package.bash'
[6.886s] INFO:colcon.colcon_core.shell:Creating package script '/home/hzy/ArmorDetector/install/cpp08_armor_detector/share/cpp08_armor_detector/package.zsh'
[6.886s] Level 1:colcon.colcon_core.environment:create_file_with_runtime_dependencies(/home/hzy/ArmorDetector/install/cpp08_armor_detector/share/colcon-core/packages/cpp08_armor_detector)
[6.886s] DEBUG:colcon.colcon_parallel_executor.executor.parallel:closing loop
[6.886s] DEBUG:colcon.colcon_parallel_executor.executor.parallel:loop closed
[6.886s] DEBUG:colcon.colcon_parallel_executor.executor.parallel:run_until_complete finished with '0'
[6.886s] DEBUG:colcon.colcon_core.event_reactor:joining thread
[6.890s] INFO:colcon.colcon_core.plugin_system:Skipping extension 'colcon_notification.desktop_notification.terminal_notifier': Not used on non-Darwin systems
[6.890s] INFO:colcon.colcon_core.plugin_system:Skipping extension 'colcon_notification.desktop_notification.win32': Not used on non-Windows systems
[6.890s] INFO:colcon.colcon_notification.desktop_notification:Sending desktop notification using 'notify2'
[6.896s] DEBUG:colcon.colcon_core.event_reactor:joined thread
[6.896s] INFO:colcon.colcon_core.shell:Creating prefix script '/home/hzy/ArmorDetector/install/local_setup.ps1'
[6.897s] INFO:colcon.colcon_core.shell:Creating prefix util module '/home/hzy/ArmorDetector/install/_local_setup_util_ps1.py'
[6.897s] INFO:colcon.colcon_core.shell:Creating prefix chain script '/home/hzy/ArmorDetector/install/setup.ps1'
[6.898s] INFO:colcon.colcon_core.shell:Creating prefix script '/home/hzy/ArmorDetector/install/local_setup.sh'
[6.898s] INFO:colcon.colcon_core.shell:Creating prefix util module '/home/hzy/ArmorDetector/install/_local_setup_util_sh.py'
[6.898s] INFO:colcon.colcon_core.shell:Creating prefix chain script '/home/hzy/ArmorDetector/install/setup.sh'
[6.899s] INFO:colcon.colcon_core.shell:Creating prefix script '/home/hzy/ArmorDetector/install/local_setup.bash'
[6.899s] INFO:colcon.colcon_core.shell:Creating prefix chain script '/home/hzy/ArmorDetector/install/setup.bash'
[6.900s] INFO:colcon.colcon_core.shell:Creating prefix script '/home/hzy/ArmorDetector/install/local_setup.zsh'
[6.900s] INFO:colcon.colcon_core.shell:Creating prefix chain script '/home/hzy/ArmorDetector/install/setup.zsh'
