-- The C compiler identification is GNU 11.4.0
-- The CXX compiler identification is GNU 11.4.0
-- Detecting C compiler ABI info
-- Detecting C compiler ABI info - done
-- Check for working C compiler: /usr/bin/cc - skipped
-- Detecting C compile features
-- Detecting C compile features - done
-- Detecting CXX compiler ABI info
-- Detecting CXX compiler ABI info - done
-- Check for working CXX compiler: /usr/bin/c++ - skipped
-- Detecting CXX compile features
-- Detecting CXX compile features - done
-- Found ament_cmake: 1.3.12 (/opt/ros/humble/share/ament_cmake/cmake)
-- Found Python3: /usr/bin/python3 (found version "3.10.12") found components: Interpreter 
-- Found rclcpp: 16.0.18 (/opt/ros/humble/share/rclcpp/cmake)
-- Found rosidl_generator_c: 3.1.8 (/opt/ros/humble/share/rosidl_generator_c/cmake)
-- Found rosidl_adapter: 3.1.8 (/opt/ros/humble/share/rosidl_adapter/cmake)
-- Found rosidl_generator_cpp: 3.1.8 (/opt/ros/humble/share/rosidl_generator_cpp/cmake)
-- Using all available rosidl_typesupport_c: rosidl_typesupport_fastrtps_c;rosidl_typesupport_introspection_c
-- Using all available rosidl_typesupport_cpp: rosidl_typesupport_fastrtps_cpp;rosidl_typesupport_introspection_cpp
-- Found rmw_implementation_cmake: 6.1.2 (/opt/ros/humble/share/rmw_implementation_cmake/cmake)
-- Found rmw_fastrtps_cpp: 6.2.9 (/opt/ros/humble/share/rmw_fastrtps_cpp/cmake)
-- Found OpenSSL: /usr/lib/x86_64-linux-gnu/libcrypto.so (found version "3.0.2")  
-- Found FastRTPS: /opt/ros/humble/include  
-- Using RMW implementation 'rmw_fastrtps_cpp' as default
-- Looking for pthread.h
-- Looking for pthread.h - found
-- Performing Test CMAKE_HAVE_LIBC_PTHREAD
-- Performing Test CMAKE_HAVE_LIBC_PTHREAD - Success
-- Found Threads: TRUE  
-- Found sensor_msgs: 4.9.1 (/opt/ros/humble/share/sensor_msgs/cmake)
-- Found cv_bridge: 3.2.1 (/opt/ros/humble/share/cv_bridge/cmake)
-- Found OpenCV: /usr (found version "4.5.4") 
-- Found rosidl_default_generators: 1.2.0 (/opt/ros/humble/share/rosidl_default_generators/cmake)
-- Found ament_cmake_ros: 0.10.0 (/opt/ros/humble/share/ament_cmake_ros/cmake)
-- Using all available rosidl_typesupport_c: rosidl_typesupport_fastrtps_c;rosidl_typesupport_introspection_c
-- Using all available rosidl_typesupport_cpp: rosidl_typesupport_fastrtps_cpp;rosidl_typesupport_introspection_cpp
-- Found PythonInterp: /usr/bin/python3 (found suitable version "3.10.12", minimum required is "3.6") 
-- Found python_cmake_module: 0.10.0 (/opt/ros/humble/share/python_cmake_module/cmake)
-- Found PythonLibs: /usr/lib/x86_64-linux-gnu/libpython3.10.so (found suitable version "3.10.12", minimum required is "3.5") 
-- Using PYTHON_EXECUTABLE: /usr/bin/python3
-- Using PYTHON_INCLUDE_DIRS: /usr/include/python3.10
-- Using PYTHON_LIBRARIES: /usr/lib/x86_64-linux-gnu/libpython3.10.so
-- Found PythonExtra: .so  
-- Found ament_lint_auto: 0.12.14 (/opt/ros/humble/share/ament_lint_auto/cmake)
-- Added test 'copyright' to check source files copyright and LICENSE
-- Added test 'cppcheck' to perform static code analysis on C / C++ code
-- Configured cppcheck include dirs: /home/hzy/ArmorDetector/cpp08_armor_detector/include;/home/hzy/ArmorDetector/cpp08_armor_detector/build/cpp08_armor_detector/rosidl_generator_cpp;/home/hzy/ArmorDetector/cpp08_armor_detector/install/cpp08_armor_detector/include;$<BUILD_INTERFACE:/home/hzy/ArmorDetector/cpp08_armor_detector/build/cpp08_armor_detector/rosidl_generator_c>;$<BUILD_INTERFACE:/home/hzy/ArmorDetector/cpp08_armor_detector/build/cpp08_armor_detector/rosidl_typesupport_fastrtps_c>;$<BUILD_INTERFACE:/home/hzy/ArmorDetector/cpp08_armor_detector/build/cpp08_armor_detector/rosidl_generator_cpp>;$<BUILD_INTERFACE:/home/hzy/ArmorDetector/cpp08_armor_detector/build/cpp08_armor_detector/rosidl_typesupport_fastrtps_cpp>;$<BUILD_INTERFACE:/home/hzy/ArmorDetector/cpp08_armor_detector/build/cpp08_armor_detector/rosidl_typesupport_introspection_c>;$<BUILD_INTERFACE:/home/hzy/ArmorDetector/cpp08_armor_detector/build/cpp08_armor_detector/rosidl_typesupport_introspection_cpp>;/home/hzy/ArmorDetector/cpp08_armor_detector/build/cpp08_armor_detector/rosidl_generator_c;/home/hzy/ArmorDetector/cpp08_armor_detector/build/cpp08_armor_detector/rosidl_generator_py;$<BUILD_INTERFACE:/home/hzy/ArmorDetector/cpp08_armor_detector/include>
-- Configured cppcheck exclude dirs and/or files: 
-- Added test 'cpplint' to check C / C++ code against the Google style
-- Configured cpplint exclude dirs and/or files: 
-- Added test 'flake8' to check Python code syntax and style conventions
-- Added test 'lint_cmake' to check CMake code style
-- Added test 'pep257' to check Python code against some of the docstring style conventions in PEP 257
-- Added test 'uncrustify' to check C / C++ code style
-- Configured uncrustify additional arguments: 
-- Added test 'xmllint' to check XML markup files
-- Configuring done
-- Generating done
-- Build files have been written to: /home/hzy/ArmorDetector/cpp08_armor_detector/build/cpp08_armor_detector
[  2%] [34m[1mGenerating C code for ROS interfaces[0m
[  5%] [34m[1mGenerating C++ code for ROS interfaces[0m
[  8%] [32mBuilding CXX object CMakeFiles/camera_node.dir/src/camera_node.cpp.o[0m
[  8%] Built target ament_cmake_python_copy_cpp08_armor_detector
running egg_info
creating cpp08_armor_detector.egg-info
writing cpp08_armor_detector.egg-info/PKG-INFO
writing dependency_links to cpp08_armor_detector.egg-info/dependency_links.txt
writing top-level names to cpp08_armor_detector.egg-info/top_level.txt
writing manifest file 'cpp08_armor_detector.egg-info/SOURCES.txt'
reading manifest file 'cpp08_armor_detector.egg-info/SOURCES.txt'
writing manifest file 'cpp08_armor_detector.egg-info/SOURCES.txt'
[  8%] Built target ament_cmake_python_build_cpp08_armor_detector_egg
[ 11%] [32mBuilding C object CMakeFiles/cpp08_armor_detector__rosidl_generator_c.dir/rosidl_generator_c/cpp08_armor_detector/msg/detail/armor_target__functions.c.o[0m
[ 11%] Built target cpp08_armor_detector__cpp
[ 14%] [34m[1mGenerating C++ type support dispatch for ROS interfaces[0m
[ 20%] [34m[1mGenerating C++ type support for eProsima Fast-RTPS[0m
[ 20%] [34m[1mGenerating C++ introspection for ROS interfaces[0m
[ 22%] [32m[1mLinking C shared library libcpp08_armor_detector__rosidl_generator_c.so[0m
[ 22%] Built target cpp08_armor_detector__rosidl_generator_c
[ 25%] [34m[1mGenerating C introspection for ROS interfaces[0m
[ 28%] [34m[1mGenerating C type support dispatch for ROS interfaces[0m
[ 31%] [34m[1mGenerating C type support for eProsima Fast-RTPS[0m
[ 34%] [32mBuilding CXX object CMakeFiles/cpp08_armor_detector__rosidl_typesupport_cpp.dir/rosidl_typesupport_cpp/cpp08_armor_detector/msg/armor_target__type_support.cpp.o[0m
[ 37%] [32mBuilding CXX object CMakeFiles/cpp08_armor_detector__rosidl_typesupport_introspection_cpp.dir/rosidl_typesupport_introspection_cpp/cpp08_armor_detector/msg/detail/armor_target__type_support.cpp.o[0m
[ 40%] [32mBuilding CXX object CMakeFiles/cpp08_armor_detector__rosidl_typesupport_fastrtps_cpp.dir/rosidl_typesupport_fastrtps_cpp/cpp08_armor_detector/msg/detail/dds_fastrtps/armor_target__type_support.cpp.o[0m
[ 42%] [32mBuilding CXX object CMakeFiles/cpp08_armor_detector__rosidl_typesupport_c.dir/rosidl_typesupport_c/cpp08_armor_detector/msg/armor_target__type_support.cpp.o[0m
[ 45%] [32mBuilding C object CMakeFiles/cpp08_armor_detector__rosidl_typesupport_introspection_c.dir/rosidl_typesupport_introspection_c/cpp08_armor_detector/msg/detail/armor_target__type_support.c.o[0m
[ 48%] [32mBuilding CXX object CMakeFiles/cpp08_armor_detector__rosidl_typesupport_fastrtps_c.dir/rosidl_typesupport_fastrtps_c/cpp08_armor_detector/msg/detail/armor_target__type_support_c.cpp.o[0m
[ 51%] [32m[1mLinking CXX shared library libcpp08_armor_detector__rosidl_typesupport_c.so[0m
[ 54%] [32m[1mLinking C shared library libcpp08_armor_detector__rosidl_typesupport_introspection_c.so[0m
[ 54%] Built target cpp08_armor_detector__rosidl_typesupport_c
[ 54%] Built target cpp08_armor_detector__rosidl_typesupport_introspection_c
[ 57%] [32m[1mLinking CXX shared library libcpp08_armor_detector__rosidl_typesupport_cpp.so[0m
[ 57%] Built target cpp08_armor_detector__rosidl_typesupport_cpp
[ 60%] [32mBuilding CXX object CMakeFiles/detect_node.dir/src/detect_node.cpp.o[0m
[ 62%] [32m[1mLinking CXX shared library libcpp08_armor_detector__rosidl_typesupport_introspection_cpp.so[0m
[ 65%] [32m[1mLinking CXX shared library libcpp08_armor_detector__rosidl_typesupport_fastrtps_cpp.so[0m
[ 65%] Built target cpp08_armor_detector__rosidl_typesupport_introspection_cpp
[ 68%] [32m[1mLinking CXX shared library libcpp08_armor_detector__rosidl_typesupport_fastrtps_c.so[0m
[ 68%] Built target cpp08_armor_detector__rosidl_typesupport_fastrtps_cpp
[ 68%] Built target cpp08_armor_detector__rosidl_typesupport_fastrtps_c
[ 68%] Built target cpp08_armor_detector
[ 71%] [34m[1mGenerating Python code for ROS interfaces[0m
[ 71%] Built target cpp08_armor_detector__py
[ 74%] [32mBuilding C object CMakeFiles/cpp08_armor_detector__rosidl_generator_py.dir/rosidl_generator_py/cpp08_armor_detector/msg/_armor_target_s.c.o[0m
[ 77%] [32m[1mLinking C shared library rosidl_generator_py/cpp08_armor_detector/libcpp08_armor_detector__rosidl_generator_py.so[0m
[ 77%] Built target cpp08_armor_detector__rosidl_generator_py
[ 80%] [32mBuilding C object CMakeFiles/cpp08_armor_detector__rosidl_typesupport_introspection_c__pyext.dir/rosidl_generator_py/cpp08_armor_detector/_cpp08_armor_detector_s.ep.rosidl_typesupport_introspection_c.c.o[0m
[ 85%] [32mBuilding C object CMakeFiles/cpp08_armor_detector__rosidl_typesupport_c__pyext.dir/rosidl_generator_py/cpp08_armor_detector/_cpp08_armor_detector_s.ep.rosidl_typesupport_c.c.o[0m
[ 85%] [32mBuilding C object CMakeFiles/cpp08_armor_detector__rosidl_typesupport_fastrtps_c__pyext.dir/rosidl_generator_py/cpp08_armor_detector/_cpp08_armor_detector_s.ep.rosidl_typesupport_fastrtps_c.c.o[0m
[ 94%] [32m[1mLinking C shared library rosidl_generator_py/cpp08_armor_detector/cpp08_armor_detector_s__rosidl_typesupport_c.cpython-310-x86_64-linux-gnu.so[0m
[ 94%] [32m[1mLinking C shared library rosidl_generator_py/cpp08_armor_detector/cpp08_armor_detector_s__rosidl_typesupport_introspection_c.cpython-310-x86_64-linux-gnu.so[0m
[ 94%] [32m[1mLinking C shared library rosidl_generator_py/cpp08_armor_detector/cpp08_armor_detector_s__rosidl_typesupport_fastrtps_c.cpython-310-x86_64-linux-gnu.so[0m
[ 94%] Built target cpp08_armor_detector__rosidl_typesupport_c__pyext
[ 94%] Built target cpp08_armor_detector__rosidl_typesupport_introspection_c__pyext
[ 94%] Built target cpp08_armor_detector__rosidl_typesupport_fastrtps_c__pyext
[01m[K/home/hzy/ArmorDetector/cpp08_armor_detector/src/detect_node.cpp:[m[K In member function ‘[01m[Kcpp08_armor_detector::msg::ArmorTarget ArmorDetector::detect(cv::Mat)[m[K’:
[01m[K/home/hzy/ArmorDetector/cpp08_armor_detector/src/detect_node.cpp:71:19:[m[K [01;35m[Kwarning: [m[Kcomparison of integer expressions of different signedness: ‘[01m[Kint[m[K’ and ‘[01m[Kstd::vector<cv::Rect_<int> >::size_type[m[K’ {aka ‘[01m[Klong unsigned int[m[K’} [[01;35m[K]8;;https://gcc.gnu.org/onlinedocs/gcc/Warning-Options.html#index-Wsign-compare-Wsign-compare]8;;[m[K]
   71 |     for(int i=0; [01;35m[Ki<lightBars.size()[m[K; i++) {
      |                  [01;35m[K~^~~~~~~~~~~~~~~~~[m[K
[01m[K/home/hzy/ArmorDetector/cpp08_armor_detector/src/detect_node.cpp:72:25:[m[K [01;35m[Kwarning: [m[Kcomparison of integer expressions of different signedness: ‘[01m[Kint[m[K’ and ‘[01m[Kstd::vector<cv::Rect_<int> >::size_type[m[K’ {aka ‘[01m[Klong unsigned int[m[K’} [[01;35m[K]8;;https://gcc.gnu.org/onlinedocs/gcc/Warning-Options.html#index-Wsign-compare-Wsign-compare]8;;[m[K]
   72 |         for(int j=i+1; [01;35m[Kj<lightBars.size()[m[K; j++) {
      |                        [01;35m[K~^~~~~~~~~~~~~~~~~[m[K
[ 97%] [32m[1mLinking CXX executable camera_node[0m
[ 97%] Built target camera_node
[100%] [32m[1mLinking CXX executable detect_node[0m
[100%] Built target detect_node
-- Install configuration: ""
-- Installing: /home/hzy/ArmorDetector/cpp08_armor_detector/install/cpp08_armor_detector/share/ament_index/resource_index/rosidl_interfaces/cpp08_armor_detector
-- Installing: /home/hzy/ArmorDetector/cpp08_armor_detector/install/cpp08_armor_detector/include/cpp08_armor_detector/cpp08_armor_detector
-- Installing: /home/hzy/ArmorDetector/cpp08_armor_detector/install/cpp08_armor_detector/include/cpp08_armor_detector/cpp08_armor_detector/msg
-- Installing: /home/hzy/ArmorDetector/cpp08_armor_detector/install/cpp08_armor_detector/include/cpp08_armor_detector/cpp08_armor_detector/msg/rosidl_generator_c__visibility_control.h
-- Installing: /home/hzy/ArmorDetector/cpp08_armor_detector/install/cpp08_armor_detector/include/cpp08_armor_detector/cpp08_armor_detector/msg/armor_target.h
-- Installing: /home/hzy/ArmorDetector/cpp08_armor_detector/install/cpp08_armor_detector/include/cpp08_armor_detector/cpp08_armor_detector/msg/detail
-- Installing: /home/hzy/ArmorDetector/cpp08_armor_detector/install/cpp08_armor_detector/include/cpp08_armor_detector/cpp08_armor_detector/msg/detail/armor_target__functions.h
-- Installing: /home/hzy/ArmorDetector/cpp08_armor_detector/install/cpp08_armor_detector/include/cpp08_armor_detector/cpp08_armor_detector/msg/detail/armor_target__type_support.h
-- Installing: /home/hzy/ArmorDetector/cpp08_armor_detector/install/cpp08_armor_detector/include/cpp08_armor_detector/cpp08_armor_detector/msg/detail/armor_target__struct.h
-- Installing: /home/hzy/ArmorDetector/cpp08_armor_detector/install/cpp08_armor_detector/include/cpp08_armor_detector/cpp08_armor_detector/msg/detail/armor_target__functions.c
-- Installing: /home/hzy/ArmorDetector/cpp08_armor_detector/install/cpp08_armor_detector/share/cpp08_armor_detector/environment/library_path.sh
-- Installing: /home/hzy/ArmorDetector/cpp08_armor_detector/install/cpp08_armor_detector/share/cpp08_armor_detector/environment/library_path.dsv
-- Installing: /home/hzy/ArmorDetector/cpp08_armor_detector/install/cpp08_armor_detector/lib/libcpp08_armor_detector__rosidl_generator_c.so
-- Set runtime path of "/home/hzy/ArmorDetector/cpp08_armor_detector/install/cpp08_armor_detector/lib/libcpp08_armor_detector__rosidl_generator_c.so" to ""
-- Up-to-date: /home/hzy/ArmorDetector/cpp08_armor_detector/install/cpp08_armor_detector/include/cpp08_armor_detector/cpp08_armor_detector
-- Up-to-date: /home/hzy/ArmorDetector/cpp08_armor_detector/install/cpp08_armor_detector/include/cpp08_armor_detector/cpp08_armor_detector/msg
-- Installing: /home/hzy/ArmorDetector/cpp08_armor_detector/install/cpp08_armor_detector/include/cpp08_armor_detector/cpp08_armor_detector/msg/rosidl_typesupport_fastrtps_c__visibility_control.h
-- Up-to-date: /home/hzy/ArmorDetector/cpp08_armor_detector/install/cpp08_armor_detector/include/cpp08_armor_detector/cpp08_armor_detector/msg/detail
-- Installing: /home/hzy/ArmorDetector/cpp08_armor_detector/install/cpp08_armor_detector/include/cpp08_armor_detector/cpp08_armor_detector/msg/detail/armor_target__rosidl_typesupport_fastrtps_c.h
-- Installing: /home/hzy/ArmorDetector/cpp08_armor_detector/install/cpp08_armor_detector/lib/libcpp08_armor_detector__rosidl_typesupport_fastrtps_c.so
-- Set runtime path of "/home/hzy/ArmorDetector/cpp08_armor_detector/install/cpp08_armor_detector/lib/libcpp08_armor_detector__rosidl_typesupport_fastrtps_c.so" to ""
-- Up-to-date: /home/hzy/ArmorDetector/cpp08_armor_detector/install/cpp08_armor_detector/include/cpp08_armor_detector/cpp08_armor_detector
-- Up-to-date: /home/hzy/ArmorDetector/cpp08_armor_detector/install/cpp08_armor_detector/include/cpp08_armor_detector/cpp08_armor_detector/msg
-- Installing: /home/hzy/ArmorDetector/cpp08_armor_detector/install/cpp08_armor_detector/include/cpp08_armor_detector/cpp08_armor_detector/msg/armor_target.hpp
-- Installing: /home/hzy/ArmorDetector/cpp08_armor_detector/install/cpp08_armor_detector/include/cpp08_armor_detector/cpp08_armor_detector/msg/rosidl_generator_cpp__visibility_control.hpp
-- Up-to-date: /home/hzy/ArmorDetector/cpp08_armor_detector/install/cpp08_armor_detector/include/cpp08_armor_detector/cpp08_armor_detector/msg/detail
-- Installing: /home/hzy/ArmorDetector/cpp08_armor_detector/install/cpp08_armor_detector/include/cpp08_armor_detector/cpp08_armor_detector/msg/detail/armor_target__traits.hpp
-- Installing: /home/hzy/ArmorDetector/cpp08_armor_detector/install/cpp08_armor_detector/include/cpp08_armor_detector/cpp08_armor_detector/msg/detail/armor_target__builder.hpp
-- Installing: /home/hzy/ArmorDetector/cpp08_armor_detector/install/cpp08_armor_detector/include/cpp08_armor_detector/cpp08_armor_detector/msg/detail/armor_target__type_support.hpp
-- Installing: /home/hzy/ArmorDetector/cpp08_armor_detector/install/cpp08_armor_detector/include/cpp08_armor_detector/cpp08_armor_detector/msg/detail/armor_target__struct.hpp
-- Up-to-date: /home/hzy/ArmorDetector/cpp08_armor_detector/install/cpp08_armor_detector/include/cpp08_armor_detector/cpp08_armor_detector
-- Up-to-date: /home/hzy/ArmorDetector/cpp08_armor_detector/install/cpp08_armor_detector/include/cpp08_armor_detector/cpp08_armor_detector/msg
-- Installing: /home/hzy/ArmorDetector/cpp08_armor_detector/install/cpp08_armor_detector/include/cpp08_armor_detector/cpp08_armor_detector/msg/rosidl_typesupport_fastrtps_cpp__visibility_control.h
-- Up-to-date: /home/hzy/ArmorDetector/cpp08_armor_detector/install/cpp08_armor_detector/include/cpp08_armor_detector/cpp08_armor_detector/msg/detail
-- Installing: /home/hzy/ArmorDetector/cpp08_armor_detector/install/cpp08_armor_detector/include/cpp08_armor_detector/cpp08_armor_detector/msg/detail/armor_target__rosidl_typesupport_fastrtps_cpp.hpp
-- Installing: /home/hzy/ArmorDetector/cpp08_armor_detector/install/cpp08_armor_detector/include/cpp08_armor_detector/cpp08_armor_detector/msg/detail/dds_fastrtps
-- Installing: /home/hzy/ArmorDetector/cpp08_armor_detector/install/cpp08_armor_detector/lib/libcpp08_armor_detector__rosidl_typesupport_fastrtps_cpp.so
-- Set runtime path of "/home/hzy/ArmorDetector/cpp08_armor_detector/install/cpp08_armor_detector/lib/libcpp08_armor_detector__rosidl_typesupport_fastrtps_cpp.so" to ""
-- Up-to-date: /home/hzy/ArmorDetector/cpp08_armor_detector/install/cpp08_armor_detector/include/cpp08_armor_detector/cpp08_armor_detector
-- Up-to-date: /home/hzy/ArmorDetector/cpp08_armor_detector/install/cpp08_armor_detector/include/cpp08_armor_detector/cpp08_armor_detector/msg
-- Installing: /home/hzy/ArmorDetector/cpp08_armor_detector/install/cpp08_armor_detector/include/cpp08_armor_detector/cpp08_armor_detector/msg/rosidl_typesupport_introspection_c__visibility_control.h
-- Up-to-date: /home/hzy/ArmorDetector/cpp08_armor_detector/install/cpp08_armor_detector/include/cpp08_armor_detector/cpp08_armor_detector/msg/detail
-- Installing: /home/hzy/ArmorDetector/cpp08_armor_detector/install/cpp08_armor_detector/include/cpp08_armor_detector/cpp08_armor_detector/msg/detail/armor_target__rosidl_typesupport_introspection_c.h
-- Installing: /home/hzy/ArmorDetector/cpp08_armor_detector/install/cpp08_armor_detector/include/cpp08_armor_detector/cpp08_armor_detector/msg/detail/armor_target__type_support.c
-- Installing: /home/hzy/ArmorDetector/cpp08_armor_detector/install/cpp08_armor_detector/lib/libcpp08_armor_detector__rosidl_typesupport_introspection_c.so
-- Set runtime path of "/home/hzy/ArmorDetector/cpp08_armor_detector/install/cpp08_armor_detector/lib/libcpp08_armor_detector__rosidl_typesupport_introspection_c.so" to ""
-- Installing: /home/hzy/ArmorDetector/cpp08_armor_detector/install/cpp08_armor_detector/lib/libcpp08_armor_detector__rosidl_typesupport_c.so
-- Set runtime path of "/home/hzy/ArmorDetector/cpp08_armor_detector/install/cpp08_armor_detector/lib/libcpp08_armor_detector__rosidl_typesupport_c.so" to ""
-- Up-to-date: /home/hzy/ArmorDetector/cpp08_armor_detector/install/cpp08_armor_detector/include/cpp08_armor_detector/cpp08_armor_detector
-- Up-to-date: /home/hzy/ArmorDetector/cpp08_armor_detector/install/cpp08_armor_detector/include/cpp08_armor_detector/cpp08_armor_detector/msg
-- Up-to-date: /home/hzy/ArmorDetector/cpp08_armor_detector/install/cpp08_armor_detector/include/cpp08_armor_detector/cpp08_armor_detector/msg/detail
-- Installing: /home/hzy/ArmorDetector/cpp08_armor_detector/install/cpp08_armor_detector/include/cpp08_armor_detector/cpp08_armor_detector/msg/detail/armor_target__type_support.cpp
-- Installing: /home/hzy/ArmorDetector/cpp08_armor_detector/install/cpp08_armor_detector/include/cpp08_armor_detector/cpp08_armor_detector/msg/detail/armor_target__rosidl_typesupport_introspection_cpp.hpp
-- Installing: /home/hzy/ArmorDetector/cpp08_armor_detector/install/cpp08_armor_detector/lib/libcpp08_armor_detector__rosidl_typesupport_introspection_cpp.so
-- Set runtime path of "/home/hzy/ArmorDetector/cpp08_armor_detector/install/cpp08_armor_detector/lib/libcpp08_armor_detector__rosidl_typesupport_introspection_cpp.so" to ""
-- Installing: /home/hzy/ArmorDetector/cpp08_armor_detector/install/cpp08_armor_detector/lib/libcpp08_armor_detector__rosidl_typesupport_cpp.so
-- Set runtime path of "/home/hzy/ArmorDetector/cpp08_armor_detector/install/cpp08_armor_detector/lib/libcpp08_armor_detector__rosidl_typesupport_cpp.so" to ""
-- Installing: /home/hzy/ArmorDetector/cpp08_armor_detector/install/cpp08_armor_detector/share/cpp08_armor_detector/environment/pythonpath.sh
-- Installing: /home/hzy/ArmorDetector/cpp08_armor_detector/install/cpp08_armor_detector/share/cpp08_armor_detector/environment/pythonpath.dsv
-- Installing: /home/hzy/ArmorDetector/cpp08_armor_detector/install/cpp08_armor_detector/local/lib/python3.10/dist-packages/cpp08_armor_detector-0.0.0-py3.10.egg-info
-- Installing: /home/hzy/ArmorDetector/cpp08_armor_detector/install/cpp08_armor_detector/local/lib/python3.10/dist-packages/cpp08_armor_detector-0.0.0-py3.10.egg-info/SOURCES.txt
-- Installing: /home/hzy/ArmorDetector/cpp08_armor_detector/install/cpp08_armor_detector/local/lib/python3.10/dist-packages/cpp08_armor_detector-0.0.0-py3.10.egg-info/top_level.txt
-- Installing: /home/hzy/ArmorDetector/cpp08_armor_detector/install/cpp08_armor_detector/local/lib/python3.10/dist-packages/cpp08_armor_detector-0.0.0-py3.10.egg-info/dependency_links.txt
-- Installing: /home/hzy/ArmorDetector/cpp08_armor_detector/install/cpp08_armor_detector/local/lib/python3.10/dist-packages/cpp08_armor_detector-0.0.0-py3.10.egg-info/PKG-INFO
-- Installing: /home/hzy/ArmorDetector/cpp08_armor_detector/install/cpp08_armor_detector/local/lib/python3.10/dist-packages/cpp08_armor_detector
-- Installing: /home/hzy/ArmorDetector/cpp08_armor_detector/install/cpp08_armor_detector/local/lib/python3.10/dist-packages/cpp08_armor_detector/cpp08_armor_detector_s__rosidl_typesupport_c.cpython-310-x86_64-linux-gnu.so
-- Installing: /home/hzy/ArmorDetector/cpp08_armor_detector/install/cpp08_armor_detector/local/lib/python3.10/dist-packages/cpp08_armor_detector/_cpp08_armor_detector_s.ep.rosidl_typesupport_fastrtps_c.c
-- Installing: /home/hzy/ArmorDetector/cpp08_armor_detector/install/cpp08_armor_detector/local/lib/python3.10/dist-packages/cpp08_armor_detector/_cpp08_armor_detector_s.ep.rosidl_typesupport_introspection_c.c
-- Installing: /home/hzy/ArmorDetector/cpp08_armor_detector/install/cpp08_armor_detector/local/lib/python3.10/dist-packages/cpp08_armor_detector/__init__.py
-- Installing: /home/hzy/ArmorDetector/cpp08_armor_detector/install/cpp08_armor_detector/local/lib/python3.10/dist-packages/cpp08_armor_detector/cpp08_armor_detector_s__rosidl_typesupport_fastrtps_c.cpython-310-x86_64-linux-gnu.so
-- Installing: /home/hzy/ArmorDetector/cpp08_armor_detector/install/cpp08_armor_detector/local/lib/python3.10/dist-packages/cpp08_armor_detector/_cpp08_armor_detector_s.ep.rosidl_typesupport_c.c
-- Installing: /home/hzy/ArmorDetector/cpp08_armor_detector/install/cpp08_armor_detector/local/lib/python3.10/dist-packages/cpp08_armor_detector/msg
-- Installing: /home/hzy/ArmorDetector/cpp08_armor_detector/install/cpp08_armor_detector/local/lib/python3.10/dist-packages/cpp08_armor_detector/msg/__init__.py
-- Installing: /home/hzy/ArmorDetector/cpp08_armor_detector/install/cpp08_armor_detector/local/lib/python3.10/dist-packages/cpp08_armor_detector/msg/_armor_target.py
-- Installing: /home/hzy/ArmorDetector/cpp08_armor_detector/install/cpp08_armor_detector/local/lib/python3.10/dist-packages/cpp08_armor_detector/msg/_armor_target_s.c
-- Installing: /home/hzy/ArmorDetector/cpp08_armor_detector/install/cpp08_armor_detector/local/lib/python3.10/dist-packages/cpp08_armor_detector/cpp08_armor_detector_s__rosidl_typesupport_introspection_c.cpython-310-x86_64-linux-gnu.so
-- Installing: /home/hzy/ArmorDetector/cpp08_armor_detector/install/cpp08_armor_detector/local/lib/python3.10/dist-packages/cpp08_armor_detector/libcpp08_armor_detector__rosidl_generator_py.so
Listing '/home/hzy/ArmorDetector/cpp08_armor_detector/install/cpp08_armor_detector/local/lib/python3.10/dist-packages/cpp08_armor_detector'...
Compiling '/home/hzy/ArmorDetector/cpp08_armor_detector/install/cpp08_armor_detector/local/lib/python3.10/dist-packages/cpp08_armor_detector/__init__.py'...
Listing '/home/hzy/ArmorDetector/cpp08_armor_detector/install/cpp08_armor_detector/local/lib/python3.10/dist-packages/cpp08_armor_detector/msg'...
Compiling '/home/hzy/ArmorDetector/cpp08_armor_detector/install/cpp08_armor_detector/local/lib/python3.10/dist-packages/cpp08_armor_detector/msg/__init__.py'...
Compiling '/home/hzy/ArmorDetector/cpp08_armor_detector/install/cpp08_armor_detector/local/lib/python3.10/dist-packages/cpp08_armor_detector/msg/_armor_target.py'...
-- Installing: /home/hzy/ArmorDetector/cpp08_armor_detector/install/cpp08_armor_detector/local/lib/python3.10/dist-packages/cpp08_armor_detector/cpp08_armor_detector_s__rosidl_typesupport_fastrtps_c.cpython-310-x86_64-linux-gnu.so
-- Set runtime path of "/home/hzy/ArmorDetector/cpp08_armor_detector/install/cpp08_armor_detector/local/lib/python3.10/dist-packages/cpp08_armor_detector/cpp08_armor_detector_s__rosidl_typesupport_fastrtps_c.cpython-310-x86_64-linux-gnu.so" to ""
-- Installing: /home/hzy/ArmorDetector/cpp08_armor_detector/install/cpp08_armor_detector/local/lib/python3.10/dist-packages/cpp08_armor_detector/cpp08_armor_detector_s__rosidl_typesupport_introspection_c.cpython-310-x86_64-linux-gnu.so
-- Set runtime path of "/home/hzy/ArmorDetector/cpp08_armor_detector/install/cpp08_armor_detector/local/lib/python3.10/dist-packages/cpp08_armor_detector/cpp08_armor_detector_s__rosidl_typesupport_introspection_c.cpython-310-x86_64-linux-gnu.so" to ""
-- Installing: /home/hzy/ArmorDetector/cpp08_armor_detector/install/cpp08_armor_detector/local/lib/python3.10/dist-packages/cpp08_armor_detector/cpp08_armor_detector_s__rosidl_typesupport_c.cpython-310-x86_64-linux-gnu.so
-- Set runtime path of "/home/hzy/ArmorDetector/cpp08_armor_detector/install/cpp08_armor_detector/local/lib/python3.10/dist-packages/cpp08_armor_detector/cpp08_armor_detector_s__rosidl_typesupport_c.cpython-310-x86_64-linux-gnu.so" to ""
-- Installing: /home/hzy/ArmorDetector/cpp08_armor_detector/install/cpp08_armor_detector/lib/libcpp08_armor_detector__rosidl_generator_py.so
-- Set runtime path of "/home/hzy/ArmorDetector/cpp08_armor_detector/install/cpp08_armor_detector/lib/libcpp08_armor_detector__rosidl_generator_py.so" to ""
-- Installing: /home/hzy/ArmorDetector/cpp08_armor_detector/install/cpp08_armor_detector/share/cpp08_armor_detector/msg/ArmorTarget.idl
-- Installing: /home/hzy/ArmorDetector/cpp08_armor_detector/install/cpp08_armor_detector/share/cpp08_armor_detector/msg/ArmorTarget.msg
-- Installing: /home/hzy/ArmorDetector/cpp08_armor_detector/install/cpp08_armor_detector/lib/cpp08_armor_detector/camera_node
-- Set runtime path of "/home/hzy/ArmorDetector/cpp08_armor_detector/install/cpp08_armor_detector/lib/cpp08_armor_detector/camera_node" to ""
-- Installing: /home/hzy/ArmorDetector/cpp08_armor_detector/install/cpp08_armor_detector/lib/cpp08_armor_detector/detect_node
-- Set runtime path of "/home/hzy/ArmorDetector/cpp08_armor_detector/install/cpp08_armor_detector/lib/cpp08_armor_detector/detect_node" to ""
-- Installing: /home/hzy/ArmorDetector/cpp08_armor_detector/install/cpp08_armor_detector/share/cpp08_armor_detector/launch
-- Installing: /home/hzy/ArmorDetector/cpp08_armor_detector/install/cpp08_armor_detector/share/cpp08_armor_detector/launch/armor_launch.py
-- Installing: /home/hzy/ArmorDetector/cpp08_armor_detector/install/cpp08_armor_detector/share/ament_index/resource_index/package_run_dependencies/cpp08_armor_detector
-- Installing: /home/hzy/ArmorDetector/cpp08_armor_detector/install/cpp08_armor_detector/share/ament_index/resource_index/parent_prefix_path/cpp08_armor_detector
-- Installing: /home/hzy/ArmorDetector/cpp08_armor_detector/install/cpp08_armor_detector/share/cpp08_armor_detector/environment/ament_prefix_path.sh
-- Installing: /home/hzy/ArmorDetector/cpp08_armor_detector/install/cpp08_armor_detector/share/cpp08_armor_detector/environment/ament_prefix_path.dsv
-- Installing: /home/hzy/ArmorDetector/cpp08_armor_detector/install/cpp08_armor_detector/share/cpp08_armor_detector/environment/path.sh
-- Installing: /home/hzy/ArmorDetector/cpp08_armor_detector/install/cpp08_armor_detector/share/cpp08_armor_detector/environment/path.dsv
-- Installing: /home/hzy/ArmorDetector/cpp08_armor_detector/install/cpp08_armor_detector/share/cpp08_armor_detector/local_setup.bash
-- Installing: /home/hzy/ArmorDetector/cpp08_armor_detector/install/cpp08_armor_detector/share/cpp08_armor_detector/local_setup.sh
-- Installing: /home/hzy/ArmorDetector/cpp08_armor_detector/install/cpp08_armor_detector/share/cpp08_armor_detector/local_setup.zsh
-- Installing: /home/hzy/ArmorDetector/cpp08_armor_detector/install/cpp08_armor_detector/share/cpp08_armor_detector/local_setup.dsv
-- Installing: /home/hzy/ArmorDetector/cpp08_armor_detector/install/cpp08_armor_detector/share/cpp08_armor_detector/package.dsv
-- Installing: /home/hzy/ArmorDetector/cpp08_armor_detector/install/cpp08_armor_detector/share/ament_index/resource_index/packages/cpp08_armor_detector
-- Installing: /home/hzy/ArmorDetector/cpp08_armor_detector/install/cpp08_armor_detector/share/cpp08_armor_detector/cmake/export_cpp08_armor_detector__rosidl_generator_cExport.cmake
-- Installing: /home/hzy/ArmorDetector/cpp08_armor_detector/install/cpp08_armor_detector/share/cpp08_armor_detector/cmake/export_cpp08_armor_detector__rosidl_generator_cExport-noconfig.cmake
-- Installing: /home/hzy/ArmorDetector/cpp08_armor_detector/install/cpp08_armor_detector/share/cpp08_armor_detector/cmake/export_cpp08_armor_detector__rosidl_typesupport_fastrtps_cExport.cmake
-- Installing: /home/hzy/ArmorDetector/cpp08_armor_detector/install/cpp08_armor_detector/share/cpp08_armor_detector/cmake/export_cpp08_armor_detector__rosidl_typesupport_fastrtps_cExport-noconfig.cmake
-- Installing: /home/hzy/ArmorDetector/cpp08_armor_detector/install/cpp08_armor_detector/share/cpp08_armor_detector/cmake/export_cpp08_armor_detector__rosidl_generator_cppExport.cmake
-- Installing: /home/hzy/ArmorDetector/cpp08_armor_detector/install/cpp08_armor_detector/share/cpp08_armor_detector/cmake/export_cpp08_armor_detector__rosidl_typesupport_fastrtps_cppExport.cmake
-- Installing: /home/hzy/ArmorDetector/cpp08_armor_detector/install/cpp08_armor_detector/share/cpp08_armor_detector/cmake/export_cpp08_armor_detector__rosidl_typesupport_fastrtps_cppExport-noconfig.cmake
-- Installing: /home/hzy/ArmorDetector/cpp08_armor_detector/install/cpp08_armor_detector/share/cpp08_armor_detector/cmake/cpp08_armor_detector__rosidl_typesupport_introspection_cExport.cmake
-- Installing: /home/hzy/ArmorDetector/cpp08_armor_detector/install/cpp08_armor_detector/share/cpp08_armor_detector/cmake/cpp08_armor_detector__rosidl_typesupport_introspection_cExport-noconfig.cmake
-- Installing: /home/hzy/ArmorDetector/cpp08_armor_detector/install/cpp08_armor_detector/share/cpp08_armor_detector/cmake/cpp08_armor_detector__rosidl_typesupport_cExport.cmake
-- Installing: /home/hzy/ArmorDetector/cpp08_armor_detector/install/cpp08_armor_detector/share/cpp08_armor_detector/cmake/cpp08_armor_detector__rosidl_typesupport_cExport-noconfig.cmake
-- Installing: /home/hzy/ArmorDetector/cpp08_armor_detector/install/cpp08_armor_detector/share/cpp08_armor_detector/cmake/cpp08_armor_detector__rosidl_typesupport_introspection_cppExport.cmake
-- Installing: /home/hzy/ArmorDetector/cpp08_armor_detector/install/cpp08_armor_detector/share/cpp08_armor_detector/cmake/cpp08_armor_detector__rosidl_typesupport_introspection_cppExport-noconfig.cmake
-- Installing: /home/hzy/ArmorDetector/cpp08_armor_detector/install/cpp08_armor_detector/share/cpp08_armor_detector/cmake/cpp08_armor_detector__rosidl_typesupport_cppExport.cmake
-- Installing: /home/hzy/ArmorDetector/cpp08_armor_detector/install/cpp08_armor_detector/share/cpp08_armor_detector/cmake/cpp08_armor_detector__rosidl_typesupport_cppExport-noconfig.cmake
-- Installing: /home/hzy/ArmorDetector/cpp08_armor_detector/install/cpp08_armor_detector/share/cpp08_armor_detector/cmake/export_cpp08_armor_detector__rosidl_generator_pyExport.cmake
-- Installing: /home/hzy/ArmorDetector/cpp08_armor_detector/install/cpp08_armor_detector/share/cpp08_armor_detector/cmake/export_cpp08_armor_detector__rosidl_generator_pyExport-noconfig.cmake
-- Installing: /home/hzy/ArmorDetector/cpp08_armor_detector/install/cpp08_armor_detector/share/cpp08_armor_detector/cmake/rosidl_cmake-extras.cmake
-- Installing: /home/hzy/ArmorDetector/cpp08_armor_detector/install/cpp08_armor_detector/share/cpp08_armor_detector/cmake/ament_cmake_export_dependencies-extras.cmake
-- Installing: /home/hzy/ArmorDetector/cpp08_armor_detector/install/cpp08_armor_detector/share/cpp08_armor_detector/cmake/ament_cmake_export_include_directories-extras.cmake
-- Installing: /home/hzy/ArmorDetector/cpp08_armor_detector/install/cpp08_armor_detector/share/cpp08_armor_detector/cmake/ament_cmake_export_libraries-extras.cmake
-- Installing: /home/hzy/ArmorDetector/cpp08_armor_detector/install/cpp08_armor_detector/share/cpp08_armor_detector/cmake/ament_cmake_export_targets-extras.cmake
-- Installing: /home/hzy/ArmorDetector/cpp08_armor_detector/install/cpp08_armor_detector/share/cpp08_armor_detector/cmake/rosidl_cmake_export_typesupport_targets-extras.cmake
-- Installing: /home/hzy/ArmorDetector/cpp08_armor_detector/install/cpp08_armor_detector/share/cpp08_armor_detector/cmake/rosidl_cmake_export_typesupport_libraries-extras.cmake
-- Installing: /home/hzy/ArmorDetector/cpp08_armor_detector/install/cpp08_armor_detector/share/cpp08_armor_detector/cmake/cpp08_armor_detectorConfig.cmake
-- Installing: /home/hzy/ArmorDetector/cpp08_armor_detector/install/cpp08_armor_detector/share/cpp08_armor_detector/cmake/cpp08_armor_detectorConfig-version.cmake
-- Installing: /home/hzy/ArmorDetector/cpp08_armor_detector/install/cpp08_armor_detector/share/cpp08_armor_detector/package.xml
