[0.006s] Invoking command in '/home/hzy/下载/camera/rm_vision_ros2_galaxy_camera-master/build/galaxy_camera': CMAKE_PREFIX_PATH=${CMAKE_PREFIX_PATH}:/opt/ros/humble /usr/bin/cmake /home/hzy/下载/camera/rm_vision_ros2_galaxy_camera-master -DCMAKE_INSTALL_PREFIX=/home/hzy/下载/camera/rm_vision_ros2_galaxy_camera-master/install/galaxy_camera
[0.041s] -- The C compiler identification is GNU 11.4.0
[0.072s] -- The CXX compiler identification is GNU 11.4.0
[0.077s] -- Detecting C compiler ABI info
[0.121s] -- Detecting C compiler ABI info - done
[0.125s] -- Check for working C compiler: /usr/bin/cc - skipped
[0.125s] -- Detecting C compile features
[0.125s] -- Detecting C compile features - done
[0.127s] -- Detecting CXX compiler ABI info
[0.176s] -- Detecting CXX compiler ABI info - done
[0.179s] -- Check for working CXX compiler: /usr/bin/c++ - skipped
[0.180s] -- Detecting CXX compile features
[0.180s] -- Detecting CXX compile features - done
[0.183s] -- Found ament_cmake_auto: 1.3.14 (/opt/ros/humble/share/ament_cmake_auto/cmake)
[0.270s] -- Found Python3: /usr/bin/python3 (found version "3.10.12") found components: Interpreter 
[0.381s] -- Found rosidl_generator_c: 3.1.8 (/opt/ros/humble/share/rosidl_generator_c/cmake)
[0.384s] -- Found rosidl_adapter: 3.1.8 (/opt/ros/humble/share/rosidl_adapter/cmake)
[0.388s] -- Found rosidl_generator_cpp: 3.1.8 (/opt/ros/humble/share/rosidl_generator_cpp/cmake)
[0.396s] -- Using all available rosidl_typesupport_c: rosidl_typesupport_fastrtps_c;rosidl_typesupport_introspection_c
[0.404s] -- Using all available rosidl_typesupport_cpp: rosidl_typesupport_fastrtps_cpp;rosidl_typesupport_introspection_cpp
[0.429s] -- Found rmw_implementation_cmake: 6.1.2 (/opt/ros/humble/share/rmw_implementation_cmake/cmake)
[0.430s] -- Found rmw_fastrtps_cpp: 6.2.10 (/opt/ros/humble/share/rmw_fastrtps_cpp/cmake)
[0.494s] -- Found OpenSSL: /usr/lib/x86_64-linux-gnu/libcrypto.so (found version "3.0.2")  
[0.511s] -- Found FastRTPS: /opt/ros/humble/include  
[0.536s] -- Using RMW implementation 'rmw_fastrtps_cpp' as default
[0.541s] -- Looking for pthread.h
[0.587s] -- Looking for pthread.h - found
[0.587s] -- Performing Test CMAKE_HAVE_LIBC_PTHREAD
[0.633s] -- Performing Test CMAKE_HAVE_LIBC_PTHREAD - Success
[0.633s] -- Found Threads: TRUE  
[0.722s] -- Found ament_lint_auto: 0.12.15 (/opt/ros/humble/share/ament_lint_auto/cmake)
[0.737s] -- Added test 'cppcheck' to perform static code analysis on C / C++ code
[0.737s] -- Configured cppcheck include dirs: /home/hzy/下载/camera/rm_vision_ros2_galaxy_camera-master/GalaxySDK/include
[0.737s] -- Configured cppcheck exclude dirs and/or files: 
[0.738s] -- Added test 'flake8' to check Python code syntax and style conventions
[0.739s] -- Added test 'lint_cmake' to check CMake code style
[0.740s] -- Added test 'pep257' to check Python code against some of the docstring style conventions in PEP 257
[0.740s] -- Added test 'xmllint' to check XML markup files
[0.742s] -- Configuring done
[0.750s] -- Generating done
[0.753s] -- Build files have been written to: /home/hzy/下载/camera/rm_vision_ros2_galaxy_camera-master/build/galaxy_camera
[0.759s] Invoked command in '/home/hzy/下载/camera/rm_vision_ros2_galaxy_camera-master/build/galaxy_camera' returned '0': CMAKE_PREFIX_PATH=${CMAKE_PREFIX_PATH}:/opt/ros/humble /usr/bin/cmake /home/hzy/下载/camera/rm_vision_ros2_galaxy_camera-master -DCMAKE_INSTALL_PREFIX=/home/hzy/下载/camera/rm_vision_ros2_galaxy_camera-master/install/galaxy_camera
[0.760s] Invoking command in '/home/hzy/下载/camera/rm_vision_ros2_galaxy_camera-master/build/galaxy_camera': CMAKE_PREFIX_PATH=${CMAKE_PREFIX_PATH}:/opt/ros/humble /usr/bin/cmake --build /home/hzy/下载/camera/rm_vision_ros2_galaxy_camera-master/build/galaxy_camera -- -j32 -l32
[0.792s] [ 25%] [32mBuilding CXX object CMakeFiles/galaxy_camera.dir/src/galaxy_camera_node.cpp.o[0m
[0.793s] [ 50%] [32mBuilding CXX object CMakeFiles/galaxy_camera_node.dir/rclcpp_components/node_main_galaxy_camera_node.cpp.o[0m
[2.462s] [ 75%] [32m[1mLinking CXX executable galaxy_camera_node[0m
[2.526s] [ 75%] Built target galaxy_camera_node
[2.645s] [100%] [32m[1mLinking CXX shared library libgalaxy_camera.so[0m
[2.729s] [100%] Built target galaxy_camera
[2.736s] Invoked command in '/home/hzy/下载/camera/rm_vision_ros2_galaxy_camera-master/build/galaxy_camera' returned '0': CMAKE_PREFIX_PATH=${CMAKE_PREFIX_PATH}:/opt/ros/humble /usr/bin/cmake --build /home/hzy/下载/camera/rm_vision_ros2_galaxy_camera-master/build/galaxy_camera -- -j32 -l32
[2.742s] Invoking command in '/home/hzy/下载/camera/rm_vision_ros2_galaxy_camera-master/build/galaxy_camera': CMAKE_PREFIX_PATH=${CMAKE_PREFIX_PATH}:/opt/ros/humble /usr/bin/cmake --install /home/hzy/下载/camera/rm_vision_ros2_galaxy_camera-master/build/galaxy_camera
[2.748s] -- Install configuration: ""
[2.748s] -- Installing: /home/hzy/下载/camera/rm_vision_ros2_galaxy_camera-master/install/galaxy_camera/lib
[2.748s] -- Installing: /home/hzy/下载/camera/rm_vision_ros2_galaxy_camera-master/install/galaxy_camera/lib/libgxiapi.so
[2.758s] -- Installing: /home/hzy/下载/camera/rm_vision_ros2_galaxy_camera-master/install/galaxy_camera/lib/GxU3VTL.cti
[2.760s] -- Installing: /home/hzy/下载/camera/rm_vision_ros2_galaxy_camera-master/install/galaxy_camera/lib/bc4b08373788f18282ff1e747a98dd6c21a8b629.cache
[2.760s] -- Installing: /home/hzy/下载/camera/rm_vision_ros2_galaxy_camera-master/install/galaxy_camera/lib/GxGVTL.cti
[2.763s] -- Installing: /home/hzy/下载/camera/rm_vision_ros2_galaxy_camera-master/install/galaxy_camera/lib/galaxy_camera/galaxy_camera_node
[2.763s] -- Set runtime path of "/home/hzy/下载/camera/rm_vision_ros2_galaxy_camera-master/install/galaxy_camera/lib/galaxy_camera/galaxy_camera_node" to ""
[2.763s] -- Installing: /home/hzy/下载/camera/rm_vision_ros2_galaxy_camera-master/install/galaxy_camera/share/galaxy_camera/environment/library_path.sh
[2.763s] -- Installing: /home/hzy/下载/camera/rm_vision_ros2_galaxy_camera-master/install/galaxy_camera/share/galaxy_camera/environment/library_path.dsv
[2.763s] -- Installing: /home/hzy/下载/camera/rm_vision_ros2_galaxy_camera-master/install/galaxy_camera/lib/libgalaxy_camera.so
[2.764s] -- Set runtime path of "/home/hzy/下载/camera/rm_vision_ros2_galaxy_camera-master/install/galaxy_camera/lib/libgalaxy_camera.so" to ""
[2.764s] -- Installing: /home/hzy/下载/camera/rm_vision_ros2_galaxy_camera-master/install/galaxy_camera/share/galaxy_camera/config
[2.764s] -- Installing: /home/hzy/下载/camera/rm_vision_ros2_galaxy_camera-master/install/galaxy_camera/share/galaxy_camera/config/camera_params.yaml
[2.764s] -- Installing: /home/hzy/下载/camera/rm_vision_ros2_galaxy_camera-master/install/galaxy_camera/share/galaxy_camera/config/camera_info.yaml
[2.764s] -- Installing: /home/hzy/下载/camera/rm_vision_ros2_galaxy_camera-master/install/galaxy_camera/share/galaxy_camera/launch
[2.764s] -- Installing: /home/hzy/下载/camera/rm_vision_ros2_galaxy_camera-master/install/galaxy_camera/share/galaxy_camera/launch/galaxy_camera.launch.py
[2.765s] -- Installing: /home/hzy/下载/camera/rm_vision_ros2_galaxy_camera-master/install/galaxy_camera/share/ament_index/resource_index/package_run_dependencies/galaxy_camera
[2.765s] -- Installing: /home/hzy/下载/camera/rm_vision_ros2_galaxy_camera-master/install/galaxy_camera/share/ament_index/resource_index/parent_prefix_path/galaxy_camera
[2.765s] -- Installing: /home/hzy/下载/camera/rm_vision_ros2_galaxy_camera-master/install/galaxy_camera/share/galaxy_camera/environment/ament_prefix_path.sh
[2.765s] -- Installing: /home/hzy/下载/camera/rm_vision_ros2_galaxy_camera-master/install/galaxy_camera/share/galaxy_camera/environment/ament_prefix_path.dsv
[2.765s] -- Installing: /home/hzy/下载/camera/rm_vision_ros2_galaxy_camera-master/install/galaxy_camera/share/galaxy_camera/environment/path.sh
[2.765s] -- Installing: /home/hzy/下载/camera/rm_vision_ros2_galaxy_camera-master/install/galaxy_camera/share/galaxy_camera/environment/path.dsv
[2.765s] -- Installing: /home/hzy/下载/camera/rm_vision_ros2_galaxy_camera-master/install/galaxy_camera/share/galaxy_camera/local_setup.bash
[2.765s] -- Installing: /home/hzy/下载/camera/rm_vision_ros2_galaxy_camera-master/install/galaxy_camera/share/galaxy_camera/local_setup.sh
[2.765s] -- Installing: /home/hzy/下载/camera/rm_vision_ros2_galaxy_camera-master/install/galaxy_camera/share/galaxy_camera/local_setup.zsh
[2.765s] -- Installing: /home/hzy/下载/camera/rm_vision_ros2_galaxy_camera-master/install/galaxy_camera/share/galaxy_camera/local_setup.dsv
[2.765s] -- Installing: /home/hzy/下载/camera/rm_vision_ros2_galaxy_camera-master/install/galaxy_camera/share/galaxy_camera/package.dsv
[2.766s] -- Installing: /home/hzy/下载/camera/rm_vision_ros2_galaxy_camera-master/install/galaxy_camera/share/ament_index/resource_index/packages/galaxy_camera
[2.766s] -- Installing: /home/hzy/下载/camera/rm_vision_ros2_galaxy_camera-master/install/galaxy_camera/share/ament_index/resource_index/rclcpp_components/galaxy_camera
[2.766s] -- Installing: /home/hzy/下载/camera/rm_vision_ros2_galaxy_camera-master/install/galaxy_camera/share/galaxy_camera/cmake/ament_cmake_export_dependencies-extras.cmake
[2.766s] -- Installing: /home/hzy/下载/camera/rm_vision_ros2_galaxy_camera-master/install/galaxy_camera/share/galaxy_camera/cmake/ament_cmake_export_libraries-extras.cmake
[2.766s] -- Installing: /home/hzy/下载/camera/rm_vision_ros2_galaxy_camera-master/install/galaxy_camera/share/galaxy_camera/cmake/galaxy_cameraConfig.cmake
[2.766s] -- Installing: /home/hzy/下载/camera/rm_vision_ros2_galaxy_camera-master/install/galaxy_camera/share/galaxy_camera/cmake/galaxy_cameraConfig-version.cmake
[2.766s] -- Installing: /home/hzy/下载/camera/rm_vision_ros2_galaxy_camera-master/install/galaxy_camera/share/galaxy_camera/package.xml
[2.767s] Invoked command in '/home/hzy/下载/camera/rm_vision_ros2_galaxy_camera-master/build/galaxy_camera' returned '0': CMAKE_PREFIX_PATH=${CMAKE_PREFIX_PATH}:/opt/ros/humble /usr/bin/cmake --install /home/hzy/下载/camera/rm_vision_ros2_galaxy_camera-master/build/galaxy_camera
