[0.009s] Invoking command in '/home/hzy/ArmorDetector/build/galaxy_camera': CMAKE_PREFIX_PATH=${CMAKE_PREFIX_PATH}:/opt/ros/humble /usr/bin/cmake /home/hzy/ArmorDetector/src/rm_vision_ros2_galaxy_camera-master -DCMAKE_INSTALL_PREFIX=/home/hzy/ArmorDetector/install/galaxy_camera
[0.053s] -- The C compiler identification is GNU 11.4.0
[0.091s] -- The CXX compiler identification is GNU 11.4.0
[0.096s] -- Detecting C compiler ABI info
[0.147s] -- Detecting C compiler ABI info - done
[0.151s] -- Check for working C compiler: /usr/bin/cc - skipped
[0.151s] -- Detecting C compile features
[0.151s] -- Detecting C compile features - done
[0.153s] -- Detecting CXX compiler ABI info
[0.209s] -- Detecting CXX compiler ABI info - done
[0.213s] -- Check for working CXX compiler: /usr/bin/c++ - skipped
[0.213s] -- Detecting CXX compile features
[0.213s] -- Detecting CXX compile features - done
[0.215s] -- Found ament_cmake_auto: 1.3.14 (/opt/ros/humble/share/ament_cmake_auto/cmake)
[0.305s] -- Found Python3: /usr/bin/python3 (found version "3.10.12") found components: Interpreter 
[0.415s] -- Found rosidl_generator_c: 3.1.8 (/opt/ros/humble/share/rosidl_generator_c/cmake)
[0.418s] -- Found rosidl_adapter: 3.1.8 (/opt/ros/humble/share/rosidl_adapter/cmake)
[0.422s] -- Found rosidl_generator_cpp: 3.1.8 (/opt/ros/humble/share/rosidl_generator_cpp/cmake)
[0.429s] -- Using all available rosidl_typesupport_c: rosidl_typesupport_fastrtps_c;rosidl_typesupport_introspection_c
[0.438s] -- Using all available rosidl_typesupport_cpp: rosidl_typesupport_fastrtps_cpp;rosidl_typesupport_introspection_cpp
[0.462s] -- Found rmw_implementation_cmake: 6.1.2 (/opt/ros/humble/share/rmw_implementation_cmake/cmake)
[0.463s] -- Found rmw_fastrtps_cpp: 6.2.10 (/opt/ros/humble/share/rmw_fastrtps_cpp/cmake)
[0.524s] -- Found OpenSSL: /usr/lib/x86_64-linux-gnu/libcrypto.so (found version "3.0.2")  
[0.542s] -- Found FastRTPS: /opt/ros/humble/include  
[0.568s] -- Using RMW implementation 'rmw_fastrtps_cpp' as default
[0.573s] -- Looking for pthread.h
[0.625s] -- Looking for pthread.h - found
[0.625s] -- Performing Test CMAKE_HAVE_LIBC_PTHREAD
[0.678s] -- Performing Test CMAKE_HAVE_LIBC_PTHREAD - Success
[0.678s] -- Found Threads: TRUE  
[0.780s] -- Found ament_lint_auto: 0.12.15 (/opt/ros/humble/share/ament_lint_auto/cmake)
[0.805s] -- Added test 'cppcheck' to perform static code analysis on C / C++ code
[0.805s] -- Configured cppcheck include dirs: /home/hzy/ArmorDetector/src/rm_vision_ros2_galaxy_camera-master/GalaxySDK/include
[0.805s] -- Configured cppcheck exclude dirs and/or files: 
[0.807s] -- Added test 'flake8' to check Python code syntax and style conventions
[0.809s] -- Added test 'lint_cmake' to check CMake code style
[0.811s] -- Added test 'pep257' to check Python code against some of the docstring style conventions in PEP 257
[0.812s] -- Added test 'xmllint' to check XML markup files
[0.814s] -- Configuring done
[0.822s] -- Generating done
[0.825s] -- Build files have been written to: /home/hzy/ArmorDetector/build/galaxy_camera
[0.832s] Invoked command in '/home/hzy/ArmorDetector/build/galaxy_camera' returned '0': CMAKE_PREFIX_PATH=${CMAKE_PREFIX_PATH}:/opt/ros/humble /usr/bin/cmake /home/hzy/ArmorDetector/src/rm_vision_ros2_galaxy_camera-master -DCMAKE_INSTALL_PREFIX=/home/hzy/ArmorDetector/install/galaxy_camera
[0.833s] Invoking command in '/home/hzy/ArmorDetector/build/galaxy_camera': CMAKE_PREFIX_PATH=${CMAKE_PREFIX_PATH}:/opt/ros/humble /usr/bin/cmake --build /home/hzy/ArmorDetector/build/galaxy_camera -- -j32 -l32
[0.871s] [ 50%] [32mBuilding CXX object CMakeFiles/galaxy_camera_node.dir/rclcpp_components/node_main_galaxy_camera_node.cpp.o[0m
[0.871s] [ 50%] [32mBuilding CXX object CMakeFiles/galaxy_camera.dir/src/galaxy_camera_node.cpp.o[0m
[3.168s] [ 75%] [32m[1mLinking CXX executable galaxy_camera_node[0m
[3.269s] [ 75%] Built target galaxy_camera_node
[3.522s] [100%] [32m[1mLinking CXX shared library libgalaxy_camera.so[0m
[3.633s] [100%] Built target galaxy_camera
[3.644s] Invoked command in '/home/hzy/ArmorDetector/build/galaxy_camera' returned '0': CMAKE_PREFIX_PATH=${CMAKE_PREFIX_PATH}:/opt/ros/humble /usr/bin/cmake --build /home/hzy/ArmorDetector/build/galaxy_camera -- -j32 -l32
[3.645s] Invoking command in '/home/hzy/ArmorDetector/build/galaxy_camera': CMAKE_PREFIX_PATH=${CMAKE_PREFIX_PATH}:/opt/ros/humble /usr/bin/cmake --install /home/hzy/ArmorDetector/build/galaxy_camera
[3.652s] -- Install configuration: ""
[3.652s] -- Installing: /home/hzy/ArmorDetector/install/galaxy_camera/lib
[3.652s] -- Installing: /home/hzy/ArmorDetector/install/galaxy_camera/lib/libgxiapi.so
[3.660s] -- Installing: /home/hzy/ArmorDetector/install/galaxy_camera/lib/GxU3VTL.cti
[3.661s] -- Installing: /home/hzy/ArmorDetector/install/galaxy_camera/lib/bc4b08373788f18282ff1e747a98dd6c21a8b629.cache
[3.661s] -- Installing: /home/hzy/ArmorDetector/install/galaxy_camera/lib/GxGVTL.cti
[3.663s] -- Installing: /home/hzy/ArmorDetector/install/galaxy_camera/lib/galaxy_camera/galaxy_camera_node
[3.663s] -- Set runtime path of "/home/hzy/ArmorDetector/install/galaxy_camera/lib/galaxy_camera/galaxy_camera_node" to ""
[3.663s] -- Installing: /home/hzy/ArmorDetector/install/galaxy_camera/share/galaxy_camera/environment/library_path.sh
[3.663s] -- Installing: /home/hzy/ArmorDetector/install/galaxy_camera/share/galaxy_camera/environment/library_path.dsv
[3.664s] -- Installing: /home/hzy/ArmorDetector/install/galaxy_camera/lib/libgalaxy_camera.so
[3.664s] -- Set runtime path of "/home/hzy/ArmorDetector/install/galaxy_camera/lib/libgalaxy_camera.so" to ""
[3.664s] -- Installing: /home/hzy/ArmorDetector/install/galaxy_camera/share/galaxy_camera/config
[3.664s] -- Installing: /home/hzy/ArmorDetector/install/galaxy_camera/share/galaxy_camera/config/camera_params.yaml
[3.664s] -- Installing: /home/hzy/ArmorDetector/install/galaxy_camera/share/galaxy_camera/config/camera_info.yaml
[3.664s] -- Installing: /home/hzy/ArmorDetector/install/galaxy_camera/share/galaxy_camera/launch
[3.665s] -- Installing: /home/hzy/ArmorDetector/install/galaxy_camera/share/galaxy_camera/launch/galaxy_camera.launch.py
[3.665s] -- Installing: /home/hzy/ArmorDetector/install/galaxy_camera/share/ament_index/resource_index/package_run_dependencies/galaxy_camera
[3.665s] -- Installing: /home/hzy/ArmorDetector/install/galaxy_camera/share/ament_index/resource_index/parent_prefix_path/galaxy_camera
[3.665s] -- Installing: /home/hzy/ArmorDetector/install/galaxy_camera/share/galaxy_camera/environment/ament_prefix_path.sh
[3.665s] -- Installing: /home/hzy/ArmorDetector/install/galaxy_camera/share/galaxy_camera/environment/ament_prefix_path.dsv
[3.665s] -- Installing: /home/hzy/ArmorDetector/install/galaxy_camera/share/galaxy_camera/environment/path.sh
[3.665s] -- Installing: /home/hzy/ArmorDetector/install/galaxy_camera/share/galaxy_camera/environment/path.dsv
[3.665s] -- Installing: /home/hzy/ArmorDetector/install/galaxy_camera/share/galaxy_camera/local_setup.bash
[3.665s] -- Installing: /home/hzy/ArmorDetector/install/galaxy_camera/share/galaxy_camera/local_setup.sh
[3.665s] -- Installing: /home/hzy/ArmorDetector/install/galaxy_camera/share/galaxy_camera/local_setup.zsh
[3.666s] -- Installing: /home/hzy/ArmorDetector/install/galaxy_camera/share/galaxy_camera/local_setup.dsv
[3.666s] -- Installing: /home/hzy/ArmorDetector/install/galaxy_camera/share/galaxy_camera/package.dsv
[3.666s] -- Installing: /home/hzy/ArmorDetector/install/galaxy_camera/share/ament_index/resource_index/packages/galaxy_camera
[3.666s] -- Installing: /home/hzy/ArmorDetector/install/galaxy_camera/share/ament_index/resource_index/rclcpp_components/galaxy_camera
[3.666s] -- Installing: /home/hzy/ArmorDetector/install/galaxy_camera/share/galaxy_camera/cmake/ament_cmake_export_dependencies-extras.cmake
[3.666s] -- Installing: /home/hzy/ArmorDetector/install/galaxy_camera/share/galaxy_camera/cmake/ament_cmake_export_libraries-extras.cmake
[3.666s] -- Installing: /home/hzy/ArmorDetector/install/galaxy_camera/share/galaxy_camera/cmake/galaxy_cameraConfig.cmake
[3.666s] -- Installing: /home/hzy/ArmorDetector/install/galaxy_camera/share/galaxy_camera/cmake/galaxy_cameraConfig-version.cmake
[3.666s] -- Installing: /home/hzy/ArmorDetector/install/galaxy_camera/share/galaxy_camera/package.xml
[3.668s] Invoked command in '/home/hzy/ArmorDetector/build/galaxy_camera' returned '0': CMAKE_PREFIX_PATH=${CMAKE_PREFIX_PATH}:/opt/ros/humble /usr/bin/cmake --install /home/hzy/ArmorDetector/build/galaxy_camera
